Using MPI version 3.1, 1 processes
-----------
Initializing structure...
Padding y to even number of grid points.
Halving computational cell along direction y
time for choose_chunkdivision = 0.00167727 s
Working in 3D dimensions.
Computational cell is 15.1 x 15.1 x 4.32 with resolution 50
     cylinder, center = (0,0,0)
          radius 6, height 0.22, axis (0, 0, 1)
          dielectric constant epsilon diagonal = (1,1,1)
     cylinder, center = (0,0,0)
          radius 5.5, height 0.22, axis (0, 0, 1)
          dielectric constant epsilon diagonal = (1,1,1)
     cylinder, center = (0,0,0)
          radius 5, height 0.22, axis (0, 0, 1)
          dielectric constant epsilon diagonal = (1,1,1)
     cylinder, center = (0,0,0)
          radius 4.5, height 0.22, axis (0, 0, 1)
          dielectric constant epsilon diagonal = (1,1,1)
     cylinder, center = (0,0,0)
          radius 4, height 0.22, axis (0, 0, 1)
          dielectric constant epsilon diagonal = (1,1,1)
     cylinder, center = (0,0,0)
          radius 3.5, height 0.22, axis (0, 0, 1)
          dielectric constant epsilon diagonal = (1,1,1)
     cylinder, center = (0,0,0)
          radius 3, height 0.22, axis (0, 0, 1)
          dielectric constant epsilon diagonal = (1,1,1)
     cylinder, center = (0,0,0)
          radius 2.5, height 0.22, axis (0, 0, 1)
          dielectric constant epsilon diagonal = (1,1,1)
     cylinder, center = (0,0,0)
          radius 2, height 0.22, axis (0, 0, 1)
          dielectric constant epsilon diagonal = (1,1,1)
     cylinder, center = (0,0,0)
          radius 1.5, height 0.22, axis (0, 0, 1)
          dielectric constant epsilon diagonal = (1,1,1)
     ...(+ 10 objects not shown)...
time for set_epsilon = 42.3904 s
lorentzian susceptibility: frequency=9.89653, gamma=0
lorentzian susceptibility: frequency=0.1, gamma=0
lorentzian susceptibility: frequency=9.97083, gamma=0
lorentzian susceptibility: frequency=0.000905797, gamma=0
lorentzian susceptibility: frequency=0.88125, gamma=0
lorentzian susceptibility: frequency=3.31657, gamma=0
-----------
estimated costs per process: 86577.9
estimated cost mean = 86577.9, stddev = 0
KPOINT: 1.5, 0, 0
    near maximum in trace
    iteration    1: trace = 3.561074589869019 (189.517% change)
    iteration    2: trace = 0.5643913450204082 (145.277% change)
    iteration    3: trace = 0.4363357419344349 (25.5925% change)
    iteration    4: trace = 0.4191244993908087 (4.02386% change)
    iteration    5: trace = 0.4155451727485397 (0.857663% change)
    iteration    6: trace = 0.4146652488310269 (0.211976% change)
    iteration    7: trace = 0.4145066536675581 (0.0382539% change)
    iteration    8: trace = 0.4144627711554621 (0.0105872% change)
    iteration    9: trace = 0.4144543959520267 (0.00202076% change)
    iteration   10: trace = 0.4144530704853919 (0.000319811% change)
    iteration   11: trace = 0.4144528828071556 (4.52834e-05% change)
    iteration   12: trace = 0.4144528475648315 (8.50334e-06% change)
    iteration   13: trace = 0.4144528415968355 (1.43997e-06% change)
    iteration   14: trace = 0.4144528409862565 (1.47322e-07% change)
    iteration   15: trace = 0.4144528409658305 (4.92842e-09% change)
    iteration   16: trace = 0.4144528409578728 (1.92003e-09% change)
    iteration   17: trace = 0.4144528409525353 (1.28786e-09% change)
    iteration   18: trace = 0.4144528409481782 (1.05128e-09% change)
    iteration   19: trace = 0.4144528409442804 (9.40462e-10% change)
    iteration   20: trace = 0.4144528409406159 (8.84181e-10% change)
    iteration   21: trace = 0.414452840937057 (8.58692e-10% change)
    iteration   22: trace = 0.4144528409335086 (8.56161e-10% change)
    iteration   23: trace = 0.4144528409298679 (8.78448e-10% change)
    iteration   24: trace = 0.4144528409259751 (9.3927e-10% change)
    iteration   25: trace = 0.4144528409215057 (1.07836e-09% change)
    iteration   26: trace = 0.4144528409155634 (1.43377e-09% change)
    iteration   27: trace = 0.4144528409046101 (2.64285e-09% change)
    iteration   28: trace = 0.4144528409040891 (1.25701e-10% change)
    switching to approximate line minimization (decrease time by 100%)
    iteration   29: trace = 0.4144528409039283 (3.88153e-11% change)
MPB solved for frequency_1(1.5,0,0) = 0.64378 after 29 iters
Newton step: group velocity v=0.235137, kmatch=1.50587
    iteration    1: trace = 0.4162338366656788 (0.000888584% change)
    iteration    2: trace = 0.4162336949462382 (3.4048e-05% change)
    iteration    3: trace = 0.4162336655796502 (7.05531e-06% change)
    iteration    4: trace = 0.4162336585173838 (1.69671e-06% change)
    iteration    5: trace = 0.4162336577481943 (1.84798e-07% change)
    iteration    6: trace = 0.4162336575258775 (5.34115e-08% change)
    iteration    7: trace = 0.4162336574653406 (1.4544e-08% change)
    iteration    8: trace = 0.4162336574556327 (2.33232e-09% change)
    iteration    9: trace = 0.4162336574539466 (4.05084e-10% change)
    iteration   10: trace = 0.4162336574536126 (8.02459e-11% change)
MPB solved for frequency_1(1.50587,0,0) = 0.645162 after 10 iters
Newton step: group velocity v=0.235287, kmatch=1.50587
    iteration    1: trace = 0.4162330905316158 (6.17616e-11% change)
MPB solved for frequency_1(1.50587,0,0) = 0.645161 after 1 iters
Newton step: group velocity v=0.235286, kmatch=1.50587
Memory usage:  12920642448
Number of pixels:  61562700
on time step 1 (time=0.01), 66.9978 s/step
on time step 2 (time=0.02), 4.81021 s/step
on time step 3 (time=0.03), 4.80751 s/step
on time step 4 (time=0.04), 4.80714 s/step
on time step 5 (time=0.05), 4.80838 s/step
on time step 6 (time=0.06), 4.80744 s/step
on time step 7 (time=0.07), 4.80613 s/step
on time step 8 (time=0.08), 4.80733 s/step
on time step 9 (time=0.09), 4.80579 s/step
on time step 10 (time=0.1), 4.8065 s/step

Field time usage:
            time stepping: 43.5696 s
            communicating: 4.50702 s
     Fourier transforming: 1.16825e-05 s
          everything else: 0.000322342 s


Field time usage for all processes:
        connecting chunks: 0
            time stepping: 43.5696
          copying borders: 0
            communicating: 4.50702
        outputting fields: 0
     Fourier transforming: 1.16825e-05
                      MPB: 0
        getting farfields: 0
          everything else: 0.000322342

outputting timing statistics to file "ex_grating_grating_timing_statistics_1_None.csv"...

Elapsed run time = 323.8156 s
