Using MPI version 3.1, 36 processes
-----------
Initializing structure...
Splitting into 36 chunks by cost
time for choose_chunkdivision = 0.00691986 s
Working in 3D dimensions.
Computational cell is 14 x 6.5 x 7 with resolution 50
     block, center = (-6,0,0)
          size (2,1e+20,1e+20)
          axes (1,0,0), (0,1,0), (0,0,1)
          dielectric constant epsilon diagonal = (1.28604,1.28604,1.28852)
     block, center = (0,0,0)
          size (10,1e+20,1e+20)
          axes (1,0,0), (0,1,0), (0,0,1)
          dielectric constant epsilon diagonal = (2.4025,2.71284,2.61034)
time for set_epsilon = 2.72298 s
lorentzian susceptibility: frequency=9.89653, gamma=0
lorentzian susceptibility: frequency=0.1, gamma=0
lorentzian susceptibility: frequency=9.97083, gamma=0
-----------
estimated costs per process: 1579.01, 1582.33, 1582.33, 1601.87, 1568.99, 1570.94, 1590.99, 1594.32, 1570.94, 1590.33, 1594.32, 1614.01, 1579.77, 1589.92, 1582.01, 1592.2, 1568.11, 1583.26, 1577.79, 1593.44, 1593.04, 1603.09, 1598.06, 1598.06, 1583.19, 1593.24, 1583.19, 1593.24, 1581.58, 1584.76, 1594.21, 1596.16, 1570.09, 1596.26, 1581.38, 1608.99
estimated cost mean = 1587.93, stddev = 11.1039
Memory usage:  8528520000
Number of pixels:  79625000
on time step 1 (time=0.01), 127.133 s/step

Field time usage:
            time stepping: 1.84996 s +/- 0.494309 s
            communicating: 1.55476 s +/- 0.494794 s
     Fourier transforming: 3.80079e-05 s +/- 1.36267e-05 s
          everything else: 0.000509063 s +/- 6.6502e-05 s


Field time usage for all processes:
        connecting chunks: 0, 0, 0, 0, 0, 0, 0, 0, 0, 0, 0, 0, 0, 0, 0, 0, 0, 0, 0, 0, 0, 0, 0, 0, 0, 0, 0, 0, 0, 0, 0, 0, 0, 0, 0, 0
            time stepping: 1.22533, 1.22904, 1.22085, 1.23603, 1.32097, 1.31701, 1.23249, 1.23365, 1.31724, 1.327, 1.24474, 1.24003, 2.48814, 2.49191, 1.8102, 1.82205, 2.57061, 2.48023, 2.58022, 2.49488, 2.23251, 2.23495, 2.23541, 2.237, 2.20461, 2.21009, 2.19609, 2.20381, 1.57888, 2.14755, 1.58599, 2.14723, 2.13219, 1.60088, 2.14698, 1.6218
          copying borders: 0, 0, 0, 0, 0, 0, 0, 0, 0, 0, 0, 0, 0, 0, 0, 0, 0, 0, 0, 0, 0, 0, 0, 0, 0, 0, 0, 0, 0, 0, 0, 0, 0, 0, 0, 0
            communicating: 2.17987, 2.17627, 2.18452, 2.1695, 2.08504, 2.08906, 2.17272, 2.17146, 2.089, 2.07926, 2.1607, 2.16537, 0.914084, 0.910259, 1.5913, 1.57911, 0.834212, 0.921343, 0.82502, 0.906955, 1.17313, 1.17133, 1.16991, 1.16801, 1.20118, 1.19515, 1.2089, 1.20098, 1.82516, 1.25817, 1.8181, 1.25846, 1.27367, 1.80313, 1.25908, 1.78199
        outputting fields: 0, 0, 0, 0, 0, 0, 0, 0, 0, 0, 0, 0, 0, 0, 0, 0, 0, 0, 0, 0, 0, 0, 0, 0, 0, 0, 0, 0, 0, 0, 0, 0, 0, 0, 0, 0
     Fourier transforming: 1.09673e-05, 1.54972e-05, 1.95503e-05, 2.0504e-05, 2.16961e-05, 1.93119e-05, 2.43187e-05, 2.71797e-05, 2.47955e-05, 1.93119e-05, 3.21865e-05, 3.3617e-05, 3.86238e-05, 4.3869e-05, 4.43459e-05, 4.45843e-05, 4.31538e-05, 4.22001e-05, 4.74453e-05, 4.60148e-05, 2.88486e-05, 3.48091e-05, 3.62396e-05, 4.45843e-05, 4.69685e-05, 3.93391e-05, 4.1008e-05, 4.24385e-05, 5.45979e-05, 4.69685e-05, 4.8399e-05, 5.24521e-05, 4.76837e-05, 6.79493e-05, 5.31673e-05, 6.36578e-05
                      MPB: 0, 0, 0, 0, 0, 0, 0, 0, 0, 0, 0, 0, 0, 0, 0, 0, 0, 0, 0, 0, 0, 0, 0, 0, 0, 0, 0, 0, 0, 0, 0, 0, 0, 0, 0, 0
        getting farfields: 0, 0, 0, 0, 0, 0, 0, 0, 0, 0, 0, 0, 0, 0, 0, 0, 0, 0, 0, 0, 0, 0, 0, 0, 0, 0, 0, 0, 0, 0, 0, 0, 0, 0, 0, 0
          everything else: 0.000516415, 0.000481844, 0.000475407, 0.000438929, 0.000498533, 0.000442505, 0.000463009, 0.000488758, 0.000486135, 0.000432014, 0.000542641, 0.000487328, 0.000579596, 0.000653028, 0.000623941, 0.000575781, 0.000516891, 0.000620365, 0.000551939, 0.000602722, 0.000437498, 0.000409126, 0.000418901, 0.000413418, 0.000489235, 0.000484467, 0.000464439, 0.000454426, 0.000590563, 0.00053668, 0.000571728, 0.000541449, 0.000488758, 0.000560522, 0.000415802, 0.000571489

outputting timing statistics to file "ex_liq_liq_timing_statistics_36_None.csv"...

Elapsed run time = 137.3559 s
