Using MPI version 3.1, 40 processes
-----------
Initializing structure...
Splitting into 40 chunks by cost
time for choose_chunkdivision = 0.00742221 s
Working in 3D dimensions.
Computational cell is 14 x 6.5 x 7 with resolution 50
     block, center = (-6,0,0)
          size (2,1e+20,1e+20)
          axes (1,0,0), (0,1,0), (0,0,1)
          dielectric constant epsilon diagonal = (1.28604,1.28604,1.28852)
     block, center = (0,0,0)
          size (10,1e+20,1e+20)
          axes (1,0,0), (0,1,0), (0,0,1)
          dielectric constant epsilon diagonal = (2.4025,2.71284,2.61034)
time for set_epsilon = 2.4466 s
lorentzian susceptibility: frequency=9.89653, gamma=0
lorentzian susceptibility: frequency=0.1, gamma=0
lorentzian susceptibility: frequency=9.97083, gamma=0
-----------
estimated costs per process: 1402.86, 1413.15, 1412.7, 1422.76, 1402.95, 1413.06, 1412.7, 1422.76, 1421.66, 1422.26, 1429.32, 1434.57, 1421.66, 1422.26, 1418.63, 1445.26, 1430.42, 1439.51, 1430.42, 1439.51, 1430.42, 1439.51, 1430.42, 1439.51, 1430.42, 1439.51, 1430.42, 1439.51, 1428.21, 1432.61, 1439.26, 1443.66, 1430.42, 1439.51, 1430.42, 1439.51, 1428.21, 1432.61, 1432.61, 1450.3
estimated cost mean = 1429.14, stddev = 11.0838
Memory usage:  8528520000
Number of pixels:  79625000
on time step 1 (time=0.01), 138.604 s/step

Field time usage:
            time stepping: 1.82008 s +/- 0.592169 s
            communicating: 1.59771 s +/- 0.592109 s
     Fourier transforming: 4.06384e-05 s +/- 1.65273e-05 s
          everything else: 0.000539821 s +/- 5.49958e-05 s


Field time usage for all processes:
        connecting chunks: 0, 0, 0, 0, 0, 0, 0, 0, 0, 0, 0, 0, 0, 0, 0, 0, 0, 0, 0, 0, 0, 0, 0, 0, 0, 0, 0, 0, 0, 0, 0, 0, 0, 0, 0, 0, 0, 0, 0, 0
            time stepping: 1.09911, 1.19327, 1.09827, 1.18046, 1.26491, 0.958757, 1.1029, 1.18124, 0.720064, 1.7859, 1.41438, 1.40449, 0.721058, 1.77949, 1.40312, 1.41708, 1.56847, 1.57613, 1.57874, 1.58403, 2.51499, 2.51255, 2.50507, 2.50115, 2.5181, 2.51784, 2.50347, 2.50808, 2.09613, 2.09607, 1.67096, 2.38387, 2.50769, 2.51457, 2.51287, 2.51388, 2.09206, 2.08626, 2.09753, 2.11816
          copying borders: 0, 0, 0, 0, 0, 0, 0, 0, 0, 0, 0, 0, 0, 0, 0, 0, 0, 0, 0, 0, 0, 0, 0, 0, 0, 0, 0, 0, 0, 0, 0, 0, 0, 0, 0, 0, 0, 0, 0, 0
            communicating: 2.31927, 2.22533, 2.31973, 2.23742, 2.1536, 2.4589, 2.31543, 2.23666, 2.69814, 1.63196, 2.00254, 2.0144, 2.69715, 1.63762, 2.01587, 2.00002, 1.84714, 1.83939, 1.83716, 1.83195, 0.902594, 0.905027, 0.912995, 0.917047, 0.899612, 0.900402, 0.914785, 0.909732, 1.32188, 1.322, 1.74584, 1.03479, 0.910223, 0.903517, 0.905144, 0.90396, 1.32607, 1.33201, 1.32079, 1.30009
        outputting fields: 0, 0, 0, 0, 0, 0, 0, 0, 0, 0, 0, 0, 0, 0, 0, 0, 0, 0, 0, 0, 0, 0, 0, 0, 0, 0, 0, 0, 0, 0, 0, 0, 0, 0, 0, 0, 0, 0, 0, 0
     Fourier transforming: 1.04904e-05, 1.28746e-05, 1.66893e-05, 2.0504e-05, 1.78814e-05, 3.05176e-05, 2.19345e-05, 2.74181e-05, 2.16961e-05, 2.93255e-05, 3.6478e-05, 3.02792e-05, 2.36034e-05, 3.55244e-05, 3.48091e-05, 3.24249e-05, 3.76701e-05, 3.60012e-05, 3.88622e-05, 3.8147e-05, 4.07696e-05, 4.1008e-05, 3.67165e-05, 4.26769e-05, 4.41074e-05, 4.64916e-05, 4.52995e-05, 5.126e-05, 5.4121e-05, 5.26905e-05, 7.00951e-05, 5.84126e-05, 5.67436e-05, 5.76973e-05, 5.62668e-05, 5.55515e-05, 5.91278e-05, 5.05447e-05, 7.12872e-05, 8.15392e-05
                      MPB: 0, 0, 0, 0, 0, 0, 0, 0, 0, 0, 0, 0, 0, 0, 0, 0, 0, 0, 0, 0, 0, 0, 0, 0, 0, 0, 0, 0, 0, 0, 0, 0, 0, 0, 0, 0, 0, 0, 0, 0
        getting farfields: 0, 0, 0, 0, 0, 0, 0, 0, 0, 0, 0, 0, 0, 0, 0, 0, 0, 0, 0, 0, 0, 0, 0, 0, 0, 0, 0, 0, 0, 0, 0, 0, 0, 0, 0, 0, 0, 0, 0, 0
          everything else: 0.000527859, 0.000457525, 0.000521898, 0.00052619, 0.000538111, 0.000520229, 0.000514269, 0.00045228, 0.000476837, 0.000514984, 0.000651836, 0.000453234, 0.000440121, 0.000519753, 0.000452042, 0.00056529, 0.00061965, 0.000606775, 0.000588417, 0.000536919, 0.000670433, 0.000574589, 0.000527143, 0.000571728, 0.000574112, 0.000517607, 0.000545502, 0.000564337, 0.000567913, 0.000526428, 0.000633001, 0.000454903, 0.000514269, 0.000554323, 0.000560284, 0.000583887, 0.000575781, 0.000500202, 0.000561953, 0.000530243

outputting timing statistics to file "ex_liq_liq_timing_statistics_40_None.csv"...

Elapsed run time = 148.1303 s
