Using MPI version 3.1, 32 processes
-----------
Initializing structure...
Splitting into 32 chunks by cost
time for choose_chunkdivision = 0.00625515 s
Working in 3D dimensions.
Computational cell is 14 x 6.5 x 7 with resolution 50
     block, center = (-6,0,0)
          size (2,1e+20,1e+20)
          axes (1,0,0), (0,1,0), (0,0,1)
          dielectric constant epsilon diagonal = (1.28604,1.28604,1.28852)
     block, center = (0,0,0)
          size (10,1e+20,1e+20)
          axes (1,0,0), (0,1,0), (0,0,1)
          dielectric constant epsilon diagonal = (2.4025,2.71284,2.61034)
time for set_epsilon = 3.2816 s
lorentzian susceptibility: frequency=9.89653, gamma=0
lorentzian susceptibility: frequency=0.1, gamma=0
lorentzian susceptibility: frequency=9.97083, gamma=0
-----------
estimated costs per process: 1633.34, 1652.18, 1916.11, 1916.49, 1645.26, 1662.64, 1916.26, 1942.64, 1636.44, 1649.08, 1916.11, 1916.49, 1646.81, 1661.09, 1916.26, 1942.64, 1783.26, 1783.26, 1783.26, 1783.26, 1783.26, 1783.26, 1783.26, 1783.26, 1449.35, 2119.74, 1458.57, 2137.1, 1449.35, 2119.74, 1458.57, 2137.1
estimated cost mean = 1786.42, stddev = 197.867
Memory usage:  8528520000
Number of pixels:  79625000
on time step 1 (time=0.01), 117.349 s/step

Field time usage:
            time stepping: 1.71296 s +/- 0.364112 s
            communicating: 1.37946 s +/- 0.365447 s
     Fourier transforming: 2.88114e-05 s +/- 7.63495e-06 s
          everything else: 0.00046578 s +/- 7.60766e-05 s


Field time usage for all processes:
        connecting chunks: 0, 0, 0, 0, 0, 0, 0, 0, 0, 0, 0, 0, 0, 0, 0, 0, 0, 0, 0, 0, 0, 0, 0, 0, 0, 0, 0, 0, 0, 0, 0, 0
            time stepping: 1.14491, 1.47241, 1.48249, 2.25837, 1.15298, 1.47469, 1.47462, 2.26688, 1.45001, 1.15915, 1.50021, 2.25686, 1.46175, 1.16508, 1.47744, 2.27443, 2.17863, 2.18536, 2.18526, 2.19225, 1.91446, 1.90733, 1.9047, 1.90135, 1.71878, 1.51928, 1.71795, 1.51488, 1.72363, 1.52106, 1.73476, 1.52274
          copying borders: 0, 0, 0, 0, 0, 0, 0, 0, 0, 0, 0, 0, 0, 0, 0, 0, 0, 0, 0, 0, 0, 0, 0, 0, 0, 0, 0, 0, 0, 0, 0, 0
            communicating: 1.94846, 1.62156, 1.61031, 0.831365, 1.94033, 1.61933, 1.61906, 0.822856, 1.64379, 1.93418, 1.59289, 0.833164, 1.6323, 1.92831, 1.61515, 0.815318, 0.911083, 0.904527, 0.904821, 0.897944, 1.1776, 1.18544, 1.18769, 1.19171, 1.37417, 1.57406, 1.37505, 1.57841, 1.3703, 1.57221, 1.35899, 1.57053
        outputting fields: 0, 0, 0, 0, 0, 0, 0, 0, 0, 0, 0, 0, 0, 0, 0, 0, 0, 0, 0, 0, 0, 0, 0, 0, 0, 0, 0, 0, 0, 0, 0, 0
     Fourier transforming: 1.14441e-05, 1.26362e-05, 1.71661e-05, 2.09808e-05, 2.31266e-05, 2.00272e-05, 2.21729e-05, 2.55108e-05, 2.19345e-05, 2.90871e-05, 2.81334e-05, 3.09944e-05, 2.69413e-05, 3.45707e-05, 3.09944e-05, 3.52859e-05, 3.8147e-05, 3.83854e-05, 4.14848e-05, 4.29153e-05, 3.05176e-05, 2.52724e-05, 2.76566e-05, 3.31402e-05, 2.47955e-05, 3.19481e-05, 2.88486e-05, 3.31402e-05, 2.88486e-05, 3.57628e-05, 3.60012e-05, 3.40939e-05
                      MPB: 0, 0, 0, 0, 0, 0, 0, 0, 0, 0, 0, 0, 0, 0, 0, 0, 0, 0, 0, 0, 0, 0, 0, 0, 0, 0, 0, 0, 0, 0, 0, 0
        getting farfields: 0, 0, 0, 0, 0, 0, 0, 0, 0, 0, 0, 0, 0, 0, 0, 0, 0, 0, 0, 0, 0, 0, 0, 0, 0, 0, 0, 0, 0, 0, 0, 0
          everything else: 0.000463724, 0.000412703, 0.000451088, 0.000554085, 0.000469446, 0.000529051, 0.000460148, 0.000540495, 0.000415325, 0.000471115, 0.000490665, 0.000533819, 0.000394106, 0.000436068, 0.000460863, 0.000570297, 0.000555038, 0.000593424, 0.00051856, 0.00056529, 0.000561953, 0.000375509, 0.000483751, 0.000376463, 0.000504732, 0.000349045, 0.000329256, 0.000450134, 0.000335217, 0.000324488, 0.000479937, 0.000449181

outputting timing statistics to file "ex_liq_liq_timing_statistics_32_None.csv"...

Elapsed run time = 128.5571 s
