Using MPI version 3.1, 28 processes
-----------
Initializing structure...
Splitting into 27 chunks by cost
time for choose_chunkdivision = 0.0053792 s
Working in 3D dimensions.
Computational cell is 14 x 6.5 x 7 with resolution 50
     block, center = (-6,0,0)
          size (2,1e+20,1e+20)
          axes (1,0,0), (0,1,0), (0,0,1)
          dielectric constant epsilon diagonal = (1.28604,1.28604,1.28852)
     block, center = (0,0,0)
          size (10,1e+20,1e+20)
          axes (1,0,0), (0,1,0), (0,0,1)
          dielectric constant epsilon diagonal = (2.4025,2.71284,2.61034)
time for set_epsilon = 3.6629 s
lorentzian susceptibility: frequency=9.89653, gamma=0
lorentzian susceptibility: frequency=0.1, gamma=0
lorentzian susceptibility: frequency=9.97083, gamma=0
-----------
estimated costs per process: 2106.46, 2109.78, 2129.33, 2085.3, 2117.98, 2121.97, 2099.47, 2121.97, 2148.17, 2111.62, 2116.14, 2116.14, 2100.78, 2100.49, 2121.33, 2123.91, 2134.17, 2134.17, 2117.62, 2117.62, 2117.62, 2109.41, 2113.87, 2133.47, 2109.41, 2113.87, 2133.47, 0
estimated cost mean = 2041.63, stddev = 400.331
Memory usage:  8528520000
Number of pixels:  79625000
on time step 1 (time=0.01), 116.179 s/step

Field time usage:
            time stepping: 2.07255 s +/- 0.88912 s
            communicating: 2.18516 s +/- 0.890483 s
     Fourier transforming: 2.98364e-05 s +/- 1.07792e-05 s
          everything else: 0.000432849 s +/- 8.46232e-05 s


Field time usage for all processes:
        connecting chunks: 0, 0, 0, 0, 0, 0, 0, 0, 0, 0, 0, 0, 0, 0, 0, 0, 0, 0, 0, 0, 0, 0, 0, 0, 0, 0, 0, 0
            time stepping: 1.48228, 1.48377, 1.48966, 1.59481, 1.53436, 1.53307, 1.59841, 1.53377, 1.54734, 3.36547, 2.74234, 2.75476, 3.53028, 3.59978, 3.43086, 2.86477, 2.86807, 2.88058, 2.85553, 2.85982, 1.73274, 1.44983, 1.45159, 1.45618, 1.46588, 1.46545, 1.45985, 0.000203848
          copying borders: 0, 0, 0, 0, 0, 0, 0, 0, 0, 0, 0, 0, 0, 0, 0, 0, 0, 0, 0, 0, 0, 0, 0, 0, 0, 0, 0, 0
            communicating: 2.77615, 2.77465, 2.76865, 2.66482, 2.72498, 2.72549, 2.66126, 2.72485, 2.71123, 0.888687, 1.5112, 1.49858, 0.727336, 0.65832, 0.823153, 1.39259, 1.38919, 1.37671, 1.40015, 1.39571, 2.52619, 2.80926, 2.80725, 2.80268, 2.79345, 2.79374, 2.79948, 4.25877
        outputting fields: 0, 0, 0, 0, 0, 0, 0, 0, 0, 0, 0, 0, 0, 0, 0, 0, 0, 0, 0, 0, 0, 0, 0, 0, 0, 0, 0, 0
     Fourier transforming: 9.77516e-06, 1.54972e-05, 2.12193e-05, 1.97887e-05, 2.59876e-05, 2.45571e-05, 2.31266e-05, 2.43187e-05, 2.81334e-05, 3.21865e-05, 3.88622e-05, 3.71933e-05, 3.83854e-05, 4.33922e-05, 4.02927e-05, 4.17233e-05, 4.48227e-05, 4.52995e-05, 4.1008e-05, 4.29153e-05, 2.0504e-05, 2.55108e-05, 2.69413e-05, 3.02792e-05, 3.17097e-05, 3.0756e-05, 2.7895e-05, 3.33786e-06
                      MPB: 0, 0, 0, 0, 0, 0, 0, 0, 0, 0, 0, 0, 0, 0, 0, 0, 0, 0, 0, 0, 0, 0, 0, 0, 0, 0, 0, 0
        getting farfields: 0, 0, 0, 0, 0, 0, 0, 0, 0, 0, 0, 0, 0, 0, 0, 0, 0, 0, 0, 0, 0, 0, 0, 0, 0, 0, 0, 0
          everything else: 0.000418901, 0.000399113, 0.000452042, 0.000499964, 0.00043416, 0.000414133, 0.000435591, 0.00039649, 0.000409842, 0.000509977, 0.000556707, 0.000570536, 0.000424623, 0.00052309, 0.000475407, 0.000491142, 0.000503302, 0.000480652, 0.000529528, 0.000523567, 0.000305414, 0.000294447, 0.000407934, 0.000298738, 0.000289202, 0.000424385, 0.000259638, 0.000391245

outputting timing statistics to file "ex_liq_liq_timing_statistics_28_None.csv"...

Elapsed run time = 130.0385 s
