Using MPI version 3.1, 12 processes
-----------
Initializing structure...
Splitting into 12 chunks by cost
time for choose_chunkdivision = 0.00235367 s
Working in 3D dimensions.
Computational cell is 14 x 6.5 x 7 with resolution 50
     block, center = (-6,0,0)
          size (2,1e+20,1e+20)
          axes (1,0,0), (0,1,0), (0,0,1)
          dielectric constant epsilon diagonal = (1.28604,1.28604,1.28852)
     block, center = (0,0,0)
          size (10,1e+20,1e+20)
          axes (1,0,0), (0,1,0), (0,0,1)
          dielectric constant epsilon diagonal = (2.4025,2.71284,2.61034)
time for set_epsilon = 7.95559 s
lorentzian susceptibility: frequency=9.89653, gamma=0
lorentzian susceptibility: frequency=0.1, gamma=0
lorentzian susceptibility: frequency=9.97083, gamma=0
-----------
estimated costs per process: 4757.31, 4762.89, 4757.31, 4762.89, 4736.86, 4792.51, 4736.86, 4792.51, 4764.65, 4768.5, 4764.65, 4768.5
estimated cost mean = 4763.79, stddev = 17.1412
Memory usage:  8528520000
Number of pixels:  79625000
on time step 1 (time=0.01), 61.6415 s/step
on time step 7 (time=0.07), 0.672439 s/step

Field time usage:
            time stepping: 3.78238 s +/- 1.35538 s
            communicating: 2.94292 s +/- 1.35658 s
     Fourier transforming: 1.45833e-05 s +/- 4.66299e-06 s
          everything else: 0.00028799 s +/- 2.7743e-05 s


Field time usage for all processes:
        connecting chunks: 0, 0, 0, 0, 0, 0, 0, 0, 0, 0, 0, 0
            time stepping: 2.34475, 2.03918, 2.31893, 2.02509, 5.76395, 4.50481, 5.71885, 4.49158, 4.49597, 3.57905, 4.5398, 3.56655
          copying borders: 0, 0, 0, 0, 0, 0, 0, 0, 0, 0, 0, 0
            communicating: 4.3823, 4.68751, 4.40816, 4.70179, 0.960243, 2.21916, 1.00552, 2.23258, 2.22823, 3.14651, 2.18415, 3.15892
        outputting fields: 0, 0, 0, 0, 0, 0, 0, 0, 0, 0, 0, 0
     Fourier transforming: 7.62939e-06, 8.58307e-06, 8.82149e-06, 1.23978e-05, 1.35899e-05, 1.52588e-05, 1.43051e-05, 1.52588e-05, 1.7643e-05, 2.09808e-05, 2.02656e-05, 2.02656e-05
                      MPB: 0, 0, 0, 0, 0, 0, 0, 0, 0, 0, 0, 0
        getting farfields: 0, 0, 0, 0, 0, 0, 0, 0, 0, 0, 0, 0
          everything else: 0.000332594, 0.00026989, 0.000285149, 0.000259876, 0.000285387, 0.000333786, 0.000271797, 0.000269413, 0.000299692, 0.000268936, 0.000322342, 0.000257015

outputting timing statistics to file "ex_liq_liq_timing_statistics_12_None.csv"...

Elapsed run time = 88.3566 s
