Using MPI version 3.1, 1 processes
-----------
Initializing structure...
Halving computational cell along direction x
Halving computational cell along direction y
Halving computational cell along direction z
time for choose_chunkdivision = 0.00107241 s
Working in 3D dimensions.
Computational cell is 21 x 4.5 x 4.21667 with resolution 120
     block, center = (0,0,0)
          size (1e+20,0.5,0.22)
          axes (1,0,0), (0,1,0), (0,0,1)
          dielectric constant epsilon diagonal = (1,1,1)
     cylinder, center = (-10.2854,0,0)
          radius 0.1204, height 1e+20, axis (0, 0, 1)
          dielectric constant epsilon diagonal = (1,1,1)
     cylinder, center = (10.2854,0,0)
          radius 0.1204, height 1e+20, axis (0, 0, 1)
          dielectric constant epsilon diagonal = (1,1,1)
     cylinder, center = (-9.8554,0,0)
          radius 0.1204, height 1e+20, axis (0, 0, 1)
          dielectric constant epsilon diagonal = (1,1,1)
     cylinder, center = (9.8554,0,0)
          radius 0.1204, height 1e+20, axis (0, 0, 1)
          dielectric constant epsilon diagonal = (1,1,1)
     cylinder, center = (-9.4254,0,0)
          radius 0.1204, height 1e+20, axis (0, 0, 1)
          dielectric constant epsilon diagonal = (1,1,1)
     cylinder, center = (9.4254,0,0)
          radius 0.1204, height 1e+20, axis (0, 0, 1)
          dielectric constant epsilon diagonal = (1,1,1)
     cylinder, center = (-8.9954,0,0)
          radius 0.1204, height 1e+20, axis (0, 0, 1)
          dielectric constant epsilon diagonal = (1,1,1)
     cylinder, center = (8.9954,0,0)
          radius 0.1204, height 1e+20, axis (0, 0, 1)
          dielectric constant epsilon diagonal = (1,1,1)
     cylinder, center = (-8.5654,0,0)
          radius 0.1204, height 1e+20, axis (0, 0, 1)
          dielectric constant epsilon diagonal = (1,1,1)
     ...(+ 41 objects not shown)...
subpixel-averaging is 66.1915% done, 2.04316 s remaining
subpixel-averaging is 59.5565% done, 2.71658 s remaining
subpixel-averaging is 65.7865% done, 2.08036 s remaining
subpixel-averaging is 59.1379% done, 2.76404 s remaining
subpixel-averaging is 64.7847% done, 2.17431 s remaining
subpixel-averaging is 58.3944% done, 2.85013 s remaining
time for set_epsilon = 60.3233 s
time for set_conductivity = 5.52042 s
time for set_conductivity = 5.52795 s
time for set_conductivity = 5.52819 s
time for set_conductivity = 5.51426 s
time for set_conductivity = 5.51803 s
time for set_conductivity = 5.51915 s
lorentzian susceptibility: frequency=0.000905797, gamma=0
lorentzian susceptibility: frequency=0.88125, gamma=0
lorentzian susceptibility: frequency=3.31657, gamma=0
-----------
estimated costs per process: 60232.9
estimated cost mean = 60232.9, stddev = 0
Memory usage:  6274071288
Number of pixels:  86141921
on time step 1 (time=0.00416667), 82.4522 s/step
on time step 2 (time=0.00833333), 5.41792 s/step
on time step 3 (time=0.0125), 5.39536 s/step
on time step 4 (time=0.0166667), 5.40219 s/step
on time step 5 (time=0.0208333), 5.39725 s/step
on time step 6 (time=0.025), 5.39894 s/step
on time step 7 (time=0.0291667), 5.39519 s/step
on time step 8 (time=0.0333333), 5.3998 s/step
on time step 9 (time=0.0375), 5.40173 s/step
on time step 10 (time=0.0416667), 5.40323 s/step

Field time usage:
            time stepping: 50.7975 s
            communicating: 3.2142 s
     Fourier transforming: 7.39098e-06 s
          everything else: 0.000297308 s


Field time usage for all processes:
        connecting chunks: 0
            time stepping: 50.7975
          copying borders: 0
            communicating: 3.2142
        outputting fields: 0
     Fourier transforming: 7.39098e-06
                      MPB: 0
        getting farfields: 0
          everything else: 0.000297308

outputting timing statistics to file "ex_nanobeam_nanobeam_timing_statistics_1_None.csv"...

Elapsed run time = 324.2685 s
