Using MPI version 3.1, 36 processes
-----------
Initializing structure...
Halving computational cell along direction x
Halving computational cell along direction y
Halving computational cell along direction z
Splitting into 36 chunks by cost
time for choose_chunkdivision = 0.127584 s
Working in 3D dimensions.
Computational cell is 21 x 4.5 x 4.21667 with resolution 120
     block, center = (0,0,0)
          size (1e+20,0.5,0.22)
          axes (1,0,0), (0,1,0), (0,0,1)
          dielectric constant epsilon diagonal = (1,1,1)
     cylinder, center = (-10.2854,0,0)
          radius 0.1204, height 1e+20, axis (0, 0, 1)
          dielectric constant epsilon diagonal = (1,1,1)
     cylinder, center = (10.2854,0,0)
          radius 0.1204, height 1e+20, axis (0, 0, 1)
          dielectric constant epsilon diagonal = (1,1,1)
     cylinder, center = (-9.8554,0,0)
          radius 0.1204, height 1e+20, axis (0, 0, 1)
          dielectric constant epsilon diagonal = (1,1,1)
     cylinder, center = (9.8554,0,0)
          radius 0.1204, height 1e+20, axis (0, 0, 1)
          dielectric constant epsilon diagonal = (1,1,1)
     cylinder, center = (-9.4254,0,0)
          radius 0.1204, height 1e+20, axis (0, 0, 1)
          dielectric constant epsilon diagonal = (1,1,1)
     cylinder, center = (9.4254,0,0)
          radius 0.1204, height 1e+20, axis (0, 0, 1)
          dielectric constant epsilon diagonal = (1,1,1)
     cylinder, center = (-8.9954,0,0)
          radius 0.1204, height 1e+20, axis (0, 0, 1)
          dielectric constant epsilon diagonal = (1,1,1)
     cylinder, center = (8.9954,0,0)
          radius 0.1204, height 1e+20, axis (0, 0, 1)
          dielectric constant epsilon diagonal = (1,1,1)
     cylinder, center = (-8.5654,0,0)
          radius 0.1204, height 1e+20, axis (0, 0, 1)
          dielectric constant epsilon diagonal = (1,1,1)
     ...(+ 41 objects not shown)...
time for set_epsilon = 2.60703 s
time for set_conductivity = 0.221371 s
time for set_conductivity = 0.216366 s
time for set_conductivity = 0.216473 s
time for set_conductivity = 0.216321 s
time for set_conductivity = 0.216793 s
time for set_conductivity = 0.216734 s
lorentzian susceptibility: frequency=0.000905797, gamma=0
lorentzian susceptibility: frequency=0.88125, gamma=0
lorentzian susceptibility: frequency=3.31657, gamma=0
-----------
estimated costs per process: 1657.26, 1658.7, 1670.5, 1682.83, 1644.56, 1676.49, 1660.52, 1660.52, 1668.05, 1700.44, 1668.05, 1700.44, 1644.55, 1676.49, 1660.52, 1660.52, 1660.52, 1660.52, 1668.05, 1700.44, 1662.26, 1673.84, 1694.06, 1706.81, 1660.52, 1660.52, 1668.05, 1700.44, 1644.56, 1676.49, 1668.05, 1700.44, 1668.05, 1700.44, 1668.05, 1700.44
estimated cost mean = 1673.14, stddev = 18.0533
Memory usage:  6274071288
Number of pixels:  86141921
on time step 1 (time=0.00416667), 175.374 s/step

Field time usage:
            time stepping: 2.57162 s +/- 0.732756 s
            communicating: 1.84895 s +/- 0.733451 s
     Fourier transforming: 4.63989e-05 s +/- 1.89376e-05 s
          everything else: 0.000545389 s +/- 8.74396e-05 s


Field time usage for all processes:
        connecting chunks: 0, 0, 0, 0, 0, 0, 0, 0, 0, 0, 0, 0, 0, 0, 0, 0, 0, 0, 0, 0, 0, 0, 0, 0, 0, 0, 0, 0, 0, 0, 0, 0, 0, 0, 0, 0
            time stepping: 2.24719, 3.69708, 3.13613, 3.19657, 1.98915, 3.53367, 2.99826, 3.00082, 2.01491, 3.55315, 2.02031, 3.54678, 1.99303, 3.56229, 2.99526, 3.00411, 2.99832, 2.99718, 2.01412, 3.5419, 1.02496, 1.875, 2.05586, 3.25705, 2.24369, 2.2546, 1.56036, 2.80071, 1.54526, 2.79438, 1.56363, 2.81974, 1.55617, 2.80731, 1.55775, 2.82151
          copying borders: 0, 0, 0, 0, 0, 0, 0, 0, 0, 0, 0, 0, 0, 0, 0, 0, 0, 0, 0, 0, 0, 0, 0, 0, 0, 0, 0, 0, 0, 0, 0, 0, 0, 0, 0, 0
            communicating: 2.17426, 0.723997, 1.28492, 1.22378, 2.43255, 0.885959, 1.42259, 1.41924, 2.40677, 0.866398, 2.40116, 0.872621, 2.42857, 0.856416, 1.42555, 1.41665, 1.42266, 1.42281, 2.40747, 0.877338, 3.39637, 2.54566, 2.36537, 1.16036, 2.17691, 2.16568, 2.86107, 1.61904, 2.87621, 1.62555, 2.85796, 1.60014, 2.86549, 1.61261, 2.86354, 1.59866
        outputting fields: 0, 0, 0, 0, 0, 0, 0, 0, 0, 0, 0, 0, 0, 0, 0, 0, 0, 0, 0, 0, 0, 0, 0, 0, 0, 0, 0, 0, 0, 0, 0, 0, 0, 0, 0, 0
     Fourier transforming: 1.23978e-05, 1.19209e-05, 2.02656e-05, 2.43187e-05, 1.85966e-05, 3.21865e-05, 2.64645e-05, 3.33786e-05, 2.86102e-05, 4.31538e-05, 3.19481e-05, 4.55379e-05, 3.24249e-05, 4.91142e-05, 4.00543e-05, 3.8147e-05, 4.14848e-05, 5.38826e-05, 4.52995e-05, 6.4373e-05, 2.93255e-05, 5.19753e-05, 5.53131e-05, 6.4373e-05, 4.81606e-05, 4.673e-05, 5.48363e-05, 7.58171e-05, 5.57899e-05, 7.20024e-05, 6.07967e-05, 7.39098e-05, 6.4373e-05, 7.55787e-05, 6.4373e-05, 8.34465e-05
                      MPB: 0, 0, 0, 0, 0, 0, 0, 0, 0, 0, 0, 0, 0, 0, 0, 0, 0, 0, 0, 0, 0, 0, 0, 0, 0, 0, 0, 0, 0, 0, 0, 0, 0, 0, 0, 0
        getting farfields: 0, 0, 0, 0, 0, 0, 0, 0, 0, 0, 0, 0, 0, 0, 0, 0, 0, 0, 0, 0, 0, 0, 0, 0, 0, 0, 0, 0, 0, 0, 0, 0, 0, 0, 0, 0
          everything else: 0.000654459, 0.000576019, 0.000487328, 0.000543594, 0.000498295, 0.000693321, 0.000591516, 0.000557661, 0.000540018, 0.000677109, 0.00055337, 0.0006423, 0.000505447, 0.000714064, 0.000589848, 0.00057435, 0.000494719, 0.000624895, 0.000485897, 0.000744581, 0.000583172, 0.000505924, 0.000536919, 0.000619888, 0.000517845, 0.000409842, 0.00048399, 0.000576496, 0.000411272, 0.000498772, 0.000422001, 0.000500441, 0.000412226, 0.00053668, 0.00041151, 0.000458241

outputting timing statistics to file "ex_nanobeam_nanobeam_timing_statistics_36_None.csv"...

Elapsed run time = 187.8116 s
