Using MPI version 3.1, 1 processes
-----------
Initializing structure...
time for choose_chunkdivision = 6.48499e-05 s
Working in 3D dimensions.
Computational cell is 11 x 11 x 2.4 with resolution 55
     block, center = (0,0,0.55)
          size (1e+20,1e+20,1.3)
          axes (1,0,0), (0,1,0), (0,0,1)
          dielectric constant epsilon diagonal = (2.25,2.25,2.25)
     block, center = (0,0,-0.3)
          size (1e+20,1e+20,0.4)
          axes (1,0,0), (0,1,0), (0,0,1)
          dielectric constant epsilon diagonal = (3.0625,3.0625,3.0625)
     block, center = (0,0,-0.6)
          size (1e+20,1e+20,0.2)
          axes (1,0,0), (0,1,0), (0,0,1)
          dielectric constant epsilon diagonal = (1,1,1)
subpixel-averaging is 51.3203% done, 3.79435 s remaining
subpixel-averaging is 49.1455% done, 4.13913 s remaining
subpixel-averaging is 98.2729% done, 0.0703005 s remaining
subpixel-averaging is 50.2892% done, 3.95413 s remaining
time for set_epsilon = 40.5777 s
time for set_conductivity = 3.40542 s
time for set_conductivity = 3.38343 s
time for set_conductivity = 3.37689 s
time for set_conductivity = 3.38894 s
time for set_conductivity = 3.41617 s
time for set_conductivity = 3.38703 s
lorentzian susceptibility: frequency=2.80116, gamma=2.72777
lorentzian susceptibility: frequency=1.45825, gamma=1.08966
lorentzian susceptibility: frequency=1.24532, gamma=0.251645
lorentzian susceptibility: frequency=0.130662, gamma=0.268583
drude susceptibility: frequency=1e-10, gamma=0.0379081
-----------
Memory usage:  18500367912
Number of pixels:  48315301
on time step 1 (time=0.00909091), 43.4264 s/step
on time step 2 (time=0.0181818), 4.73091 s/step
on time step 3 (time=0.0272727), 4.7206 s/step
on time step 4 (time=0.0363636), 4.71742 s/step
on time step 5 (time=0.0454545), 4.71752 s/step
on time step 6 (time=0.0545455), 4.71884 s/step
on time step 7 (time=0.0636364), 4.71902 s/step
on time step 8 (time=0.0727273), 4.71916 s/step
on time step 9 (time=0.0818182), 4.71783 s/step
on time step 10 (time=0.0909091), 4.71623 s/step

Field time usage:
            time stepping: 42.3443 s
            communicating: 4.85127 s
     Fourier transforming: 5.00679e-06 s
          everything else: 0.000292778 s


Field time usage for all processes:
        connecting chunks: 0
            time stepping: 42.3443
          copying borders: 0
            communicating: 4.85127
        outputting fields: 0
     Fourier transforming: 5.00679e-06
                      MPB: 0
        getting farfields: 0
          everything else: 0.000292778

outputting timing statistics to file "ex_oled_oled_timing_statistics_1_None.csv"...

Elapsed run time = 249.6086 s
