Using MPI version 3.1, 40 processes
-----------
Initializing structure...
Splitting into 40 chunks evenly
time for choose_chunkdivision = 0.0309227 s
Working in 3D dimensions.
Computational cell is 11 x 11 x 2.4 with resolution 55
     block, center = (0,0,0.55)
          size (1e+20,1e+20,1.3)
          axes (1,0,0), (0,1,0), (0,0,1)
          dielectric constant epsilon diagonal = (2.25,2.25,2.25)
     block, center = (0,0,-0.3)
          size (1e+20,1e+20,0.4)
          axes (1,0,0), (0,1,0), (0,0,1)
          dielectric constant epsilon diagonal = (3.0625,3.0625,3.0625)
     block, center = (0,0,-0.6)
          size (1e+20,1e+20,0.2)
          axes (1,0,0), (0,1,0), (0,0,1)
          dielectric constant epsilon diagonal = (1,1,1)
time for set_epsilon = 1.02033 s
time for set_conductivity = 0.0910459 s
time for set_conductivity = 0.0921957 s
time for set_conductivity = 0.0934551 s
time for set_conductivity = 0.0930972 s
time for set_conductivity = 0.0933297 s
time for set_conductivity = 0.0934241 s
lorentzian susceptibility: frequency=2.80116, gamma=2.72777
lorentzian susceptibility: frequency=1.45825, gamma=1.08966
lorentzian susceptibility: frequency=1.24532, gamma=0.251645
lorentzian susceptibility: frequency=0.130662, gamma=0.268583
drude susceptibility: frequency=1e-10, gamma=0.0379081
-----------
Memory usage:  18500367912
Number of pixels:  48315301
on time step 1 (time=0.00909091), 92.83 s/step

Field time usage:
            time stepping: 3.11898 s +/- 0.0802964 s
            communicating: 0.530338 s +/- 0.0802269 s
     Fourier transforming: 5.20408e-05 s +/- 2.23759e-05 s
          everything else: 0.000614721 s +/- 6.49263e-05 s


Field time usage for all processes:
        connecting chunks: 0, 0, 0, 0, 0, 0, 0, 0, 0, 0, 0, 0, 0, 0, 0, 0, 0, 0, 0, 0, 0, 0, 0, 0, 0, 0, 0, 0, 0, 0, 0, 0, 0, 0, 0, 0, 0, 0, 0, 0
            time stepping: 3.14564, 3.19967, 3.16632, 3.18332, 3.03472, 3.14462, 3.16763, 3.00634, 3.0189, 3.03321, 3.16636, 3.17937, 2.993, 3.01886, 3.03641, 3.18104, 3.18152, 3.16925, 3.03408, 3.20246, 3.15199, 3.17733, 3.01754, 3.01532, 3.04548, 3.18266, 3.18138, 3.1906, 3.04423, 3.20998, 3.00618, 3.02932, 3.02096, 3.17527, 3.20846, 3.0329, 3.19531, 3.18962, 3.2105, 3.21154
          copying borders: 0, 0, 0, 0, 0, 0, 0, 0, 0, 0, 0, 0, 0, 0, 0, 0, 0, 0, 0, 0, 0, 0, 0, 0, 0, 0, 0, 0, 0, 0, 0, 0, 0, 0, 0, 0, 0, 0, 0, 0
            communicating: 0.5036, 0.449521, 0.482912, 0.466171, 0.614583, 0.504794, 0.481588, 0.642837, 0.63042, 0.615954, 0.483094, 0.470026, 0.656294, 0.63047, 0.612821, 0.468294, 0.468072, 0.479931, 0.614991, 0.447114, 0.497417, 0.472156, 0.631805, 0.634048, 0.60371, 0.466857, 0.468066, 0.45874, 0.604911, 0.439604, 0.64304, 0.619983, 0.628186, 0.474167, 0.44104, 0.616256, 0.45386, 0.459494, 0.438823, 0.437849
        outputting fields: 0, 0, 0, 0, 0, 0, 0, 0, 0, 0, 0, 0, 0, 0, 0, 0, 0, 0, 0, 0, 0, 0, 0, 0, 0, 0, 0, 0, 0, 0, 0, 0, 0, 0, 0, 0, 0, 0, 0, 0
     Fourier transforming: 1.40667e-05, 1.69277e-05, 2.0504e-05, 2.0504e-05, 2.86102e-05, 2.24113e-05, 3.0756e-05, 3.3617e-05, 3.50475e-05, 3.88622e-05, 2.88486e-05, 3.17097e-05, 4.29153e-05, 4.52995e-05, 5.05447e-05, 4.24385e-05, 3.50475e-05, 5.31673e-05, 6.07967e-05, 4.60148e-05, 3.83854e-05, 4.69685e-05, 5.96046e-05, 5.98431e-05, 6.91414e-05, 5.07832e-05, 4.93526e-05, 7.67708e-05, 9.05991e-05, 6.38962e-05, 6.36578e-05, 7.89165e-05, 8.58307e-05, 6.50883e-05, 7.31945e-05, 8.86917e-05, 7.34329e-05, 9.94205e-05, 7.79629e-05, 7.20024e-05
                      MPB: 0, 0, 0, 0, 0, 0, 0, 0, 0, 0, 0, 0, 0, 0, 0, 0, 0, 0, 0, 0, 0, 0, 0, 0, 0, 0, 0, 0, 0, 0, 0, 0, 0, 0, 0, 0, 0, 0, 0, 0
        getting farfields: 0, 0, 0, 0, 0, 0, 0, 0, 0, 0, 0, 0, 0, 0, 0, 0, 0, 0, 0, 0, 0, 0, 0, 0, 0, 0, 0, 0, 0, 0, 0, 0, 0, 0, 0, 0, 0, 0, 0, 0
          everything else: 0.000665188, 0.000627279, 0.000659704, 0.0005548, 0.000662327, 0.000524044, 0.00060153, 0.000689268, 0.000618935, 0.00070405, 0.000624895, 0.00058794, 0.000671864, 0.000644207, 0.000641346, 0.000585079, 0.000486135, 0.000622988, 0.000718832, 0.00056076, 0.000578403, 0.000526905, 0.00063467, 0.000595808, 0.000651836, 0.000494957, 0.000510693, 0.000642061, 0.000682592, 0.000514746, 0.000659704, 0.000632048, 0.000640869, 0.000525951, 0.000515461, 0.00070405, 0.000678062, 0.000715971, 0.000604153, 0.00062871

outputting timing statistics to file "ex_oled_oled_timing_statistics_40_None.csv"...

Elapsed run time = 100.7022 s
