Using MPI version 3.1, 2 processes
-----------
Initializing structure...
Splitting into 2 chunks evenly
time for choose_chunkdivision = 0.000550508 s
Working in 3D dimensions.
Computational cell is 11 x 11 x 2.4 with resolution 55
     block, center = (0,0,0.55)
          size (1e+20,1e+20,1.3)
          axes (1,0,0), (0,1,0), (0,0,1)
          dielectric constant epsilon diagonal = (2.25,2.25,2.25)
     block, center = (0,0,-0.3)
          size (1e+20,1e+20,0.4)
          axes (1,0,0), (0,1,0), (0,0,1)
          dielectric constant epsilon diagonal = (3.0625,3.0625,3.0625)
     block, center = (0,0,-0.6)
          size (1e+20,1e+20,0.2)
          axes (1,0,0), (0,1,0), (0,0,1)
          dielectric constant epsilon diagonal = (1,1,1)
time for set_epsilon = 20.0858 s
time for set_conductivity = 1.69056 s
time for set_conductivity = 1.69241 s
time for set_conductivity = 1.68565 s
time for set_conductivity = 1.68881 s
time for set_conductivity = 1.68553 s
time for set_conductivity = 1.70244 s
lorentzian susceptibility: frequency=2.80116, gamma=2.72777
lorentzian susceptibility: frequency=1.45825, gamma=1.08966
lorentzian susceptibility: frequency=1.24532, gamma=0.251645
lorentzian susceptibility: frequency=0.130662, gamma=0.268583
drude susceptibility: frequency=1e-10, gamma=0.0379081
-----------
Memory usage:  18500367912
Number of pixels:  48315301
on time step 1 (time=0.00909091), 31.61 s/step
on time step 3 (time=0.0272727), 2.66649 s/step
on time step 5 (time=0.0454545), 2.66452 s/step
on time step 7 (time=0.0636364), 2.66452 s/step
on time step 9 (time=0.0818182), 2.66419 s/step

Field time usage:
            time stepping: 22.7231 s +/- 1.56755 s
            communicating: 3.92572 s +/- 1.56752 s
     Fourier transforming: 7.7486e-06 s +/- 3.20316e-06 s
          everything else: 0.00027287 s +/- 1.87132e-05 s


Field time usage for all processes:
        connecting chunks: 0, 0
            time stepping: 21.6147, 23.8315
          copying borders: 0, 0
            communicating: 5.03412, 2.81731
        outputting fields: 0, 0
     Fourier transforming: 5.48363e-06, 1.00136e-05
                      MPB: 0, 0
        getting farfields: 0, 0
          everything else: 0.000286102, 0.000259638

outputting timing statistics to file "ex_oled_oled_timing_statistics_2_None.csv"...

Elapsed run time = 137.7348 s
