Using MPI version 3.1, 12 processes
-----------
Initializing structure...
Splitting into 12 chunks evenly
time for choose_chunkdivision = 0.00778389 s
Working in 3D dimensions.
Computational cell is 11 x 11 x 2.4 with resolution 55
     block, center = (0,0,0.55)
          size (1e+20,1e+20,1.3)
          axes (1,0,0), (0,1,0), (0,0,1)
          dielectric constant epsilon diagonal = (2.25,2.25,2.25)
     block, center = (0,0,-0.3)
          size (1e+20,1e+20,0.4)
          axes (1,0,0), (0,1,0), (0,0,1)
          dielectric constant epsilon diagonal = (3.0625,3.0625,3.0625)
     block, center = (0,0,-0.6)
          size (1e+20,1e+20,0.2)
          axes (1,0,0), (0,1,0), (0,0,1)
          dielectric constant epsilon diagonal = (1,1,1)
time for set_epsilon = 3.37579 s
time for set_conductivity = 0.287864 s
time for set_conductivity = 0.292076 s
time for set_conductivity = 0.294455 s
time for set_conductivity = 0.294656 s
time for set_conductivity = 0.294756 s
time for set_conductivity = 0.295425 s
lorentzian susceptibility: frequency=2.80116, gamma=2.72777
lorentzian susceptibility: frequency=1.45825, gamma=1.08966
lorentzian susceptibility: frequency=1.24532, gamma=0.251645
lorentzian susceptibility: frequency=0.130662, gamma=0.268583
drude susceptibility: frequency=1e-10, gamma=0.0379081
-----------
Memory usage:  18500367912
Number of pixels:  48315301
on time step 1 (time=0.00909091), 35.8174 s/step
on time step 7 (time=0.0636364), 0.749231 s/step

Field time usage:
            time stepping: 6.50618 s +/- 0.14694 s
            communicating: 0.986041 s +/- 0.146937 s
     Fourier transforming: 1.51992e-05 s +/- 4.72387e-06 s
          everything else: 0.000308633 s +/- 2.75039e-05 s


Field time usage for all processes:
        connecting chunks: 0, 0, 0, 0, 0, 0, 0, 0, 0, 0, 0, 0
            time stepping: 6.54008, 6.56301, 6.04914, 6.51838, 6.56745, 6.57186, 6.47848, 6.55138, 6.55854, 6.52166, 6.58637, 6.56784
          copying borders: 0, 0, 0, 0, 0, 0, 0, 0, 0, 0, 0, 0
            communicating: 0.952138, 0.929324, 1.44309, 0.973602, 0.924809, 0.920411, 1.01383, 0.940725, 0.933645, 0.970531, 0.905856, 0.92453
        outputting fields: 0, 0, 0, 0, 0, 0, 0, 0, 0, 0, 0, 0
     Fourier transforming: 6.91414e-06, 9.53674e-06, 1.23978e-05, 1.16825e-05, 1.35899e-05, 1.50204e-05, 1.50204e-05, 1.54972e-05, 2.0504e-05, 2.09808e-05, 1.97887e-05, 2.14577e-05
                      MPB: 0, 0, 0, 0, 0, 0, 0, 0, 0, 0, 0, 0
        getting farfields: 0, 0, 0, 0, 0, 0, 0, 0, 0, 0, 0, 0
          everything else: 0.00030303, 0.000285864, 0.000343084, 0.000344992, 0.00026989, 0.000262976, 0.000306368, 0.000322104, 0.000293493, 0.000317812, 0.000342846, 0.000311136

outputting timing statistics to file "ex_oled_oled_timing_statistics_12_None.csv"...

Elapsed run time = 56.7377 s
