Using MPI version 3.1, 16 processes
-----------
Initializing structure...
Splitting into 16 chunks evenly
time for choose_chunkdivision = 0.0109303 s
Working in 3D dimensions.
Computational cell is 11 x 11 x 2.4 with resolution 55
     block, center = (0,0,0.55)
          size (1e+20,1e+20,1.3)
          axes (1,0,0), (0,1,0), (0,0,1)
          dielectric constant epsilon diagonal = (2.25,2.25,2.25)
     block, center = (0,0,-0.3)
          size (1e+20,1e+20,0.4)
          axes (1,0,0), (0,1,0), (0,0,1)
          dielectric constant epsilon diagonal = (3.0625,3.0625,3.0625)
     block, center = (0,0,-0.6)
          size (1e+20,1e+20,0.2)
          axes (1,0,0), (0,1,0), (0,0,1)
          dielectric constant epsilon diagonal = (1,1,1)
time for set_epsilon = 2.5157 s
time for set_conductivity = 0.233279 s
time for set_conductivity = 0.236226 s
time for set_conductivity = 0.238775 s
time for set_conductivity = 0.238745 s
time for set_conductivity = 0.238569 s
time for set_conductivity = 0.238852 s
lorentzian susceptibility: frequency=2.80116, gamma=2.72777
lorentzian susceptibility: frequency=1.45825, gamma=1.08966
lorentzian susceptibility: frequency=1.24532, gamma=0.251645
lorentzian susceptibility: frequency=0.130662, gamma=0.268583
drude susceptibility: frequency=1e-10, gamma=0.0379081
-----------
Memory usage:  18500367912
Number of pixels:  48315301
on time step 1 (time=0.00909091), 40.5002 s/step
on time step 7 (time=0.0636364), 0.715267 s/step

Field time usage:
            time stepping: 6.26747 s +/- 0.1848 s
            communicating: 0.884973 s +/- 0.184718 s
     Fourier transforming: 2.31415e-05 s +/- 8.07695e-06 s
          everything else: 0.000382841 s +/- 4.96254e-05 s


Field time usage for all processes:
        connecting chunks: 0, 0, 0, 0, 0, 0, 0, 0, 0, 0, 0, 0, 0, 0, 0, 0
            time stepping: 6.36971, 6.37817, 6.34345, 5.96536, 6.35144, 5.95828, 6.36708, 6.37599, 6.3396, 5.95289, 6.40173, 6.36761, 5.95858, 6.37239, 6.3795, 6.39779
          copying borders: 0, 0, 0, 0, 0, 0, 0, 0, 0, 0, 0, 0, 0, 0, 0, 0
            communicating: 0.782657, 0.774428, 0.809086, 1.18693, 0.800923, 1.194, 0.785568, 0.776472, 0.812916, 1.19946, 0.750832, 0.785021, 1.19373, 0.779965, 0.772921, 0.754672
        outputting fields: 0, 0, 0, 0, 0, 0, 0, 0, 0, 0, 0, 0, 0, 0, 0, 0
     Fourier transforming: 1.07288e-05, 8.34465e-06, 1.38283e-05, 2.28882e-05, 1.81198e-05, 2.21729e-05, 1.5974e-05, 2.3365e-05, 2.24113e-05, 3.19481e-05, 2.3365e-05, 2.86102e-05, 3.21865e-05, 3.38554e-05, 2.95639e-05, 3.29018e-05
                      MPB: 0, 0, 0, 0, 0, 0, 0, 0, 0, 0, 0, 0, 0, 0, 0, 0
        getting farfields: 0, 0, 0, 0, 0, 0, 0, 0, 0, 0, 0, 0, 0, 0, 0, 0
          everything else: 0.000391006, 0.000316381, 0.00038147, 0.000466824, 0.000427246, 0.000448465, 0.000323296, 0.000338316, 0.000342846, 0.00036931, 0.000383139, 0.000324965, 0.000460386, 0.000423431, 0.000356913, 0.000371456

outputting timing statistics to file "ex_oled_oled_timing_statistics_16_None.csv"...

Elapsed run time = 57.8444 s
