Using MPI version 3.1, 32 processes
-----------
Initializing structure...
Splitting into 32 chunks evenly
time for choose_chunkdivision = 0.0238702 s
Working in 3D dimensions.
Computational cell is 11 x 11 x 2.4 with resolution 55
     block, center = (0,0,0.55)
          size (1e+20,1e+20,1.3)
          axes (1,0,0), (0,1,0), (0,0,1)
          dielectric constant epsilon diagonal = (2.25,2.25,2.25)
     block, center = (0,0,-0.3)
          size (1e+20,1e+20,0.4)
          axes (1,0,0), (0,1,0), (0,0,1)
          dielectric constant epsilon diagonal = (3.0625,3.0625,3.0625)
     block, center = (0,0,-0.6)
          size (1e+20,1e+20,0.2)
          axes (1,0,0), (0,1,0), (0,0,1)
          dielectric constant epsilon diagonal = (1,1,1)
time for set_epsilon = 1.29003 s
time for set_conductivity = 0.112455 s
time for set_conductivity = 0.113987 s
time for set_conductivity = 0.115734 s
time for set_conductivity = 0.115749 s
time for set_conductivity = 0.115566 s
time for set_conductivity = 0.115695 s
lorentzian susceptibility: frequency=2.80116, gamma=2.72777
lorentzian susceptibility: frequency=1.45825, gamma=1.08966
lorentzian susceptibility: frequency=1.24532, gamma=0.251645
lorentzian susceptibility: frequency=0.130662, gamma=0.268583
drude susceptibility: frequency=1e-10, gamma=0.0379081
-----------
Memory usage:  18500367912
Number of pixels:  48315301
on time step 1 (time=0.00909091), 75.8471 s/step
on time step 10 (time=0.0909091), 0.450779 s/step

Field time usage:
            time stepping: 3.30322 s +/- 0.749499 s
            communicating: 1.20408 s +/- 0.749427 s
     Fourier transforming: 3.77595e-05 s +/- 1.31682e-05 s
          everything else: 0.000524558 s +/- 7.83111e-05 s


Field time usage for all processes:
        connecting chunks: 0, 0, 0, 0, 0, 0, 0, 0, 0, 0, 0, 0, 0, 0, 0, 0, 0, 0, 0, 0, 0, 0, 0, 0, 0, 0, 0, 0, 0, 0, 0, 0
            time stepping: 3.93011, 3.9901, 3.92725, 3.77475, 3.94296, 3.9666, 3.73568, 3.77006, 3.94757, 3.77257, 3.76099, 3.7721, 3.96846, 3.97335, 3.77727, 3.97306, 3.94282, 3.96237, 3.7496, 3.77228, 2.41302, 2.41343, 2.26261, 2.41017, 2.25626, 2.28248, 2.27917, 2.40331, 2.28252, 2.42159, 2.43493, 2.43349
          copying borders: 0, 0, 0, 0, 0, 0, 0, 0, 0, 0, 0, 0, 0, 0, 0, 0, 0, 0, 0, 0, 0, 0, 0, 0, 0, 0, 0, 0, 0, 0, 0, 0
            communicating: 0.577167, 0.517169, 0.580205, 0.732562, 0.564284, 0.540781, 0.771677, 0.737294, 0.559854, 0.734621, 0.746228, 0.735188, 0.538652, 0.534253, 0.729839, 0.534461, 0.564628, 0.545134, 0.757848, 0.735018, 2.09397, 2.09394, 2.24443, 2.09749, 2.25072, 2.22449, 2.22763, 2.10372, 2.22487, 2.08594, 2.07249, 2.07388
        outputting fields: 0, 0, 0, 0, 0, 0, 0, 0, 0, 0, 0, 0, 0, 0, 0, 0, 0, 0, 0, 0, 0, 0, 0, 0, 0, 0, 0, 0, 0, 0, 0, 0
     Fourier transforming: 1.3113e-05, 1.7643e-05, 1.43051e-05, 2.38419e-05, 2.0504e-05, 2.09808e-05, 2.3365e-05, 2.93255e-05, 2.19345e-05, 2.93255e-05, 4.50611e-05, 3.45707e-05, 4.17233e-05, 3.48091e-05, 4.60148e-05, 4.31538e-05, 3.05176e-05, 4.48227e-05, 5.38826e-05, 5.38826e-05, 3.8147e-05, 4.22001e-05, 4.60148e-05, 4.52995e-05, 4.02927e-05, 4.48227e-05, 4.95911e-05, 4.41074e-05, 4.36306e-05, 5.00679e-05, 6.34193e-05, 5.79357e-05
                      MPB: 0, 0, 0, 0, 0, 0, 0, 0, 0, 0, 0, 0, 0, 0, 0, 0, 0, 0, 0, 0, 0, 0, 0, 0, 0, 0, 0, 0, 0, 0, 0, 0
        getting farfields: 0, 0, 0, 0, 0, 0, 0, 0, 0, 0, 0, 0, 0, 0, 0, 0, 0, 0, 0, 0, 0, 0, 0, 0, 0, 0, 0, 0, 0, 0, 0, 0
          everything else: 0.000589371, 0.000606537, 0.000451088, 0.000592232, 0.000556707, 0.000493765, 0.000581026, 0.000581026, 0.000521421, 0.000604391, 0.000666618, 0.000576735, 0.000600338, 0.000529289, 0.00061059, 0.000509024, 0.000501394, 0.000517607, 0.000597477, 0.000610828, 0.000453472, 0.000556231, 0.00044179, 0.000387907, 0.000475407, 0.000415564, 0.000439167, 0.000379086, 0.000397921, 0.000423431, 0.000529051, 0.000589371

outputting timing statistics to file "ex_oled_oled_timing_statistics_32_None.csv"...

Elapsed run time = 85.6014 s
