Using MPI version 3.1, 36 processes
-----------
Initializing structure...
Splitting into 36 chunks evenly
time for choose_chunkdivision = 0.0273769 s
Working in 3D dimensions.
Computational cell is 11 x 11 x 2.4 with resolution 55
     block, center = (0,0,0.55)
          size (1e+20,1e+20,1.3)
          axes (1,0,0), (0,1,0), (0,0,1)
          dielectric constant epsilon diagonal = (2.25,2.25,2.25)
     block, center = (0,0,-0.3)
          size (1e+20,1e+20,0.4)
          axes (1,0,0), (0,1,0), (0,0,1)
          dielectric constant epsilon diagonal = (3.0625,3.0625,3.0625)
     block, center = (0,0,-0.6)
          size (1e+20,1e+20,0.2)
          axes (1,0,0), (0,1,0), (0,0,1)
          dielectric constant epsilon diagonal = (1,1,1)
time for set_epsilon = 1.13283 s
time for set_conductivity = 0.101018 s
time for set_conductivity = 0.102592 s
time for set_conductivity = 0.104101 s
time for set_conductivity = 0.103732 s
time for set_conductivity = 0.103581 s
time for set_conductivity = 0.104064 s
lorentzian susceptibility: frequency=2.80116, gamma=2.72777
lorentzian susceptibility: frequency=1.45825, gamma=1.08966
lorentzian susceptibility: frequency=1.24532, gamma=0.251645
lorentzian susceptibility: frequency=0.130662, gamma=0.268583
drude susceptibility: frequency=1e-10, gamma=0.0379081
-----------
Memory usage:  18500367912
Number of pixels:  48315301
on time step 1 (time=0.00909091), 84.254 s/step

Field time usage:
            time stepping: 3.13869 s +/- 0.372494 s
            communicating: 0.904699 s +/- 0.372473 s
     Fourier transforming: 4.43392e-05 s +/- 1.48681e-05 s
          everything else: 0.000576046 s +/- 8.45185e-05 s


Field time usage for all processes:
        connecting chunks: 0, 0, 0, 0, 0, 0, 0, 0, 0, 0, 0, 0, 0, 0, 0, 0, 0, 0, 0, 0, 0, 0, 0, 0, 0, 0, 0, 0, 0, 0, 0, 0, 0, 0, 0, 0
            time stepping: 3.5156, 3.53998, 3.5189, 3.54318, 3.55282, 3.5097, 3.337, 3.35866, 3.36381, 3.51074, 3.36834, 3.32051, 3.35395, 3.51879, 3.54339, 3.52551, 3.36177, 3.555, 3.5195, 3.35318, 2.64202, 2.66044, 2.76007, 2.80101, 2.79576, 2.66542, 2.82514, 2.62754, 2.65747, 2.66096, 2.80936, 2.65281, 2.82071, 2.80014, 2.81362, 2.83003
          copying borders: 0, 0, 0, 0, 0, 0, 0, 0, 0, 0, 0, 0, 0, 0, 0, 0, 0, 0, 0, 0, 0, 0, 0, 0, 0, 0, 0, 0, 0, 0, 0, 0, 0, 0, 0, 0
            communicating: 0.527975, 0.503455, 0.524398, 0.500273, 0.490567, 0.533652, 0.706301, 0.684658, 0.679503, 0.532732, 0.674994, 0.722865, 0.689374, 0.524675, 0.500146, 0.517947, 0.681609, 0.488462, 0.523937, 0.689978, 1.40111, 1.38275, 1.2832, 1.24251, 1.24722, 1.37817, 1.21847, 1.4157, 1.38565, 1.38227, 1.2339, 1.39079, 1.22291, 1.24339, 1.23001, 1.21362
        outputting fields: 0, 0, 0, 0, 0, 0, 0, 0, 0, 0, 0, 0, 0, 0, 0, 0, 0, 0, 0, 0, 0, 0, 0, 0, 0, 0, 0, 0, 0, 0, 0, 0, 0, 0, 0, 0
     Fourier transforming: 1.04904e-05, 2.07424e-05, 2.09808e-05, 2.28882e-05, 2.7895e-05, 2.93255e-05, 3.24249e-05, 3.29018e-05, 3.38554e-05, 3.12328e-05, 4.02927e-05, 3.91006e-05, 4.24385e-05, 3.12328e-05, 3.26633e-05, 4.31538e-05, 5.10216e-05, 3.60012e-05, 5.14984e-05, 6.07967e-05, 5.72205e-05, 5.17368e-05, 5.14984e-05, 4.74453e-05, 6.24657e-05, 5.29289e-05, 4.00543e-05, 6.05583e-05, 6.62804e-05, 6.17504e-05, 6.22272e-05, 5.60284e-05, 5.62668e-05, 6.36578e-05, 6.50883e-05, 5.00679e-05
                      MPB: 0, 0, 0, 0, 0, 0, 0, 0, 0, 0, 0, 0, 0, 0, 0, 0, 0, 0, 0, 0, 0, 0, 0, 0, 0, 0, 0, 0, 0, 0, 0, 0, 0, 0, 0, 0
        getting farfields: 0, 0, 0, 0, 0, 0, 0, 0, 0, 0, 0, 0, 0, 0, 0, 0, 0, 0, 0, 0, 0, 0, 0, 0, 0, 0, 0, 0, 0, 0, 0, 0, 0, 0, 0, 0
          everything else: 0.000661135, 0.000664473, 0.000597239, 0.000592709, 0.000753164, 0.000653982, 0.000711679, 0.000692606, 0.000662565, 0.000501394, 0.00066185, 0.000612736, 0.000624657, 0.000565529, 0.000488997, 0.000566244, 0.000583887, 0.000597477, 0.000556231, 0.000706673, 0.00061059, 0.000524998, 0.00051856, 0.000585079, 0.000569344, 0.000489712, 0.000546932, 0.000583649, 0.000543594, 0.000530958, 0.000495434, 0.000396252, 0.000410557, 0.000430107, 0.000483513, 0.000563145

outputting timing statistics to file "ex_oled_oled_timing_statistics_36_None.csv"...

Elapsed run time = 92.9347 s
