Using MPI version 3.1, 20 processes
-----------
Initializing structure...
Splitting into 20 chunks evenly
time for choose_chunkdivision = 0.0143766 s
Working in 3D dimensions.
Computational cell is 11 x 11 x 2.4 with resolution 55
     block, center = (0,0,0.55)
          size (1e+20,1e+20,1.3)
          axes (1,0,0), (0,1,0), (0,0,1)
          dielectric constant epsilon diagonal = (2.25,2.25,2.25)
     block, center = (0,0,-0.3)
          size (1e+20,1e+20,0.4)
          axes (1,0,0), (0,1,0), (0,0,1)
          dielectric constant epsilon diagonal = (3.0625,3.0625,3.0625)
     block, center = (0,0,-0.6)
          size (1e+20,1e+20,0.2)
          axes (1,0,0), (0,1,0), (0,0,1)
          dielectric constant epsilon diagonal = (1,1,1)
time for set_epsilon = 2.0248 s
time for set_conductivity = 0.176796 s
time for set_conductivity = 0.179008 s
time for set_conductivity = 0.181283 s
time for set_conductivity = 0.180795 s
time for set_conductivity = 0.181126 s
time for set_conductivity = 0.181638 s
lorentzian susceptibility: frequency=2.80116, gamma=2.72777
lorentzian susceptibility: frequency=1.45825, gamma=1.08966
lorentzian susceptibility: frequency=1.24532, gamma=0.251645
lorentzian susceptibility: frequency=0.130662, gamma=0.268583
drude susceptibility: frequency=1e-10, gamma=0.0379081
-----------
Memory usage:  18500367912
Number of pixels:  48315301
on time step 1 (time=0.00909091), 50.5846 s/step
on time step 7 (time=0.0636364), 0.72506 s/step

Field time usage:
            time stepping: 6.33406 s +/- 0.174466 s
            communicating: 0.916659 s +/- 0.174339 s
     Fourier transforming: 3.33428e-05 s +/- 1.16309e-05 s
          everything else: 0.000464988 s +/- 7.96914e-05 s


Field time usage for all processes:
        connecting chunks: 0, 0, 0, 0, 0, 0, 0, 0, 0, 0, 0, 0, 0, 0, 0, 0, 0, 0, 0, 0
            time stepping: 6.39012, 6.40271, 6.41773, 6.09378, 6.04778, 6.41888, 6.02254, 6.40401, 6.44859, 6.44354, 6.4387, 6.01538, 6.43223, 6.4463, 6.44682, 6.03284, 6.45066, 6.40577, 6.45192, 6.47093
          copying borders: 0, 0, 0, 0, 0, 0, 0, 0, 0, 0, 0, 0, 0, 0, 0, 0, 0, 0, 0, 0
            communicating: 0.860811, 0.848157, 0.833088, 1.15654, 1.2025, 0.831873, 1.228, 0.846849, 0.802181, 0.807334, 0.812094, 1.23535, 0.818662, 0.804336, 0.803844, 1.2177, 0.800002, 0.845097, 0.798908, 0.779838
        outputting fields: 0, 0, 0, 0, 0, 0, 0, 0, 0, 0, 0, 0, 0, 0, 0, 0, 0, 0, 0, 0
     Fourier transforming: 1.12057e-05, 1.52588e-05, 1.74046e-05, 3.14713e-05, 2.83718e-05, 2.83718e-05, 2.98023e-05, 2.14577e-05, 3.33786e-05, 3.33786e-05, 3.05176e-05, 4.24385e-05, 2.74181e-05, 4.55379e-05, 4.52995e-05, 4.98295e-05, 4.33922e-05, 3.76701e-05, 5.4121e-05, 4.05312e-05
                      MPB: 0, 0, 0, 0, 0, 0, 0, 0, 0, 0, 0, 0, 0, 0, 0, 0, 0, 0, 0, 0
        getting farfields: 0, 0, 0, 0, 0, 0, 0, 0, 0, 0, 0, 0, 0, 0, 0, 0, 0, 0, 0, 0
          everything else: 0.000368118, 0.000390768, 0.000386715, 0.000618696, 0.000608921, 0.000428915, 0.000518084, 0.000477076, 0.000483751, 0.000480175, 0.000432253, 0.000424862, 0.000386715, 0.000534058, 0.000433207, 0.000611067, 0.000469446, 0.000346422, 0.000452757, 0.00044775

outputting timing statistics to file "ex_oled_oled_timing_statistics_20_None.csv"...

Elapsed run time = 66.0443 s
