Using MPI version 3.1, 24 processes
-----------
Initializing structure...
Splitting into 24 chunks evenly
time for choose_chunkdivision = 0.0176847 s
Working in 3D dimensions.
Computational cell is 11 x 11 x 2.4 with resolution 55
     block, center = (0,0,0.55)
          size (1e+20,1e+20,1.3)
          axes (1,0,0), (0,1,0), (0,0,1)
          dielectric constant epsilon diagonal = (2.25,2.25,2.25)
     block, center = (0,0,-0.3)
          size (1e+20,1e+20,0.4)
          axes (1,0,0), (0,1,0), (0,0,1)
          dielectric constant epsilon diagonal = (3.0625,3.0625,3.0625)
     block, center = (0,0,-0.6)
          size (1e+20,1e+20,0.2)
          axes (1,0,0), (0,1,0), (0,0,1)
          dielectric constant epsilon diagonal = (1,1,1)
time for set_epsilon = 1.70898 s
time for set_conductivity = 0.148162 s
time for set_conductivity = 0.149811 s
time for set_conductivity = 0.152215 s
time for set_conductivity = 0.151633 s
time for set_conductivity = 0.15168 s
time for set_conductivity = 0.151948 s
lorentzian susceptibility: frequency=2.80116, gamma=2.72777
lorentzian susceptibility: frequency=1.45825, gamma=1.08966
lorentzian susceptibility: frequency=1.24532, gamma=0.251645
lorentzian susceptibility: frequency=0.130662, gamma=0.268583
drude susceptibility: frequency=1e-10, gamma=0.0379081
-----------
Memory usage:  18500367912
Number of pixels:  48315301
on time step 1 (time=0.00909091), 57.5668 s/step
on time step 8 (time=0.0727273), 0.598557 s/step

Field time usage:
            time stepping: 4.62116 s +/- 1.27696 s
            communicating: 1.36151 s +/- 1.27706 s
     Fourier transforming: 2.97825e-05 s +/- 1.42655e-05 s
          everything else: 0.000472943 s +/- 7.92614e-05 s


Field time usage for all processes:
        connecting chunks: 0, 0, 0, 0, 0, 0, 0, 0, 0, 0, 0, 0, 0, 0, 0, 0, 0, 0, 0, 0, 0, 0, 0, 0
            time stepping: 5.2657, 5.30161, 5.28873, 5.25023, 5.02664, 5.0203, 5.24061, 5.01175, 5.02359, 5.28427, 5.31175, 5.32521, 5.26235, 5.02061, 5.02282, 5.2839, 5.30461, 5.29449, 4.99741, 5.01503, 1.86083, 1.82437, 1.8355, 1.83543
          copying borders: 0, 0, 0, 0, 0, 0, 0, 0, 0, 0, 0, 0, 0, 0, 0, 0, 0, 0, 0, 0, 0, 0, 0, 0
            communicating: 0.717008, 0.680707, 0.694021, 0.732542, 0.955807, 0.962099, 0.742241, 0.970785, 0.95889, 0.698464, 0.67109, 0.657465, 0.720397, 0.961844, 0.959583, 0.698916, 0.678188, 0.688265, 0.985042, 0.967374, 4.1221, 4.15851, 4.14757, 4.14744
        outputting fields: 0, 0, 0, 0, 0, 0, 0, 0, 0, 0, 0, 0, 0, 0, 0, 0, 0, 0, 0, 0, 0, 0, 0, 0
     Fourier transforming: 1.35899e-05, 1.50204e-05, 1.5974e-05, 1.69277e-05, 2.93255e-05, 3.09944e-05, 1.95503e-05, 3.31402e-05, 3.21865e-05, 2.28882e-05, 3.60012e-05, 3.88622e-05, 2.90871e-05, 4.48227e-05, 5.126e-05, 2.64645e-05, 4.07696e-05, 4.48227e-05, 5.62668e-05, 5.8651e-05, 1.40667e-05, 1.19209e-05, 2.00272e-05, 1.21593e-05
                      MPB: 0, 0, 0, 0, 0, 0, 0, 0, 0, 0, 0, 0, 0, 0, 0, 0, 0, 0, 0, 0, 0, 0, 0, 0
        getting farfields: 0, 0, 0, 0, 0, 0, 0, 0, 0, 0, 0, 0, 0, 0, 0, 0, 0, 0, 0, 0, 0, 0, 0, 0
          everything else: 0.000443697, 0.000526667, 0.000427008, 0.000417471, 0.000511169, 0.000575542, 0.000394821, 0.000560522, 0.000564575, 0.000433922, 0.000454187, 0.0004673, 0.000393867, 0.00047183, 0.000536442, 0.000423431, 0.000404358, 0.000408649, 0.000638247, 0.000590563, 0.000495911, 0.000472546, 0.00028348, 0.000454426

outputting timing statistics to file "ex_oled_oled_timing_statistics_24_None.csv"...

Elapsed run time = 70.4678 s
