Using MPI version 3.1, 28 processes
-----------
Initializing structure...
Splitting into 28 chunks evenly
time for choose_chunkdivision = 0.0208337 s
Working in 3D dimensions.
Computational cell is 11 x 11 x 2.4 with resolution 55
     block, center = (0,0,0.55)
          size (1e+20,1e+20,1.3)
          axes (1,0,0), (0,1,0), (0,0,1)
          dielectric constant epsilon diagonal = (2.25,2.25,2.25)
     block, center = (0,0,-0.3)
          size (1e+20,1e+20,0.4)
          axes (1,0,0), (0,1,0), (0,0,1)
          dielectric constant epsilon diagonal = (3.0625,3.0625,3.0625)
     block, center = (0,0,-0.6)
          size (1e+20,1e+20,0.2)
          axes (1,0,0), (0,1,0), (0,0,1)
          dielectric constant epsilon diagonal = (1,1,1)
time for set_epsilon = 1.44691 s
time for set_conductivity = 0.127665 s
time for set_conductivity = 0.129483 s
time for set_conductivity = 0.131023 s
time for set_conductivity = 0.130985 s
time for set_conductivity = 0.130679 s
time for set_conductivity = 0.131077 s
lorentzian susceptibility: frequency=2.80116, gamma=2.72777
lorentzian susceptibility: frequency=1.45825, gamma=1.08966
lorentzian susceptibility: frequency=1.24532, gamma=0.251645
lorentzian susceptibility: frequency=0.130662, gamma=0.268583
drude susceptibility: frequency=1e-10, gamma=0.0379081
-----------
Memory usage:  18500367912
Number of pixels:  48315301
on time step 1 (time=0.00909091), 67.2482 s/step
on time step 9 (time=0.0818182), 0.514997 s/step

Field time usage:
            time stepping: 3.75247 s +/- 1.12785 s
            communicating: 1.39639 s +/- 1.12789 s
     Fourier transforming: 3.46388e-05 s +/- 1.09772e-05 s
          everything else: 0.000474904 s +/- 0.000100387 s


Field time usage for all processes:
        connecting chunks: 0, 0, 0, 0, 0, 0, 0, 0, 0, 0, 0, 0, 0, 0, 0, 0, 0, 0, 0, 0, 0, 0, 0, 0, 0, 0, 0, 0
            time stepping: 4.50656, 4.55007, 4.53938, 4.53433, 4.5569, 4.29488, 4.3134, 4.52719, 4.32288, 4.3171, 4.55604, 4.55666, 4.30719, 4.55587, 4.53006, 4.32201, 4.35014, 4.52001, 4.55535, 4.28265, 2.06997, 1.90561, 1.92696, 2.06022, 1.921, 2.07133, 2.04659, 2.06889
          copying borders: 0, 0, 0, 0, 0, 0, 0, 0, 0, 0, 0, 0, 0, 0, 0, 0, 0, 0, 0, 0, 0, 0, 0, 0, 0, 0, 0, 0
            communicating: 0.642221, 0.598778, 0.609549, 0.614301, 0.592034, 0.853912, 0.835367, 0.621656, 0.825823, 0.831538, 0.59263, 0.592659, 0.84148, 0.593104, 0.618781, 0.826666, 0.7985, 0.628973, 0.593891, 0.866122, 3.079, 3.2432, 3.22181, 3.0886, 3.22787, 3.07765, 3.10259, 3.08023
        outputting fields: 0, 0, 0, 0, 0, 0, 0, 0, 0, 0, 0, 0, 0, 0, 0, 0, 0, 0, 0, 0, 0, 0, 0, 0, 0, 0, 0, 0
     Fourier transforming: 1.38283e-05, 1.28746e-05, 1.88351e-05, 1.95503e-05, 2.14577e-05, 3.09944e-05, 3.0756e-05, 2.74181e-05, 3.3617e-05, 3.45707e-05, 3.74317e-05, 3.48091e-05, 4.36306e-05, 4.52995e-05, 3.86238e-05, 4.79221e-05, 5.29289e-05, 4.50611e-05, 3.86238e-05, 6.07967e-05, 3.33786e-05, 3.31402e-05, 3.67165e-05, 3.38554e-05, 3.79086e-05, 4.07696e-05, 3.02792e-05, 3.48091e-05
                      MPB: 0, 0, 0, 0, 0, 0, 0, 0, 0, 0, 0, 0, 0, 0, 0, 0, 0, 0, 0, 0, 0, 0, 0, 0, 0, 0, 0, 0
        getting farfields: 0, 0, 0, 0, 0, 0, 0, 0, 0, 0, 0, 0, 0, 0, 0, 0, 0, 0, 0, 0, 0, 0, 0, 0, 0, 0, 0, 0
          everything else: 0.000528812, 0.000463247, 0.000455141, 0.000453234, 0.000474215, 0.000532627, 0.000541925, 0.000485897, 0.000587225, 0.000587702, 0.000629425, 0.00045228, 0.000601292, 0.000515938, 0.000514269, 0.000594616, 0.000646591, 0.000475645, 0.00044632, 0.000533104, 0.000352621, 0.000342369, 0.000327349, 0.000303984, 0.000320673, 0.000331879, 0.000353813, 0.000445127

outputting timing statistics to file "ex_oled_oled_timing_statistics_28_None.csv"...

Elapsed run time = 78.3144 s
