Using MPI version 3.1, 8 processes
-----------
Initializing structure...
Splitting into 8 chunks evenly
time for choose_chunkdivision = 0.00462341 s
Working in 3D dimensions.
Computational cell is 11 x 11 x 2.4 with resolution 55
     block, center = (0,0,0.55)
          size (1e+20,1e+20,1.3)
          axes (1,0,0), (0,1,0), (0,0,1)
          dielectric constant epsilon diagonal = (2.25,2.25,2.25)
     block, center = (0,0,-0.3)
          size (1e+20,1e+20,0.4)
          axes (1,0,0), (0,1,0), (0,0,1)
          dielectric constant epsilon diagonal = (3.0625,3.0625,3.0625)
     block, center = (0,0,-0.6)
          size (1e+20,1e+20,0.2)
          axes (1,0,0), (0,1,0), (0,0,1)
          dielectric constant epsilon diagonal = (1,1,1)
time for set_epsilon = 5.01513 s
time for set_conductivity = 0.423907 s
time for set_conductivity = 0.428119 s
time for set_conductivity = 0.432505 s
time for set_conductivity = 0.432386 s
time for set_conductivity = 0.433146 s
time for set_conductivity = 0.433895 s
lorentzian susceptibility: frequency=2.80116, gamma=2.72777
lorentzian susceptibility: frequency=1.45825, gamma=1.08966
lorentzian susceptibility: frequency=1.24532, gamma=0.251645
lorentzian susceptibility: frequency=0.130662, gamma=0.268583
drude susceptibility: frequency=1e-10, gamma=0.0379081
-----------
Memory usage:  18500367912
Number of pixels:  48315301
on time step 1 (time=0.00909091), 29.9926 s/step
on time step 6 (time=0.0545455), 0.838709 s/step

Field time usage:
            time stepping: 7.31562 s +/- 0.0398878 s
            communicating: 1.07336 s +/- 0.0398971 s
     Fourier transforming: 8.61287e-06 s +/- 2.80784e-06 s
          everything else: 0.00026989 s +/- 2.24909e-05 s


Field time usage for all processes:
        connecting chunks: 0, 0, 0, 0, 0, 0, 0, 0
            time stepping: 7.34775, 7.34059, 7.23987, 7.31971, 7.31052, 7.33605, 7.27473, 7.35576
          copying borders: 0, 0, 0, 0, 0, 0, 0, 0
            communicating: 1.04118, 1.04822, 1.1491, 1.06943, 1.07856, 1.05295, 1.11423, 1.03325
        outputting fields: 0, 0, 0, 0, 0, 0, 0, 0
     Fourier transforming: 5.48363e-06, 5.48363e-06, 6.4373e-06, 9.77516e-06, 8.34465e-06, 1.07288e-05, 9.05991e-06, 1.35899e-05
                      MPB: 0, 0, 0, 0, 0, 0, 0, 0
        getting farfields: 0, 0, 0, 0, 0, 0, 0, 0
          everything else: 0.000254393, 0.000257015, 0.000255585, 0.000255346, 0.000257492, 0.000317335, 0.000286818, 0.000275135

outputting timing statistics to file "ex_oled_oled_timing_statistics_8_None.csv"...

Elapsed run time = 58.3924 s
