Using MPI version 3.1, 8 processes
-----------
Initializing structure...
Splitting into 8 chunks by cost
time for choose_chunkdivision = 0.777951 s
Working in 3D dimensions.
Computational cell is 15 x 15 x 6 with resolution 50
     block, center = (0,0,0.4)
          size (1e+20,1e+20,0.6)
          axes (1,0,0), (0,1,0), (0,0,1)
          dielectric constant epsilon diagonal = (1,1,1)
     block, center = (0,0,-0.4)
          size (1e+20,1e+20,0.6)
          axes (1,0,0), (0,1,0), (0,0,1)
          dielectric constant epsilon diagonal = (1,1,1)
     cylinder, center = (-7.23,-7.23,0.45)
          radius 0.1, height 0.5, axis (0, 0, 1)
          dielectric constant epsilon diagonal = (1,1,1)
     cylinder, center = (-7.23,-7.23,-0.35)
          radius 0.25, height 0.5, axis (0, 0, 1)
          dielectric constant epsilon diagonal = (1,1,1)
     cylinder, center = (-7.23,-6.73,0.45)
          radius 0.1, height 0.5, axis (0, 0, 1)
          dielectric constant epsilon diagonal = (1,1,1)
     cylinder, center = (-7.23,-6.73,-0.35)
          radius 0.25, height 0.5, axis (0, 0, 1)
          dielectric constant epsilon diagonal = (1,1,1)
     cylinder, center = (-7.23,-6.23,0.45)
          radius 0.1, height 0.5, axis (0, 0, 1)
          dielectric constant epsilon diagonal = (1,1,1)
     cylinder, center = (-7.23,-6.23,-0.35)
          radius 0.25, height 0.5, axis (0, 0, 1)
          dielectric constant epsilon diagonal = (1,1,1)
     cylinder, center = (-7.23,-5.73,0.45)
          radius 0.1, height 0.5, axis (0, 0, 1)
          dielectric constant epsilon diagonal = (1,1,1)
     cylinder, center = (-7.23,-5.73,-0.35)
          radius 0.25, height 0.5, axis (0, 0, 1)
          dielectric constant epsilon diagonal = (1,1,1)
     ...(+ 1792 objects not shown)...
subpixel-averaging is 78.2665% done, 1.11075 s remaining
subpixel-averaging is 77.8421% done, 1.13868 s remaining
subpixel-averaging is 77.0781% done, 1.18963 s remaining
time for set_epsilon = 19.4443 s
time for set_conductivity = 2.22448 s
time for set_conductivity = 2.22709 s
time for set_conductivity = 2.22976 s
time for set_conductivity = 2.22365 s
time for set_conductivity = 2.22215 s
time for set_conductivity = 2.22106 s
lorentzian susceptibility: frequency=1.73, gamma=5
lorentzian susceptibility: frequency=2.76, gamma=0.126
lorentzian susceptibility: frequency=3.64, gamma=0
-----------
estimated costs per process: 11147.1, 11206.7, 11147.1, 11206.7, 11147.1, 11206.7, 11147.1, 11206.7
estimated cost mean = 11176.9, stddev = 31.8629
Memory usage:  17010000000
Number of pixels:  168750000
on time step 1 (time=0.01), 41.7007 s/step
on time step 4 (time=0.04), 1.82111 s/step
on time step 7 (time=0.07), 1.82021 s/step
on time step 10 (time=0.1), 1.81946 s/step

Field time usage:
            time stepping: 17.3153 s +/- 0.0791207 s
            communicating: 0.88581 s +/- 0.0790426 s
     Fourier transforming: 8.91089e-06 s +/- 3.38362e-06 s
          everything else: 0.000246525 s +/- 2.63779e-05 s


Field time usage for all processes:
        connecting chunks: 0, 0, 0, 0, 0, 0, 0, 0
            time stepping: 17.3739, 17.4387, 17.2242, 17.3385, 17.2976, 17.3557, 17.1967, 17.2974
          copying borders: 0, 0, 0, 0, 0, 0, 0, 0
            communicating: 0.828216, 0.762304, 0.976655, 0.862158, 0.903807, 0.845398, 1.00448, 0.903462
        outputting fields: 0, 0, 0, 0, 0, 0, 0, 0
     Fourier transforming: 4.29153e-06, 5.96046e-06, 6.91414e-06, 8.58307e-06, 8.34465e-06, 1.23978e-05, 1.0252e-05, 1.45435e-05
                      MPB: 0, 0, 0, 0, 0, 0, 0, 0
        getting farfields: 0, 0, 0, 0, 0, 0, 0, 0
          everything else: 0.000233889, 0.000264883, 0.000219822, 0.000244379, 0.000243187, 0.00030303, 0.000230789, 0.00023222

outputting timing statistics to file "ex_tandem_tandem_timing_statistics_8_None.csv"...

Elapsed run time = 131.5634 s
