Using MPI version 3.1, 16 processes
-----------
Initializing structure...
Splitting into 16 chunks by cost
time for choose_chunkdivision = 1.46641 s
Working in 3D dimensions.
Computational cell is 15 x 15 x 6 with resolution 50
     block, center = (0,0,0.4)
          size (1e+20,1e+20,0.6)
          axes (1,0,0), (0,1,0), (0,0,1)
          dielectric constant epsilon diagonal = (1,1,1)
     block, center = (0,0,-0.4)
          size (1e+20,1e+20,0.6)
          axes (1,0,0), (0,1,0), (0,0,1)
          dielectric constant epsilon diagonal = (1,1,1)
     cylinder, center = (-7.23,-7.23,0.45)
          radius 0.1, height 0.5, axis (0, 0, 1)
          dielectric constant epsilon diagonal = (1,1,1)
     cylinder, center = (-7.23,-7.23,-0.35)
          radius 0.25, height 0.5, axis (0, 0, 1)
          dielectric constant epsilon diagonal = (1,1,1)
     cylinder, center = (-7.23,-6.73,0.45)
          radius 0.1, height 0.5, axis (0, 0, 1)
          dielectric constant epsilon diagonal = (1,1,1)
     cylinder, center = (-7.23,-6.73,-0.35)
          radius 0.25, height 0.5, axis (0, 0, 1)
          dielectric constant epsilon diagonal = (1,1,1)
     cylinder, center = (-7.23,-6.23,0.45)
          radius 0.1, height 0.5, axis (0, 0, 1)
          dielectric constant epsilon diagonal = (1,1,1)
     cylinder, center = (-7.23,-6.23,-0.35)
          radius 0.25, height 0.5, axis (0, 0, 1)
          dielectric constant epsilon diagonal = (1,1,1)
     cylinder, center = (-7.23,-5.73,0.45)
          radius 0.1, height 0.5, axis (0, 0, 1)
          dielectric constant epsilon diagonal = (1,1,1)
     cylinder, center = (-7.23,-5.73,-0.35)
          radius 0.25, height 0.5, axis (0, 0, 1)
          dielectric constant epsilon diagonal = (1,1,1)
     ...(+ 1792 objects not shown)...
time for set_epsilon = 9.4213 s
time for set_conductivity = 1.06042 s
time for set_conductivity = 1.05573 s
time for set_conductivity = 1.05559 s
time for set_conductivity = 1.05313 s
time for set_conductivity = 1.05187 s
time for set_conductivity = 1.05228 s
lorentzian susceptibility: frequency=1.73, gamma=5
lorentzian susceptibility: frequency=2.76, gamma=0.126
lorentzian susceptibility: frequency=3.64, gamma=0
-----------
estimated costs per process: 5558.67, 5588.4, 5603.34, 5603.34, 5558.67, 5588.4, 5603.34, 5603.34, 5558.67, 5588.4, 5603.34, 5603.34, 5558.67, 5588.4, 5603.34, 5603.34
estimated cost mean = 5588.44, stddev = 18.8336
Memory usage:  17010000000
Number of pixels:  168750000
on time step 1 (time=0.01), 62.1037 s/step
on time step 4 (time=0.04), 1.5581 s/step
on time step 7 (time=0.07), 1.55706 s/step
on time step 10 (time=0.1), 1.5572 s/step

Field time usage:
            time stepping: 14.8668 s +/- 0.0488771 s
            communicating: 0.707173 s +/- 0.0490131 s
     Fourier transforming: 2.10851e-05 s +/- 8.47464e-06 s
          everything else: 0.000343069 s +/- 4.32897e-05 s


Field time usage for all processes:
        connecting chunks: 0, 0, 0, 0, 0, 0, 0, 0, 0, 0, 0, 0, 0, 0, 0, 0
            time stepping: 14.8393, 14.8905, 14.8786, 14.8974, 14.818, 14.8463, 14.8651, 14.8811, 14.7811, 14.8575, 14.9471, 14.9086, 14.7772, 14.8382, 14.9169, 14.9255
          copying borders: 0, 0, 0, 0, 0, 0, 0, 0, 0, 0, 0, 0, 0, 0, 0, 0
            communicating: 0.735561, 0.68435, 0.69496, 0.676287, 0.756217, 0.727912, 0.70801, 0.691922, 0.793278, 0.716715, 0.626775, 0.66571, 0.796592, 0.735693, 0.656673, 0.648112
        outputting fields: 0, 0, 0, 0, 0, 0, 0, 0, 0, 0, 0, 0, 0, 0, 0, 0
     Fourier transforming: 9.53674e-06, 1.00136e-05, 1.16825e-05, 1.43051e-05, 1.45435e-05, 1.54972e-05, 2.0504e-05, 2.14577e-05, 1.57356e-05, 2.5034e-05, 2.69413e-05, 2.59876e-05, 2.81334e-05, 3.00407e-05, 2.90871e-05, 3.88622e-05
                      MPB: 0, 0, 0, 0, 0, 0, 0, 0, 0, 0, 0, 0, 0, 0, 0, 0
        getting farfields: 0, 0, 0, 0, 0, 0, 0, 0, 0, 0, 0, 0, 0, 0, 0, 0
          everything else: 0.000395536, 0.000306606, 0.000342846, 0.000366926, 0.000281572, 0.000304699, 0.000440598, 0.000358105, 0.000283957, 0.000335693, 0.000335693, 0.000342131, 0.000391245, 0.000303507, 0.000329018, 0.000370979

outputting timing statistics to file "ex_tandem_tandem_timing_statistics_16_None.csv"...

Elapsed run time = 113.2954 s
