-----------
Initializing structure...
time for choose_chunkdivision = 0.000576894 s
Working in 3D dimensions.
Computational cell is 14 x 6.5 x 7 with resolution 50
     block, center = (-6,0,0)
          size (2,1e+20,1e+20)
          axes (1,0,0), (0,1,0), (0,0,1)
          dielectric constant epsilon diagonal = (2.4025,2.4025,2.4025)
     block, center = (0,0,0)
          size (10,1e+20,1e+20)
          axes (1,0,0), (0,1,0), (0,0,1)
          dielectric constant epsilon diagonal = (2.4025,2.71284,2.61034)
subpixel-averaging is 55.4714% done, 3.21193 s remaining
subpixel-averaging is 57.524% done, 2.95408 s remaining
subpixel-averaging is 48.2445% done, 4.29116 s remaining
time for set_epsilon = 36.2414 s
-----------
estimated costs per process: 46937.4
estimated cost mean = 46937.4, stddev = 0
Memory usage:  6344520000
Number of pixels:  79625000
on time step 1 (time=0.01), 45.2179 s/step
on time step 8 (time=0.08), 0.591323 s/step

Field time usage:
            time stepping: 3.69465 s
            communicating: 2.21847 s
     Fourier transforming: 7.25733e-06 s
          everything else: 0.000264207 s


Field time usage for all processes:
        connecting chunks: 0
            time stepping: 3.69465
          copying borders: 0
            communicating: 2.21847
        outputting fields: 0
     Fourier transforming: 7.25733e-06
                      MPB: 0
        getting farfields: 0
          everything else: 0.000264207

outputting timing statistics to file "ex_liq_liq_timing_statistics_1_12.csv"...

Elapsed run time = 87.6256 s
