-----------
Initializing structure...
time for choose_chunkdivision = 0.000578693 s
Working in 3D dimensions.
Computational cell is 14 x 6.5 x 7 with resolution 50
     block, center = (-6,0,0)
          size (2,1e+20,1e+20)
          axes (1,0,0), (0,1,0), (0,0,1)
          dielectric constant epsilon diagonal = (2.4025,2.4025,2.4025)
     block, center = (0,0,0)
          size (10,1e+20,1e+20)
          axes (1,0,0), (0,1,0), (0,0,1)
          dielectric constant epsilon diagonal = (2.4025,2.71284,2.61034)
subpixel-averaging is 37.624% done, 6.63161 s remaining
subpixel-averaging is 75.2089% done, 1.31896 s remaining
subpixel-averaging is 40.8385% done, 5.79539 s remaining
subpixel-averaging is 80.986% done, 0.939677 s remaining
subpixel-averaging is 40.8118% done, 5.8187 s remaining
subpixel-averaging is 81.3397% done, 0.918447 s remaining
time for set_epsilon = 48.601 s
-----------
estimated costs per process: 46937.4
estimated cost mean = 46937.4, stddev = 0
Memory usage:  6344520000
Number of pixels:  79625000
on time step 1 (time=0.01), 45.0754 s/step

Field time usage:
            time stepping: 2.06884 s
            communicating: 2.30016 s
     Fourier transforming: 7.3798e-06 s
          everything else: 0.000261569 s


Field time usage for all processes:
        connecting chunks: 0
            time stepping: 2.06884
          copying borders: 0
            communicating: 2.30016
        outputting fields: 0
     Fourier transforming: 7.3798e-06
                      MPB: 0
        getting farfields: 0
          everything else: 0.000261569

outputting timing statistics to file "ex_liq_liq_timing_statistics_1_32.csv"...

Elapsed run time = 98.2109 s
