-----------
Initializing structure...
Halving computational cell along direction x
Halving computational cell along direction y
Halving computational cell along direction z
time for choose_chunkdivision = 0.0015193 s
Working in 3D dimensions.
Computational cell is 21 x 4.5 x 4.21667 with resolution 120
     block, center = (0,0,0)
          size (1e+20,0.5,0.22)
          axes (1,0,0), (0,1,0), (0,0,1)
          dielectric constant epsilon diagonal = (1,1,1)
     cylinder, center = (-10.2854,0,0)
          radius 0.1204, height 1e+20, axis (0, 0, 1)
          dielectric constant epsilon diagonal = (1,1,1)
     cylinder, center = (10.2854,0,0)
          radius 0.1204, height 1e+20, axis (0, 0, 1)
          dielectric constant epsilon diagonal = (1,1,1)
     cylinder, center = (-9.8554,0,0)
          radius 0.1204, height 1e+20, axis (0, 0, 1)
          dielectric constant epsilon diagonal = (1,1,1)
     cylinder, center = (9.8554,0,0)
          radius 0.1204, height 1e+20, axis (0, 0, 1)
          dielectric constant epsilon diagonal = (1,1,1)
     cylinder, center = (-9.4254,0,0)
          radius 0.1204, height 1e+20, axis (0, 0, 1)
          dielectric constant epsilon diagonal = (1,1,1)
     cylinder, center = (9.4254,0,0)
          radius 0.1204, height 1e+20, axis (0, 0, 1)
          dielectric constant epsilon diagonal = (1,1,1)
     cylinder, center = (-8.9954,0,0)
          radius 0.1204, height 1e+20, axis (0, 0, 1)
          dielectric constant epsilon diagonal = (1,1,1)
     cylinder, center = (8.9954,0,0)
          radius 0.1204, height 1e+20, axis (0, 0, 1)
          dielectric constant epsilon diagonal = (1,1,1)
     cylinder, center = (-8.5654,0,0)
          radius 0.1204, height 1e+20, axis (0, 0, 1)
          dielectric constant epsilon diagonal = (1,1,1)
     ...(+ 41 objects not shown)...
subpixel-averaging is 90.2398% done, 0.433416 s remaining
subpixel-averaging is 72.7906% done, 1.49576 s remaining
subpixel-averaging is 66.9758% done, 1.97329 s remaining
subpixel-averaging is 89.6633% done, 0.461139 s remaining
subpixel-averaging is 73.1786% done, 1.46614 s remaining
subpixel-averaging is 66.784% done, 1.9929 s remaining
subpixel-averaging is 89.5% done, 0.469449 s remaining
subpixel-averaging is 72.3942% done, 1.52563 s remaining
subpixel-averaging is 65.7548% done, 2.08493 s remaining
time for set_epsilon = 57.9289 s
time for set_conductivity = 6.00655 s
time for set_conductivity = 6.02219 s
time for set_conductivity = 6.01609 s
time for set_conductivity = 6.01076 s
time for set_conductivity = 6.00915 s
time for set_conductivity = 6.00911 s
lorentzian susceptibility: frequency=0.000905797, gamma=0
lorentzian susceptibility: frequency=0.88125, gamma=0
lorentzian susceptibility: frequency=3.31657, gamma=0
-----------
estimated costs per process: 60232.9
estimated cost mean = 60232.9, stddev = 0
Memory usage:  6274071288
Number of pixels:  86141921
on time step 1 (time=0.00416667), 81.4983 s/step
on time step 3 (time=0.0125), 2.53349 s/step
on time step 5 (time=0.0208333), 2.51863 s/step
on time step 7 (time=0.0291667), 2.52519 s/step
on time step 9 (time=0.0375), 2.52062 s/step

Field time usage:
            time stepping: 21.5592 s
            communicating: 3.68349 s
     Fourier transforming: 5.21401e-06 s
          everything else: 0.000291667 s


Field time usage for all processes:
        connecting chunks: 0
            time stepping: 21.5592
          copying borders: 0
            communicating: 3.68349
        outputting fields: 0
     Fourier transforming: 5.21401e-06
                      MPB: 0
        getting farfields: 0
          everything else: 0.000291667

outputting timing statistics to file "ex_nanobeam_nanobeam_timing_statistics_1_32.csv"...

Elapsed run time = 302.9419 s
