-----------
Initializing structure...
Halving computational cell along direction x
Halving computational cell along direction y
Halving computational cell along direction z
time for choose_chunkdivision = 0.00152042 s
Working in 3D dimensions.
Computational cell is 21 x 4.5 x 4.21667 with resolution 120
     block, center = (0,0,0)
          size (1e+20,0.5,0.22)
          axes (1,0,0), (0,1,0), (0,0,1)
          dielectric constant epsilon diagonal = (1,1,1)
     cylinder, center = (-10.2854,0,0)
          radius 0.1204, height 1e+20, axis (0, 0, 1)
          dielectric constant epsilon diagonal = (1,1,1)
     cylinder, center = (10.2854,0,0)
          radius 0.1204, height 1e+20, axis (0, 0, 1)
          dielectric constant epsilon diagonal = (1,1,1)
     cylinder, center = (-9.8554,0,0)
          radius 0.1204, height 1e+20, axis (0, 0, 1)
          dielectric constant epsilon diagonal = (1,1,1)
     cylinder, center = (9.8554,0,0)
          radius 0.1204, height 1e+20, axis (0, 0, 1)
          dielectric constant epsilon diagonal = (1,1,1)
     cylinder, center = (-9.4254,0,0)
          radius 0.1204, height 1e+20, axis (0, 0, 1)
          dielectric constant epsilon diagonal = (1,1,1)
     cylinder, center = (9.4254,0,0)
          radius 0.1204, height 1e+20, axis (0, 0, 1)
          dielectric constant epsilon diagonal = (1,1,1)
     cylinder, center = (-8.9954,0,0)
          radius 0.1204, height 1e+20, axis (0, 0, 1)
          dielectric constant epsilon diagonal = (1,1,1)
     cylinder, center = (8.9954,0,0)
          radius 0.1204, height 1e+20, axis (0, 0, 1)
          dielectric constant epsilon diagonal = (1,1,1)
     cylinder, center = (-8.5654,0,0)
          radius 0.1204, height 1e+20, axis (0, 0, 1)
          dielectric constant epsilon diagonal = (1,1,1)
     ...(+ 41 objects not shown)...
subpixel-averaging is 86.9205% done, 0.601916 s remaining
time for set_epsilon = 35.683 s
time for set_conductivity = 6.00417 s
time for set_conductivity = 6.01434 s
time for set_conductivity = 6.01787 s
time for set_conductivity = 6.01029 s
time for set_conductivity = 6.00848 s
time for set_conductivity = 6.00037 s
lorentzian susceptibility: frequency=0.000905797, gamma=0
lorentzian susceptibility: frequency=0.88125, gamma=0
lorentzian susceptibility: frequency=3.31657, gamma=0
-----------
estimated costs per process: 60232.9
estimated cost mean = 60232.9, stddev = 0
Memory usage:  6274071288
Number of pixels:  86141921
on time step 1 (time=0.00416667), 82.8756 s/step
on time step 3 (time=0.0125), 3.37856 s/step
on time step 5 (time=0.0208333), 3.3712 s/step
on time step 7 (time=0.0291667), 3.3724 s/step
on time step 9 (time=0.0375), 3.37242 s/step

Field time usage:
            time stepping: 30.1335 s
            communicating: 3.59203 s
     Fourier transforming: 6.30971e-06 s
          everything else: 0.000281931 s


Field time usage for all processes:
        connecting chunks: 0
            time stepping: 30.1335
          copying borders: 0
            communicating: 3.59203
        outputting fields: 0
     Fourier transforming: 6.30971e-06
                      MPB: 0
        getting farfields: 0
          everything else: 0.000281931

outputting timing statistics to file "ex_nanobeam_nanobeam_timing_statistics_1_8.csv"...

Elapsed run time = 290.5125 s
