-----------
Initializing structure...
Halving computational cell along direction x
Halving computational cell along direction y
Halving computational cell along direction z
time for choose_chunkdivision = 0.00151996 s
Working in 3D dimensions.
Computational cell is 21 x 4.5 x 4.21667 with resolution 120
     block, center = (0,0,0)
          size (1e+20,0.5,0.22)
          axes (1,0,0), (0,1,0), (0,0,1)
          dielectric constant epsilon diagonal = (1,1,1)
     cylinder, center = (-10.2854,0,0)
          radius 0.1204, height 1e+20, axis (0, 0, 1)
          dielectric constant epsilon diagonal = (1,1,1)
     cylinder, center = (10.2854,0,0)
          radius 0.1204, height 1e+20, axis (0, 0, 1)
          dielectric constant epsilon diagonal = (1,1,1)
     cylinder, center = (-9.8554,0,0)
          radius 0.1204, height 1e+20, axis (0, 0, 1)
          dielectric constant epsilon diagonal = (1,1,1)
     cylinder, center = (9.8554,0,0)
          radius 0.1204, height 1e+20, axis (0, 0, 1)
          dielectric constant epsilon diagonal = (1,1,1)
     cylinder, center = (-9.4254,0,0)
          radius 0.1204, height 1e+20, axis (0, 0, 1)
          dielectric constant epsilon diagonal = (1,1,1)
     cylinder, center = (9.4254,0,0)
          radius 0.1204, height 1e+20, axis (0, 0, 1)
          dielectric constant epsilon diagonal = (1,1,1)
     cylinder, center = (-8.9954,0,0)
          radius 0.1204, height 1e+20, axis (0, 0, 1)
          dielectric constant epsilon diagonal = (1,1,1)
     cylinder, center = (8.9954,0,0)
          radius 0.1204, height 1e+20, axis (0, 0, 1)
          dielectric constant epsilon diagonal = (1,1,1)
     cylinder, center = (-8.5654,0,0)
          radius 0.1204, height 1e+20, axis (0, 0, 1)
          dielectric constant epsilon diagonal = (1,1,1)
     ...(+ 41 objects not shown)...
subpixel-averaging is 76.6785% done, 1.21817 s remaining
subpixel-averaging is 70.6461% done, 1.66594 s remaining
subpixel-averaging is 99.8426% done, 0.00630609 s remaining
subpixel-averaging is 76.0305% done, 1.26134 s remaining
subpixel-averaging is 69.5584% done, 1.7546 s remaining
subpixel-averaging is 96.1533% done, 0.160029 s remaining
subpixel-averaging is 75.455% done, 1.30119 s remaining
subpixel-averaging is 69.4996% done, 1.75987 s remaining
time for set_epsilon = 55.936 s
time for set_conductivity = 6.01015 s
time for set_conductivity = 6.02264 s
time for set_conductivity = 6.01917 s
time for set_conductivity = 6.00995 s
time for set_conductivity = 6.01849 s
time for set_conductivity = 6.00407 s
lorentzian susceptibility: frequency=0.000905797, gamma=0
lorentzian susceptibility: frequency=0.88125, gamma=0
lorentzian susceptibility: frequency=3.31657, gamma=0
-----------
estimated costs per process: 60232.9
estimated cost mean = 60232.9, stddev = 0
Memory usage:  6274071288
Number of pixels:  86141921
on time step 1 (time=0.00416667), 81.6805 s/step
on time step 3 (time=0.0125), 2.59777 s/step
on time step 5 (time=0.0208333), 2.58948 s/step
on time step 7 (time=0.0291667), 2.59271 s/step
on time step 9 (time=0.0375), 2.58995 s/step

Field time usage:
            time stepping: 22.2781 s
            communicating: 3.65085 s
     Fourier transforming: 5.76861e-06 s
          everything else: 0.000289005 s


Field time usage for all processes:
        connecting chunks: 0
            time stepping: 22.2781
          copying borders: 0
            communicating: 3.65085
        outputting fields: 0
     Fourier transforming: 5.76861e-06
                      MPB: 0
        getting farfields: 0
          everything else: 0.000289005

outputting timing statistics to file "ex_nanobeam_nanobeam_timing_statistics_1_24.csv"...

Elapsed run time = 301.7571 s
