-----------
Initializing structure...
Halving computational cell along direction x
Halving computational cell along direction y
Halving computational cell along direction z
time for choose_chunkdivision = 0.00154503 s
Working in 3D dimensions.
Computational cell is 21 x 4.5 x 4.21667 with resolution 120
     block, center = (0,0,0)
          size (1e+20,0.5,0.22)
          axes (1,0,0), (0,1,0), (0,0,1)
          dielectric constant epsilon diagonal = (1,1,1)
     cylinder, center = (-10.2854,0,0)
          radius 0.1204, height 1e+20, axis (0, 0, 1)
          dielectric constant epsilon diagonal = (1,1,1)
     cylinder, center = (10.2854,0,0)
          radius 0.1204, height 1e+20, axis (0, 0, 1)
          dielectric constant epsilon diagonal = (1,1,1)
     cylinder, center = (-9.8554,0,0)
          radius 0.1204, height 1e+20, axis (0, 0, 1)
          dielectric constant epsilon diagonal = (1,1,1)
     cylinder, center = (9.8554,0,0)
          radius 0.1204, height 1e+20, axis (0, 0, 1)
          dielectric constant epsilon diagonal = (1,1,1)
     cylinder, center = (-9.4254,0,0)
          radius 0.1204, height 1e+20, axis (0, 0, 1)
          dielectric constant epsilon diagonal = (1,1,1)
     cylinder, center = (9.4254,0,0)
          radius 0.1204, height 1e+20, axis (0, 0, 1)
          dielectric constant epsilon diagonal = (1,1,1)
     cylinder, center = (-8.9954,0,0)
          radius 0.1204, height 1e+20, axis (0, 0, 1)
          dielectric constant epsilon diagonal = (1,1,1)
     cylinder, center = (8.9954,0,0)
          radius 0.1204, height 1e+20, axis (0, 0, 1)
          dielectric constant epsilon diagonal = (1,1,1)
     cylinder, center = (-8.5654,0,0)
          radius 0.1204, height 1e+20, axis (0, 0, 1)
          dielectric constant epsilon diagonal = (1,1,1)
     ...(+ 41 objects not shown)...
subpixel-averaging is 89.7306% done, 0.457867 s remaining
subpixel-averaging is 73.8436% done, 1.42095 s remaining
subpixel-averaging is 67.7505% done, 1.91233 s remaining
subpixel-averaging is 89.7402% done, 0.457836 s remaining
subpixel-averaging is 73.9247% done, 1.42175 s remaining
subpixel-averaging is 67.2693% done, 1.94673 s remaining
subpixel-averaging is 99.8381% done, 0.00648496 s remaining
subpixel-averaging is 88.2366% done, 0.53476 s remaining
subpixel-averaging is 72.3217% done, 1.53246 s remaining
subpixel-averaging is 66.111% done, 2.05129 s remaining
time for set_epsilon = 57.4736 s
time for set_conductivity = 6.00425 s
time for set_conductivity = 6.0189 s
time for set_conductivity = 6.01451 s
time for set_conductivity = 6.01158 s
time for set_conductivity = 6.01044 s
time for set_conductivity = 6.00784 s
lorentzian susceptibility: frequency=0.000905797, gamma=0
lorentzian susceptibility: frequency=0.88125, gamma=0
lorentzian susceptibility: frequency=3.31657, gamma=0
-----------
estimated costs per process: 60232.9
estimated cost mean = 60232.9, stddev = 0
Memory usage:  6274071288
Number of pixels:  86141921
on time step 1 (time=0.00416667), 81.4365 s/step
on time step 3 (time=0.0125), 2.50496 s/step
on time step 5 (time=0.0208333), 2.4901 s/step
on time step 7 (time=0.0291667), 2.49729 s/step
on time step 9 (time=0.0375), 2.49364 s/step

Field time usage:
            time stepping: 21.347 s
            communicating: 3.60631 s
     Fourier transforming: 5.61913e-06 s
          everything else: 0.000289074 s


Field time usage for all processes:
        connecting chunks: 0
            time stepping: 21.347
          copying borders: 0
            communicating: 3.60631
        outputting fields: 0
     Fourier transforming: 5.61913e-06
                      MPB: 0
        getting farfields: 0
          everything else: 0.000289074

outputting timing statistics to file "ex_nanobeam_nanobeam_timing_statistics_1_40.csv"...

Elapsed run time = 302.0749 s
