-----------
Initializing structure...
Halving computational cell along direction x
Halving computational cell along direction y
Halving computational cell along direction z
time for choose_chunkdivision = 0.00152209 s
Working in 3D dimensions.
Computational cell is 21 x 4.5 x 4.21667 with resolution 120
     block, center = (0,0,0)
          size (1e+20,0.5,0.22)
          axes (1,0,0), (0,1,0), (0,0,1)
          dielectric constant epsilon diagonal = (1,1,1)
     cylinder, center = (-10.2854,0,0)
          radius 0.1204, height 1e+20, axis (0, 0, 1)
          dielectric constant epsilon diagonal = (1,1,1)
     cylinder, center = (10.2854,0,0)
          radius 0.1204, height 1e+20, axis (0, 0, 1)
          dielectric constant epsilon diagonal = (1,1,1)
     cylinder, center = (-9.8554,0,0)
          radius 0.1204, height 1e+20, axis (0, 0, 1)
          dielectric constant epsilon diagonal = (1,1,1)
     cylinder, center = (9.8554,0,0)
          radius 0.1204, height 1e+20, axis (0, 0, 1)
          dielectric constant epsilon diagonal = (1,1,1)
     cylinder, center = (-9.4254,0,0)
          radius 0.1204, height 1e+20, axis (0, 0, 1)
          dielectric constant epsilon diagonal = (1,1,1)
     cylinder, center = (9.4254,0,0)
          radius 0.1204, height 1e+20, axis (0, 0, 1)
          dielectric constant epsilon diagonal = (1,1,1)
     cylinder, center = (-8.9954,0,0)
          radius 0.1204, height 1e+20, axis (0, 0, 1)
          dielectric constant epsilon diagonal = (1,1,1)
     cylinder, center = (8.9954,0,0)
          radius 0.1204, height 1e+20, axis (0, 0, 1)
          dielectric constant epsilon diagonal = (1,1,1)
     cylinder, center = (-8.5654,0,0)
          radius 0.1204, height 1e+20, axis (0, 0, 1)
          dielectric constant epsilon diagonal = (1,1,1)
     ...(+ 41 objects not shown)...
subpixel-averaging is 97.4466% done, 0.104881 s remaining
subpixel-averaging is 88.9765% done, 0.495587 s remaining
subpixel-averaging is 73.639% done, 1.43509 s remaining
subpixel-averaging is 67.2144% done, 1.95271 s remaining
subpixel-averaging is 96.986% done, 0.124611 s remaining
subpixel-averaging is 89.3944% done, 0.476094 s remaining
subpixel-averaging is 74.0483% done, 1.40477 s remaining
subpixel-averaging is 67.9422% done, 1.88762 s remaining
subpixel-averaging is 97.0122% done, 0.123574 s remaining
subpixel-averaging is 89.5144% done, 0.468566 s remaining
subpixel-averaging is 73.3619% done, 1.45403 s remaining
subpixel-averaging is 66.9248% done, 1.97803 s remaining
time for set_epsilon = 59.9558 s
time for set_conductivity = 6.00579 s
time for set_conductivity = 6.02249 s
time for set_conductivity = 6.01681 s
time for set_conductivity = 6.0193 s
time for set_conductivity = 6.01139 s
time for set_conductivity = 6.01034 s
lorentzian susceptibility: frequency=0.000905797, gamma=0
lorentzian susceptibility: frequency=0.88125, gamma=0
lorentzian susceptibility: frequency=3.31657, gamma=0
-----------
estimated costs per process: 60232.9
estimated cost mean = 60232.9, stddev = 0
Memory usage:  6274071288
Number of pixels:  86141921
on time step 1 (time=0.00416667), 81.4519 s/step
on time step 3 (time=0.0125), 2.51035 s/step
on time step 5 (time=0.0208333), 2.49885 s/step
on time step 7 (time=0.0291667), 2.50208 s/step
on time step 9 (time=0.0375), 2.5011 s/step

Field time usage:
            time stepping: 21.3664 s
            communicating: 3.65297 s
     Fourier transforming: 5.60842e-06 s
          everything else: 0.000294079 s


Field time usage for all processes:
        connecting chunks: 0
            time stepping: 21.3664
          copying borders: 0
            communicating: 3.65297
        outputting fields: 0
     Fourier transforming: 5.60842e-06
                      MPB: 0
        getting farfields: 0
          everything else: 0.000294079

outputting timing statistics to file "ex_nanobeam_nanobeam_timing_statistics_1_36.csv"...

Elapsed run time = 304.6613 s
