-----------
Initializing structure...
Halving computational cell along direction x
Halving computational cell along direction y
Halving computational cell along direction z
time for choose_chunkdivision = 0.00154224 s
Working in 3D dimensions.
Computational cell is 21 x 4.5 x 4.21667 with resolution 120
     block, center = (0,0,0)
          size (1e+20,0.5,0.22)
          axes (1,0,0), (0,1,0), (0,0,1)
          dielectric constant epsilon diagonal = (1,1,1)
     cylinder, center = (-10.2854,0,0)
          radius 0.1204, height 1e+20, axis (0, 0, 1)
          dielectric constant epsilon diagonal = (1,1,1)
     cylinder, center = (10.2854,0,0)
          radius 0.1204, height 1e+20, axis (0, 0, 1)
          dielectric constant epsilon diagonal = (1,1,1)
     cylinder, center = (-9.8554,0,0)
          radius 0.1204, height 1e+20, axis (0, 0, 1)
          dielectric constant epsilon diagonal = (1,1,1)
     cylinder, center = (9.8554,0,0)
          radius 0.1204, height 1e+20, axis (0, 0, 1)
          dielectric constant epsilon diagonal = (1,1,1)
     cylinder, center = (-9.4254,0,0)
          radius 0.1204, height 1e+20, axis (0, 0, 1)
          dielectric constant epsilon diagonal = (1,1,1)
     cylinder, center = (9.4254,0,0)
          radius 0.1204, height 1e+20, axis (0, 0, 1)
          dielectric constant epsilon diagonal = (1,1,1)
     cylinder, center = (-8.9954,0,0)
          radius 0.1204, height 1e+20, axis (0, 0, 1)
          dielectric constant epsilon diagonal = (1,1,1)
     cylinder, center = (8.9954,0,0)
          radius 0.1204, height 1e+20, axis (0, 0, 1)
          dielectric constant epsilon diagonal = (1,1,1)
     cylinder, center = (-8.5654,0,0)
          radius 0.1204, height 1e+20, axis (0, 0, 1)
          dielectric constant epsilon diagonal = (1,1,1)
     ...(+ 41 objects not shown)...
subpixel-averaging is 99.8335% done, 0.0066703 s remaining
subpixel-averaging is 86.4431% done, 0.627356 s remaining
subpixel-averaging is 84.9274% done, 0.710681 s remaining
subpixel-averaging is 81.0001% done, 0.938419 s remaining
time for set_epsilon = 40.6229 s
time for set_conductivity = 6.01158 s
time for set_conductivity = 6.01864 s
time for set_conductivity = 6.02653 s
time for set_conductivity = 6.02164 s
time for set_conductivity = 6.01194 s
time for set_conductivity = 6.0014 s
lorentzian susceptibility: frequency=0.000905797, gamma=0
lorentzian susceptibility: frequency=0.88125, gamma=0
lorentzian susceptibility: frequency=3.31657, gamma=0
-----------
estimated costs per process: 60232.9
estimated cost mean = 60232.9, stddev = 0
Memory usage:  6274071288
Number of pixels:  86141921
on time step 1 (time=0.00416667), 82.1967 s/step
on time step 3 (time=0.0125), 2.95401 s/step
on time step 5 (time=0.0208333), 2.94065 s/step
on time step 7 (time=0.0291667), 2.94096 s/step
on time step 9 (time=0.0375), 2.94331 s/step

Field time usage:
            time stepping: 25.8603 s
            communicating: 3.58033 s
     Fourier transforming: 5.89713e-06 s
          everything else: 0.000287722 s


Field time usage for all processes:
        connecting chunks: 0
            time stepping: 25.8603
          copying borders: 0
            communicating: 3.58033
        outputting fields: 0
     Fourier transforming: 5.89713e-06
                      MPB: 0
        getting farfields: 0
          everything else: 0.000287722

outputting timing statistics to file "ex_nanobeam_nanobeam_timing_statistics_1_12.csv"...

Elapsed run time = 290.5479 s
