-----------
Initializing structure...
time for choose_chunkdivision = 8.43541e-05 s
Working in 3D dimensions.
Computational cell is 11 x 11 x 2.4 with resolution 55
     block, center = (0,0,0.55)
          size (1e+20,1e+20,1.3)
          axes (1,0,0), (0,1,0), (0,0,1)
          dielectric constant epsilon diagonal = (2.25,2.25,2.25)
     block, center = (0,0,-0.3)
          size (1e+20,1e+20,0.4)
          axes (1,0,0), (0,1,0), (0,0,1)
          dielectric constant epsilon diagonal = (3.0625,3.0625,3.0625)
     block, center = (0,0,-0.6)
          size (1e+20,1e+20,0.2)
          axes (1,0,0), (0,1,0), (0,0,1)
          dielectric constant epsilon diagonal = (1,1,1)
subpixel-averaging is 65.4003% done, 2.11866 s remaining
subpixel-averaging is 67.183% done, 1.954 s remaining
subpixel-averaging is 66.9796% done, 1.97252 s remaining
time for set_epsilon = 31.191 s
time for set_conductivity = 3.88448 s
time for set_conductivity = 3.88586 s
time for set_conductivity = 3.8809 s
time for set_conductivity = 3.87617 s
time for set_conductivity = 3.87786 s
time for set_conductivity = 3.88069 s
lorentzian susceptibility: frequency=2.80116, gamma=2.72777
lorentzian susceptibility: frequency=1.45825, gamma=1.08966
lorentzian susceptibility: frequency=1.24532, gamma=0.251645
lorentzian susceptibility: frequency=0.130662, gamma=0.268583
drude susceptibility: frequency=1e-10, gamma=0.0379081
-----------
Memory usage:  18500367912
Number of pixels:  48315301
on time step 1 (time=0.00909091), 42.3323 s/step
on time step 3 (time=0.0272727), 2.97805 s/step
on time step 5 (time=0.0454545), 2.97305 s/step
on time step 7 (time=0.0636364), 2.9711 s/step
on time step 9 (time=0.0818182), 2.97273 s/step

Field time usage:
            time stepping: 24.4168 s
            communicating: 5.31691 s
     Fourier transforming: 7.69179e-06 s
          everything else: 0.000276149 s


Field time usage for all processes:
        connecting chunks: 0
            time stepping: 24.4168
          copying borders: 0
            communicating: 5.31691
        outputting fields: 0
     Fourier transforming: 7.69179e-06
                      MPB: 0
        getting farfields: 0
          everything else: 0.000276149

outputting timing statistics to file "ex_oled_oled_timing_statistics_1_8.csv"...

Elapsed run time = 238.6575 s
