-----------
Initializing structure...
time for choose_chunkdivision = 7.25477e-05 s
Working in 3D dimensions.
Computational cell is 11 x 11 x 2.4 with resolution 55
     block, center = (0,0,0.55)
          size (1e+20,1e+20,1.3)
          axes (1,0,0), (0,1,0), (0,0,1)
          dielectric constant epsilon diagonal = (2.25,2.25,2.25)
     block, center = (0,0,-0.3)
          size (1e+20,1e+20,0.4)
          axes (1,0,0), (0,1,0), (0,0,1)
          dielectric constant epsilon diagonal = (3.0625,3.0625,3.0625)
     block, center = (0,0,-0.6)
          size (1e+20,1e+20,0.2)
          axes (1,0,0), (0,1,0), (0,0,1)
          dielectric constant epsilon diagonal = (1,1,1)
subpixel-averaging is 70.2003% done, 1.698 s remaining
subpixel-averaging is 74.8801% done, 1.34393 s remaining
subpixel-averaging is 74.6587% done, 1.35793 s remaining
time for set_epsilon = 29.0629 s
time for set_conductivity = 3.892 s
time for set_conductivity = 3.90422 s
time for set_conductivity = 3.88887 s
time for set_conductivity = 3.89781 s
time for set_conductivity = 3.88531 s
time for set_conductivity = 3.89814 s
lorentzian susceptibility: frequency=2.80116, gamma=2.72777
lorentzian susceptibility: frequency=1.45825, gamma=1.08966
lorentzian susceptibility: frequency=1.24532, gamma=0.251645
lorentzian susceptibility: frequency=0.130662, gamma=0.268583
drude susceptibility: frequency=1e-10, gamma=0.0379081
-----------
Memory usage:  18500367912
Number of pixels:  48315301
on time step 1 (time=0.00909091), 41.377 s/step
on time step 3 (time=0.0272727), 2.40736 s/step
on time step 5 (time=0.0454545), 2.40068 s/step
on time step 7 (time=0.0636364), 2.40015 s/step
on time step 9 (time=0.0818182), 2.40045 s/step

Field time usage:
            time stepping: 18.6585 s
            communicating: 5.36415 s
     Fourier transforming: 7.55209e-06 s
          everything else: 0.000288439 s


Field time usage for all processes:
        connecting chunks: 0
            time stepping: 18.6585
          copying borders: 0
            communicating: 5.36415
        outputting fields: 0
     Fourier transforming: 7.55209e-06
                      MPB: 0
        getting farfields: 0
          everything else: 0.000288439

outputting timing statistics to file "ex_oled_oled_timing_statistics_1_36.csv"...

Elapsed run time = 229.8313 s
