-----------
Initializing structure...
time for choose_chunkdivision = 8.55378e-05 s
Working in 3D dimensions.
Computational cell is 11 x 11 x 2.4 with resolution 55
     block, center = (0,0,0.55)
          size (1e+20,1e+20,1.3)
          axes (1,0,0), (0,1,0), (0,0,1)
          dielectric constant epsilon diagonal = (2.25,2.25,2.25)
     block, center = (0,0,-0.3)
          size (1e+20,1e+20,0.4)
          axes (1,0,0), (0,1,0), (0,0,1)
          dielectric constant epsilon diagonal = (3.0625,3.0625,3.0625)
     block, center = (0,0,-0.6)
          size (1e+20,1e+20,0.2)
          axes (1,0,0), (0,1,0), (0,0,1)
          dielectric constant epsilon diagonal = (1,1,1)
subpixel-averaging is 46.2518% done, 4.64856 s remaining
subpixel-averaging is 92.4927% done, 0.324671 s remaining
subpixel-averaging is 45.8488% done, 4.72433 s remaining
subpixel-averaging is 91.7049% done, 0.361831 s remaining
subpixel-averaging is 45.0065% done, 4.88791 s remaining
subpixel-averaging is 90.0021% done, 0.444352 s remaining
time for set_epsilon = 44.0966 s
time for set_conductivity = 3.89483 s
time for set_conductivity = 3.88485 s
time for set_conductivity = 3.89107 s
time for set_conductivity = 3.87498 s
time for set_conductivity = 3.8862 s
time for set_conductivity = 3.88151 s
lorentzian susceptibility: frequency=2.80116, gamma=2.72777
lorentzian susceptibility: frequency=1.45825, gamma=1.08966
lorentzian susceptibility: frequency=1.24532, gamma=0.251645
lorentzian susceptibility: frequency=0.130662, gamma=0.268583
drude susceptibility: frequency=1e-10, gamma=0.0379081
-----------
Memory usage:  18500367912
Number of pixels:  48315301
on time step 1 (time=0.00909091), 51.9688 s/step
on time step 2 (time=0.0181818), 9.88477 s/step
on time step 3 (time=0.0272727), 9.87073 s/step
on time step 4 (time=0.0363636), 9.87072 s/step
on time step 5 (time=0.0454545), 9.87185 s/step
on time step 6 (time=0.0545455), 9.87037 s/step
on time step 7 (time=0.0636364), 9.87274 s/step
on time step 8 (time=0.0727273), 9.87039 s/step
on time step 9 (time=0.0818182), 9.87238 s/step
on time step 10 (time=0.0909091), 9.86985 s/step

Field time usage:
            time stepping: 93.8171 s
            communicating: 4.90578 s
     Fourier transforming: 6.52438e-06 s
          everything else: 0.000290021 s


Field time usage for all processes:
        connecting chunks: 0
            time stepping: 93.8171
          copying borders: 0
            communicating: 4.90578
        outputting fields: 0
     Fourier transforming: 6.52438e-06
                      MPB: 0
        getting farfields: 0
          everything else: 0.000290021

outputting timing statistics to file "ex_oled_oled_timing_statistics_1_1.csv"...

Elapsed run time = 330.9066 s
