-----------
Initializing structure...
time for choose_chunkdivision = 7.30599e-05 s
Working in 3D dimensions.
Computational cell is 11 x 11 x 2.4 with resolution 55
     block, center = (0,0,0.55)
          size (1e+20,1e+20,1.3)
          axes (1,0,0), (0,1,0), (0,0,1)
          dielectric constant epsilon diagonal = (2.25,2.25,2.25)
     block, center = (0,0,-0.3)
          size (1e+20,1e+20,0.4)
          axes (1,0,0), (0,1,0), (0,0,1)
          dielectric constant epsilon diagonal = (3.0625,3.0625,3.0625)
     block, center = (0,0,-0.6)
          size (1e+20,1e+20,0.2)
          axes (1,0,0), (0,1,0), (0,0,1)
          dielectric constant epsilon diagonal = (1,1,1)
subpixel-averaging is 70.9843% done, 1.6444 s remaining
subpixel-averaging is 74.8111% done, 1.34693 s remaining
subpixel-averaging is 74.8656% done, 1.34301 s remaining
time for set_epsilon = 27.1672 s
time for set_conductivity = 3.89069 s
time for set_conductivity = 3.90369 s
time for set_conductivity = 3.88858 s
time for set_conductivity = 3.89839 s
time for set_conductivity = 3.88431 s
time for set_conductivity = 3.89832 s
lorentzian susceptibility: frequency=2.80116, gamma=2.72777
lorentzian susceptibility: frequency=1.45825, gamma=1.08966
lorentzian susceptibility: frequency=1.24532, gamma=0.251645
lorentzian susceptibility: frequency=0.130662, gamma=0.268583
drude susceptibility: frequency=1e-10, gamma=0.0379081
-----------
Memory usage:  18500367912
Number of pixels:  48315301
on time step 1 (time=0.00909091), 41.4561 s/step
on time step 3 (time=0.0272727), 2.44016 s/step
on time step 5 (time=0.0454545), 2.43336 s/step
on time step 7 (time=0.0636364), 2.4334 s/step
on time step 9 (time=0.0818182), 2.43456 s/step

Field time usage:
            time stepping: 18.9112 s
            communicating: 5.43754 s
     Fourier transforming: 4.29014e-06 s
          everything else: 0.000276326 s


Field time usage for all processes:
        connecting chunks: 0
            time stepping: 18.9112
          copying borders: 0
            communicating: 5.43754
        outputting fields: 0
     Fourier transforming: 4.29014e-06
                      MPB: 0
        getting farfields: 0
          everything else: 0.000276326

outputting timing statistics to file "ex_oled_oled_timing_statistics_1_28.csv"...

Elapsed run time = 228.3556 s
