-----------
Initializing structure...
time for choose_chunkdivision = 7.34441e-05 s
Working in 3D dimensions.
Computational cell is 11 x 11 x 2.4 with resolution 55
     block, center = (0,0,0.55)
          size (1e+20,1e+20,1.3)
          axes (1,0,0), (0,1,0), (0,0,1)
          dielectric constant epsilon diagonal = (2.25,2.25,2.25)
     block, center = (0,0,-0.3)
          size (1e+20,1e+20,0.4)
          axes (1,0,0), (0,1,0), (0,0,1)
          dielectric constant epsilon diagonal = (3.0625,3.0625,3.0625)
     block, center = (0,0,-0.6)
          size (1e+20,1e+20,0.2)
          axes (1,0,0), (0,1,0), (0,0,1)
          dielectric constant epsilon diagonal = (1,1,1)
subpixel-averaging is 69.6156% done, 1.74643 s remaining
subpixel-averaging is 71.9755% done, 1.55759 s remaining
subpixel-averaging is 71.932% done, 1.5617 s remaining
time for set_epsilon = 29.641 s
time for set_conductivity = 3.88389 s
time for set_conductivity = 3.88705 s
time for set_conductivity = 3.88169 s
time for set_conductivity = 3.8767 s
time for set_conductivity = 3.87781 s
time for set_conductivity = 3.88253 s
lorentzian susceptibility: frequency=2.80116, gamma=2.72777
lorentzian susceptibility: frequency=1.45825, gamma=1.08966
lorentzian susceptibility: frequency=1.24532, gamma=0.251645
lorentzian susceptibility: frequency=0.130662, gamma=0.268583
drude susceptibility: frequency=1e-10, gamma=0.0379081
-----------
Memory usage:  18500367912
Number of pixels:  48315301
on time step 1 (time=0.00909091), 41.8311 s/step
on time step 3 (time=0.0272727), 2.65177 s/step
on time step 5 (time=0.0454545), 2.64496 s/step
on time step 7 (time=0.0636364), 2.64552 s/step
on time step 9 (time=0.0818182), 2.64519 s/step

Field time usage:
            time stepping: 21.151 s
            communicating: 5.317 s
     Fourier transforming: 6.29714e-06 s
          everything else: 0.000272498 s


Field time usage for all processes:
        connecting chunks: 0
            time stepping: 21.151
          copying borders: 0
            communicating: 5.317
        outputting fields: 0
     Fourier transforming: 6.29714e-06
                      MPB: 0
        getting farfields: 0
          everything else: 0.000272498

outputting timing statistics to file "ex_oled_oled_timing_statistics_1_12.csv"...

Elapsed run time = 233.2961 s
