-----------
Initializing structure...
time for choose_chunkdivision = 7.3432e-05 s
Working in 3D dimensions.
Computational cell is 11 x 11 x 2.4 with resolution 55
     block, center = (0,0,0.55)
          size (1e+20,1e+20,1.3)
          axes (1,0,0), (0,1,0), (0,0,1)
          dielectric constant epsilon diagonal = (2.25,2.25,2.25)
     block, center = (0,0,-0.3)
          size (1e+20,1e+20,0.4)
          axes (1,0,0), (0,1,0), (0,0,1)
          dielectric constant epsilon diagonal = (3.0625,3.0625,3.0625)
     block, center = (0,0,-0.6)
          size (1e+20,1e+20,0.2)
          axes (1,0,0), (0,1,0), (0,0,1)
          dielectric constant epsilon diagonal = (1,1,1)
subpixel-averaging is 70.7666% done, 1.65339 s remaining
subpixel-averaging is 76.0784% done, 1.25881 s remaining
subpixel-averaging is 76.0493% done, 1.26137 s remaining
time for set_epsilon = 28.3431 s
time for set_conductivity = 3.89213 s
time for set_conductivity = 3.90419 s
time for set_conductivity = 3.8885 s
time for set_conductivity = 3.89895 s
time for set_conductivity = 3.88533 s
time for set_conductivity = 3.89794 s
lorentzian susceptibility: frequency=2.80116, gamma=2.72777
lorentzian susceptibility: frequency=1.45825, gamma=1.08966
lorentzian susceptibility: frequency=1.24532, gamma=0.251645
lorentzian susceptibility: frequency=0.130662, gamma=0.268583
drude susceptibility: frequency=1e-10, gamma=0.0379081
-----------
Memory usage:  18500367912
Number of pixels:  48315301
on time step 1 (time=0.00909091), 41.3996 s/step
on time step 3 (time=0.0272727), 2.41372 s/step
on time step 5 (time=0.0454545), 2.39815 s/step
on time step 7 (time=0.0636364), 2.39893 s/step
on time step 9 (time=0.0818182), 2.39796 s/step

Field time usage:
            time stepping: 18.6795 s
            communicating: 5.3333 s
     Fourier transforming: 6.51833e-06 s
          everything else: 0.000287718 s


Field time usage for all processes:
        connecting chunks: 0
            time stepping: 18.6795
          copying borders: 0
            communicating: 5.3333
        outputting fields: 0
     Fourier transforming: 6.51833e-06
                      MPB: 0
        getting farfields: 0
          everything else: 0.000287718

outputting timing statistics to file "ex_oled_oled_timing_statistics_1_40.csv"...

Elapsed run time = 229.1240 s
