-----------
Initializing structure...
time for choose_chunkdivision = 7.39098e-05 s
Working in 3D dimensions.
Computational cell is 21 x 21 x 2.4 with resolution 55
     block, center = (0,0,0.55)
          size (1e+20,1e+20,1.3)
          axes (1,0,0), (0,1,0), (0,0,1)
          dielectric constant epsilon diagonal = (2.25,2.25,2.25)
     block, center = (0,0,-0.3)
          size (1e+20,1e+20,0.4)
          axes (1,0,0), (0,1,0), (0,0,1)
          dielectric constant epsilon diagonal = (3.0625,3.0625,3.0625)
     block, center = (0,0,-0.6)
          size (1e+20,1e+20,0.2)
          axes (1,0,0), (0,1,0), (0,0,1)
          dielectric constant epsilon diagonal = (1,1,1)
subpixel-averaging is 34.2354% done, 7.68426 s remaining
subpixel-averaging is 68.4733% done, 1.84173 s remaining
subpixel-averaging is 40.651% done, 5.84009 s remaining
subpixel-averaging is 81.3044% done, 0.919834 s remaining
subpixel-averaging is 13.2561% done, 26.176 s remaining
subpixel-averaging is 26.5153% done, 11.0864 s remaining
subpixel-averaging is 39.7744% done, 6.05674 s remaining
subpixel-averaging is 53.0346% done, 3.54235 s remaining
subpixel-averaging is 66.2947% done, 2.0338 s remaining
subpixel-averaging is 79.5548% done, 1.028 s remaining
subpixel-averaging is 92.814% done, 0.309696 s remaining
subpixel-averaging is 33.9535% done, 7.78084 s remaining
subpixel-averaging is 67.9146% done, 1.88983 s remaining
subpixel-averaging is 40.6684% done, 5.83645 s remaining
subpixel-averaging is 81.3368% done, 0.917825 s remaining
subpixel-averaging is 13.1703% done, 26.373 s remaining
subpixel-averaging is 26.3437% done, 11.1847 s remaining
subpixel-averaging is 39.517% done, 6.12258 s remaining
subpixel-averaging is 52.6903% done, 3.59157 s remaining
subpixel-averaging is 65.8637% done, 2.0732 s remaining
subpixel-averaging is 79.037% done, 1.06093 s remaining
subpixel-averaging is 92.2093% done, 0.337958 s remaining
subpixel-averaging is 34.0383% done, 7.75163 s remaining
subpixel-averaging is 68.0892% done, 1.87478 s remaining
subpixel-averaging is 40.6335% done, 5.8442 s remaining
subpixel-averaging is 81.267% done, 0.922101 s remaining
subpixel-averaging is 13.1843% done, 26.3398 s remaining
subpixel-averaging is 26.3746% done, 11.1662 s remaining
subpixel-averaging is 39.5649% done, 6.11026 s remaining
subpixel-averaging is 52.7532% done, 3.58274 s remaining
subpixel-averaging is 65.9425% done, 2.06595 s remaining
subpixel-averaging is 79.1308% done, 1.05494 s remaining
subpixel-averaging is 92.3181% done, 0.332861 s remaining
time for set_epsilon = 155.623 s
time for set_conductivity = 12.9524 s
time for set_conductivity = 12.957 s
time for set_conductivity = 12.9074 s
time for set_conductivity = 12.95 s
time for set_conductivity = 12.928 s
time for set_conductivity = 12.9517 s
lorentzian susceptibility: frequency=2.80116, gamma=2.72777
lorentzian susceptibility: frequency=1.45825, gamma=1.08966
lorentzian susceptibility: frequency=1.24532, gamma=0.251645
lorentzian susceptibility: frequency=0.130662, gamma=0.268583
drude susceptibility: frequency=1e-10, gamma=0.0379081
-----------
Memory usage:  67426959912
Number of pixels:  176091301
on time step 1 (time=0.00909091), 276.773 s/step
on time step 2 (time=0.0181818), 62.4654 s/step
on time step 3 (time=0.0272727), 62.3805 s/step
on time step 4 (time=0.0363636), 62.3955 s/step
on time step 5 (time=0.0454545), 62.3697 s/step
on time step 6 (time=0.0545455), 62.3794 s/step
on time step 7 (time=0.0636364), 62.3749 s/step
on time step 8 (time=0.0727273), 62.374 s/step
on time step 9 (time=0.0818182), 62.3733 s/step
on time step 10 (time=0.0909091), 62.3684 s/step

Field time usage:
            time stepping: 602.275 s
            communicating: 21.5862 s
     Fourier transforming: 7.62939e-06 s
          everything else: 0.000367641 s


Field time usage for all processes:
        connecting chunks: 0
            time stepping: 602.275
          copying borders: 0
            communicating: 21.5862
        outputting fields: 0
     Fourier transforming: 7.62939e-06
                      MPB: 0
        getting farfields: 0
          everything else: 0.000367641

outputting timing statistics to file "oled_timing_statistics_1_1_20.csv"...

Elapsed run time = 1504.2922 s
