-----------
Initializing structure...
time for choose_chunkdivision = 7.67708e-05 s
Working in 3D dimensions.
Computational cell is 11 x 11 x 2.4 with resolution 55
     block, center = (0,0,0.55)
          size (1e+20,1e+20,1.3)
          axes (1,0,0), (0,1,0), (0,0,1)
          dielectric constant epsilon diagonal = (2.25,2.25,2.25)
     block, center = (0,0,-0.3)
          size (1e+20,1e+20,0.4)
          axes (1,0,0), (0,1,0), (0,0,1)
          dielectric constant epsilon diagonal = (3.0625,3.0625,3.0625)
     block, center = (0,0,-0.6)
          size (1e+20,1e+20,0.2)
          axes (1,0,0), (0,1,0), (0,0,1)
          dielectric constant epsilon diagonal = (1,1,1)
subpixel-averaging is 47.5698% done, 4.42084 s remaining
subpixel-averaging is 98.8501% done, 0.0465303 s remaining
subpixel-averaging is 51.1533% done, 3.84451 s remaining
subpixel-averaging is 56.3489% done, 3.09939 s remaining
time for set_epsilon = 41.0207 s
time for set_conductivity = 3.59402 s
time for set_conductivity = 3.59045 s
time for set_conductivity = 3.58419 s
time for set_conductivity = 3.58445 s
time for set_conductivity = 3.57806 s
time for set_conductivity = 3.58412 s
lorentzian susceptibility: frequency=2.80116, gamma=2.72777
lorentzian susceptibility: frequency=1.45825, gamma=1.08966
lorentzian susceptibility: frequency=1.24532, gamma=0.251645
lorentzian susceptibility: frequency=0.130662, gamma=0.268583
drude susceptibility: frequency=1e-10, gamma=0.0379081
-----------
Memory usage:  18500367912
Number of pixels:  48315301
on time step 1 (time=0.00909091), 54.5027 s/step
on time step 3 (time=0.0272727), 2.4249 s/step
on time step 5 (time=0.0454545), 2.41873 s/step
on time step 7 (time=0.0636364), 2.41934 s/step
on time step 9 (time=0.0818182), 2.41927 s/step

Field time usage:
            time stepping: 18.8272 s
            communicating: 5.37475 s
     Fourier transforming: 6.91414e-06 s
          everything else: 0.00034523 s


Field time usage for all processes:
        connecting chunks: 0
            time stepping: 18.8272
          copying borders: 0
            communicating: 5.37475
        outputting fields: 0
     Fourier transforming: 6.91414e-06
                      MPB: 0
        getting farfields: 0
          everything else: 0.00034523

outputting timing statistics to file "oled_timing_statistics_1_24_10.csv"...

Elapsed run time = 241.3675 s
