-----------
Initializing structure...
time for choose_chunkdivision = 7.70092e-05 s
Working in 3D dimensions.
Computational cell is 21 x 21 x 2.4 with resolution 55
     block, center = (0,0,0.55)
          size (1e+20,1e+20,1.3)
          axes (1,0,0), (0,1,0), (0,0,1)
          dielectric constant epsilon diagonal = (2.25,2.25,2.25)
     block, center = (0,0,-0.3)
          size (1e+20,1e+20,0.4)
          axes (1,0,0), (0,1,0), (0,0,1)
          dielectric constant epsilon diagonal = (3.0625,3.0625,3.0625)
     block, center = (0,0,-0.6)
          size (1e+20,1e+20,0.2)
          axes (1,0,0), (0,1,0), (0,0,1)
          dielectric constant epsilon diagonal = (1,1,1)
subpixel-averaging is 32.8286% done, 8.19755 s remaining
subpixel-averaging is 65.7644% done, 2.08664 s remaining
subpixel-averaging is 33.0556% done, 8.14443 s remaining
subpixel-averaging is 65.954% done, 2.06576 s remaining
subpixel-averaging is 13.1863% done, 26.4133 s remaining
subpixel-averaging is 26.3447% done, 11.1902 s remaining
subpixel-averaging is 39.5988% done, 6.14872 s remaining
subpixel-averaging is 52.7532% done, 3.58361 s remaining
subpixel-averaging is 65.9255% done, 2.07045 s remaining
subpixel-averaging is 79.1079% done, 1.05898 s remaining
subpixel-averaging is 92.2652% done, 0.335475 s remaining
subpixel-averaging is 34.9263% done, 7.46414 s remaining
subpixel-averaging is 69.8926% done, 1.72503 s remaining
subpixel-averaging is 32.9483% done, 8.14043 s remaining
subpixel-averaging is 65.9889% done, 2.06738 s remaining
subpixel-averaging is 14.0284% done, 24.5785 s remaining
subpixel-averaging is 28.0149% done, 10.2798 s remaining
subpixel-averaging is 41.9984% done, 5.52455 s remaining
subpixel-averaging is 55.9889% done, 3.14663 s remaining
subpixel-averaging is 69.9804% done, 1.71697 s remaining
subpixel-averaging is 83.9639% done, 0.764446 s remaining
subpixel-averaging is 98.7356% done, 0.0513332 s remaining
subpixel-averaging is 39.1219% done, 6.22866 s remaining
subpixel-averaging is 78.3112% done, 1.10886 s remaining
subpixel-averaging is 32.8785% done, 8.18225 s remaining
subpixel-averaging is 65.8293% done, 2.08451 s remaining
subpixel-averaging is 15.6817% done, 21.555 s remaining
subpixel-averaging is 31.3474% done, 8.76267 s remaining
subpixel-averaging is 47.056% done, 4.51338 s remaining
subpixel-averaging is 62.7337% done, 2.37713 s remaining
subpixel-averaging is 78.4104% done, 1.10244 s remaining
subpixel-averaging is 95.1328% done, 0.20475 s remaining
time for set_epsilon = 152.134 s
time for set_conductivity = 12.9007 s
time for set_conductivity = 12.9049 s
time for set_conductivity = 12.9438 s
time for set_conductivity = 12.8909 s
time for set_conductivity = 12.872 s
time for set_conductivity = 12.8883 s
lorentzian susceptibility: frequency=2.80116, gamma=2.72777
lorentzian susceptibility: frequency=1.45825, gamma=1.08966
lorentzian susceptibility: frequency=1.24532, gamma=0.251645
lorentzian susceptibility: frequency=0.130662, gamma=0.268583
drude susceptibility: frequency=1e-10, gamma=0.0379081
-----------
Memory usage:  67426959912
Number of pixels:  176091301
on time step 1 (time=0.00909091), 193.744 s/step
on time step 2 (time=0.0181818), 8.9783 s/step
on time step 3 (time=0.0272727), 8.60118 s/step
on time step 4 (time=0.0363636), 8.59742 s/step
on time step 5 (time=0.0454545), 8.59961 s/step
on time step 6 (time=0.0545455), 8.59998 s/step
on time step 7 (time=0.0636364), 8.59703 s/step
on time step 8 (time=0.0727273), 8.59829 s/step
on time step 9 (time=0.0818182), 8.59645 s/step
on time step 10 (time=0.0909091), 8.59862 s/step

Field time usage:
            time stepping: 66.2612 s
            communicating: 20.1048 s
     Fourier transforming: 7.86781e-06 s
          everything else: 0.000432491 s


Field time usage for all processes:
        connecting chunks: 0
            time stepping: 66.2612
          copying borders: 0
            communicating: 20.1048
        outputting fields: 0
     Fourier transforming: 7.86781e-06
                      MPB: 0
        getting farfields: 0
          everything else: 0.000432491

outputting timing statistics to file "oled_timing_statistics_1_28_20.csv"...

Elapsed run time = 876.4877 s
