-----------
Initializing structure...
time for choose_chunkdivision = 7.70092e-05 s
Working in 3D dimensions.
Computational cell is 2 x 2 x 2.4 with resolution 55
     block, center = (0,0,0.55)
          size (1e+20,1e+20,1.3)
          axes (1,0,0), (0,1,0), (0,0,1)
          dielectric constant epsilon diagonal = (2.25,2.25,2.25)
     block, center = (0,0,-0.3)
          size (1e+20,1e+20,0.4)
          axes (1,0,0), (0,1,0), (0,0,1)
          dielectric constant epsilon diagonal = (3.0625,3.0625,3.0625)
     block, center = (0,0,-0.6)
          size (1e+20,1e+20,0.2)
          axes (1,0,0), (0,1,0), (0,0,1)
          dielectric constant epsilon diagonal = (1,1,1)
time for set_epsilon = 1.44049 s
time for set_conductivity = 0.127512 s
time for set_conductivity = 0.128452 s
time for set_conductivity = 0.130246 s
time for set_conductivity = 0.13044 s
time for set_conductivity = 0.130027 s
time for set_conductivity = 0.130669 s
lorentzian susceptibility: frequency=2.80116, gamma=2.72777
lorentzian susceptibility: frequency=1.45825, gamma=1.08966
lorentzian susceptibility: frequency=1.24532, gamma=0.251645
lorentzian susceptibility: frequency=0.130662, gamma=0.268583
drude susceptibility: frequency=1e-10, gamma=0.0379081
-----------
Memory usage:  611582712
Number of pixels:  1597201

Field time usage:
            time stepping: 0.666693 s
            communicating: 0.228995 s
     Fourier transforming: 4.76837e-06 s
          everything else: 0.000294209 s


Field time usage for all processes:
        connecting chunks: 0
            time stepping: 0.666693
          copying borders: 0
            communicating: 0.228995
        outputting fields: 0
     Fourier transforming: 4.76837e-06
                      MPB: 0
        getting farfields: 0
          everything else: 0.000294209

outputting timing statistics to file "oled_timing_statistics_1_16_1.csv"...

Elapsed run time = 8.6699 s
