-----------
Initializing structure...
time for choose_chunkdivision = 7.70092e-05 s
Working in 3D dimensions.
Computational cell is 5 x 5 x 2.4 with resolution 55
     block, center = (0,0,0.55)
          size (1e+20,1e+20,1.3)
          axes (1,0,0), (0,1,0), (0,0,1)
          dielectric constant epsilon diagonal = (2.25,2.25,2.25)
     block, center = (0,0,-0.3)
          size (1e+20,1e+20,0.4)
          axes (1,0,0), (0,1,0), (0,0,1)
          dielectric constant epsilon diagonal = (3.0625,3.0625,3.0625)
     block, center = (0,0,-0.6)
          size (1e+20,1e+20,0.2)
          axes (1,0,0), (0,1,0), (0,0,1)
          dielectric constant epsilon diagonal = (1,1,1)
time for set_epsilon = 8.53131 s
time for set_conductivity = 0.75446 s
time for set_conductivity = 0.757782 s
time for set_conductivity = 0.760518 s
time for set_conductivity = 0.760433 s
time for set_conductivity = 0.758921 s
time for set_conductivity = 0.759983 s
lorentzian susceptibility: frequency=2.80116, gamma=2.72777
lorentzian susceptibility: frequency=1.45825, gamma=1.08966
lorentzian susceptibility: frequency=1.24532, gamma=0.251645
lorentzian susceptibility: frequency=0.130662, gamma=0.268583
drude susceptibility: frequency=1e-10, gamma=0.0379081
-----------
Memory usage:  3822390312
Number of pixels:  9982501
on time step 1 (time=0.00909091), 11.9499 s/step
on time step 8 (time=0.0727273), 0.575912 s/step

Field time usage:
            time stepping: 4.53433 s
            communicating: 1.22474 s
     Fourier transforming: 5.24521e-06 s
          everything else: 0.000324726 s


Field time usage for all processes:
        connecting chunks: 0
            time stepping: 4.53433
          copying borders: 0
            communicating: 1.22474
        outputting fields: 0
     Fourier transforming: 5.24521e-06
                      MPB: 0
        getting farfields: 0
          everything else: 0.000324726

outputting timing statistics to file "oled_timing_statistics_1_16_4.csv"...

Elapsed run time = 51.9250 s
