-----------
Initializing structure...
time for choose_chunkdivision = 7.60555e-05 s
Working in 3D dimensions.
Computational cell is 21 x 21 x 2.4 with resolution 55
     block, center = (0,0,0.55)
          size (1e+20,1e+20,1.3)
          axes (1,0,0), (0,1,0), (0,0,1)
          dielectric constant epsilon diagonal = (2.25,2.25,2.25)
     block, center = (0,0,-0.3)
          size (1e+20,1e+20,0.4)
          axes (1,0,0), (0,1,0), (0,0,1)
          dielectric constant epsilon diagonal = (3.0625,3.0625,3.0625)
     block, center = (0,0,-0.6)
          size (1e+20,1e+20,0.2)
          axes (1,0,0), (0,1,0), (0,0,1)
          dielectric constant epsilon diagonal = (1,1,1)
subpixel-averaging is 32.5442% done, 8.30551 s remaining
subpixel-averaging is 65.1084% done, 2.14498 s remaining
subpixel-averaging is 32.4145% done, 8.3505 s remaining
subpixel-averaging is 64.8165% done, 2.17206 s remaining
subpixel-averaging is 13.0666% done, 26.646 s remaining
subpixel-averaging is 26.1471% done, 11.3122 s remaining
subpixel-averaging is 39.2346% done, 6.20465 s remaining
subpixel-averaging is 52.3491% done, 3.65202 s remaining
subpixel-averaging is 65.4217% done, 2.11476 s remaining
subpixel-averaging is 78.5112% done, 1.09654 s remaining
subpixel-averaging is 91.6795% done, 0.365762 s remaining
subpixel-averaging is 34.5323% done, 7.59271 s remaining
subpixel-averaging is 69.1942% done, 1.78506 s remaining
subpixel-averaging is 32.619% done, 8.32881 s remaining
subpixel-averaging is 65.1009% done, 2.15092 s remaining
subpixel-averaging is 13.773% done, 25.0571 s remaining
subpixel-averaging is 27.5909% done, 10.5359 s remaining
subpixel-averaging is 41.4058% done, 5.68405 s remaining
subpixel-averaging is 55.1947% done, 3.25199 s remaining
subpixel-averaging is 68.9817% done, 1.80205 s remaining
subpixel-averaging is 82.7736% done, 0.833746 s remaining
subpixel-averaging is 38.6954% done, 6.34531 s remaining
subpixel-averaging is 77.5653% done, 1.16146 s remaining
subpixel-averaging is 32.2125% done, 8.41989 s remaining
subpixel-averaging is 64.5496% done, 2.20512 s remaining
subpixel-averaging is 15.532% done, 21.7795 s remaining
subpixel-averaging is 31.1229% done, 8.88398 s remaining
subpixel-averaging is 46.7228% done, 4.57849 s remaining
subpixel-averaging is 62.3007% done, 2.42684 s remaining
subpixel-averaging is 77.8796% done, 1.13898 s remaining
time for set_epsilon = 154.014 s
time for set_conductivity = 12.8835 s
time for set_conductivity = 12.8804 s
time for set_conductivity = 12.8575 s
time for set_conductivity = 12.8691 s
time for set_conductivity = 12.8415 s
time for set_conductivity = 12.8616 s
lorentzian susceptibility: frequency=2.80116, gamma=2.72777
lorentzian susceptibility: frequency=1.45825, gamma=1.08966
lorentzian susceptibility: frequency=1.24532, gamma=0.251645
lorentzian susceptibility: frequency=0.130662, gamma=0.268583
drude susceptibility: frequency=1e-10, gamma=0.0379081
-----------
Memory usage:  67426959912
Number of pixels:  176091301
on time step 1 (time=0.00909091), 195.889 s/step
on time step 2 (time=0.0181818), 8.40865 s/step
on time step 3 (time=0.0272727), 8.3485 s/step
on time step 4 (time=0.0363636), 8.34947 s/step
on time step 5 (time=0.0454545), 8.34731 s/step
on time step 6 (time=0.0545455), 8.35016 s/step
on time step 7 (time=0.0636364), 8.34738 s/step
on time step 8 (time=0.0727273), 8.34748 s/step
on time step 9 (time=0.0818182), 8.34756 s/step
on time step 10 (time=0.0909091), 8.34814 s/step

Field time usage:
            time stepping: 63.89 s
            communicating: 19.6531 s
     Fourier transforming: 2.86102e-06 s
          everything else: 0.000353813 s


Field time usage for all processes:
        connecting chunks: 0
            time stepping: 63.89
          copying borders: 0
            communicating: 19.6531
        outputting fields: 0
     Fourier transforming: 2.86102e-06
                      MPB: 0
        getting farfields: 0
          everything else: 0.000353813

outputting timing statistics to file "oled_timing_statistics_1_32_20.csv"...

Elapsed run time = 874.6553 s
