-----------
Initializing structure...
time for choose_chunkdivision = 7.70092e-05 s
Working in 3D dimensions.
Computational cell is 11 x 11 x 2.4 with resolution 55
     block, center = (0,0,0.55)
          size (1e+20,1e+20,1.3)
          axes (1,0,0), (0,1,0), (0,0,1)
          dielectric constant epsilon diagonal = (2.25,2.25,2.25)
     block, center = (0,0,-0.3)
          size (1e+20,1e+20,0.4)
          axes (1,0,0), (0,1,0), (0,0,1)
          dielectric constant epsilon diagonal = (3.0625,3.0625,3.0625)
     block, center = (0,0,-0.6)
          size (1e+20,1e+20,0.2)
          axes (1,0,0), (0,1,0), (0,0,1)
          dielectric constant epsilon diagonal = (1,1,1)
subpixel-averaging is 47.7658% done, 4.38013 s remaining
subpixel-averaging is 99.6925% done, 0.0123498 s remaining
subpixel-averaging is 51.0662% done, 3.83388 s remaining
subpixel-averaging is 56.5159% done, 3.08042 s remaining
time for set_epsilon = 40.8586 s
time for set_conductivity = 3.5975 s
time for set_conductivity = 3.59717 s
time for set_conductivity = 3.59076 s
time for set_conductivity = 3.59843 s
time for set_conductivity = 3.59384 s
time for set_conductivity = 3.58893 s
lorentzian susceptibility: frequency=2.80116, gamma=2.72777
lorentzian susceptibility: frequency=1.45825, gamma=1.08966
lorentzian susceptibility: frequency=1.24532, gamma=0.251645
lorentzian susceptibility: frequency=0.130662, gamma=0.268583
drude susceptibility: frequency=1e-10, gamma=0.0379081
-----------
Memory usage:  18500367912
Number of pixels:  48315301
on time step 1 (time=0.00909091), 54.6442 s/step
on time step 3 (time=0.0272727), 2.54536 s/step
on time step 5 (time=0.0454545), 2.53983 s/step
on time step 7 (time=0.0636364), 2.53963 s/step
on time step 9 (time=0.0818182), 2.53968 s/step

Field time usage:
            time stepping: 20.0244 s
            communicating: 5.38412 s
     Fourier transforming: 6.91414e-06 s
          everything else: 0.000351667 s


Field time usage for all processes:
        connecting chunks: 0
            time stepping: 20.0244
          copying borders: 0
            communicating: 5.38412
        outputting fields: 0
     Fourier transforming: 6.91414e-06
                      MPB: 0
        getting farfields: 0
          everything else: 0.000351667

outputting timing statistics to file "oled_timing_statistics_1_20_10.csv"...

Elapsed run time = 242.6121 s
