-----------
Initializing structure...
time for choose_chunkdivision = 7.70092e-05 s
Working in 3D dimensions.
Computational cell is 21 x 21 x 2.4 with resolution 55
     block, center = (0,0,0.55)
          size (1e+20,1e+20,1.3)
          axes (1,0,0), (0,1,0), (0,0,1)
          dielectric constant epsilon diagonal = (2.25,2.25,2.25)
     block, center = (0,0,-0.3)
          size (1e+20,1e+20,0.4)
          axes (1,0,0), (0,1,0), (0,0,1)
          dielectric constant epsilon diagonal = (3.0625,3.0625,3.0625)
     block, center = (0,0,-0.6)
          size (1e+20,1e+20,0.2)
          axes (1,0,0), (0,1,0), (0,0,1)
          dielectric constant epsilon diagonal = (1,1,1)
subpixel-averaging is 33.073% done, 8.09576 s remaining
subpixel-averaging is 66.1984% done, 2.04253 s remaining
subpixel-averaging is 33.4197% done, 7.97742 s remaining
subpixel-averaging is 66.817% done, 1.98653 s remaining
subpixel-averaging is 13.2422% done, 26.2162 s remaining
subpixel-averaging is 26.4933% done, 11.1043 s remaining
subpixel-averaging is 39.7355% done, 6.06802 s remaining
subpixel-averaging is 52.9976% done, 3.54952 s remaining
subpixel-averaging is 66.2638% done, 2.03722 s remaining
subpixel-averaging is 79.5319% done, 1.02989 s remaining
subpixel-averaging is 34.874% done, 7.4816 s remaining
subpixel-averaging is 69.728% done, 1.7376 s remaining
subpixel-averaging is 33.4322% done, 7.96742 s remaining
subpixel-averaging is 66.8619% done, 1.9827 s remaining
subpixel-averaging is 13.9197% done, 24.7462 s remaining
subpixel-averaging is 27.8443% done, 10.3664 s remaining
subpixel-averaging is 41.7689% done, 5.57984 s remaining
subpixel-averaging is 55.7075% done, 3.18337 s remaining
subpixel-averaging is 69.6292% done, 1.74542 s remaining
subpixel-averaging is 83.5429% done, 0.788215 s remaining
subpixel-averaging is 37.1513% done, 6.77132 s remaining
subpixel-averaging is 74.2952% done, 1.38423 s remaining
subpixel-averaging is 33.325% done, 8.01352 s remaining
subpixel-averaging is 66.6674% done, 2.00217 s remaining
subpixel-averaging is 14.8346% done, 22.9675 s remaining
subpixel-averaging is 29.6832% done, 9.47805 s remaining
subpixel-averaging is 44.5327% done, 4.98521 s remaining
subpixel-averaging is 59.3873% done, 2.73663 s remaining
subpixel-averaging is 74.2398% done, 1.38882 s remaining
time for set_epsilon = 152.759 s
time for set_conductivity = 13.0644 s
time for set_conductivity = 13.0628 s
time for set_conductivity = 13.0476 s
time for set_conductivity = 13.0631 s
time for set_conductivity = 13.0167 s
time for set_conductivity = 13.0407 s
lorentzian susceptibility: frequency=2.80116, gamma=2.72777
lorentzian susceptibility: frequency=1.45825, gamma=1.08966
lorentzian susceptibility: frequency=1.24532, gamma=0.251645
lorentzian susceptibility: frequency=0.130662, gamma=0.268583
drude susceptibility: frequency=1e-10, gamma=0.0379081
-----------
Memory usage:  67426959912
Number of pixels:  176091301
on time step 1 (time=0.00909091), 197.93 s/step
on time step 2 (time=0.0181818), 11.4685 s/step
on time step 3 (time=0.0272727), 11.1331 s/step
on time step 4 (time=0.0363636), 11.1309 s/step
on time step 5 (time=0.0454545), 11.1305 s/step
on time step 6 (time=0.0545455), 11.1296 s/step
on time step 7 (time=0.0636364), 11.1306 s/step
on time step 8 (time=0.0727273), 11.1304 s/step
on time step 9 (time=0.0818182), 11.1297 s/step
on time step 10 (time=0.0909091), 11.131 s/step

Field time usage:
            time stepping: 91.3161 s
            communicating: 20.3284 s
     Fourier transforming: 9.29832e-06 s
          everything else: 0.000422239 s


Field time usage for all processes:
        connecting chunks: 0
            time stepping: 91.3161
          copying borders: 0
            communicating: 20.3284
        outputting fields: 0
     Fourier transforming: 9.29832e-06
                      MPB: 0
        getting farfields: 0
          everything else: 0.000422239

outputting timing statistics to file "oled_timing_statistics_1_12_20.csv"...

Elapsed run time = 906.4481 s
