-----------
Initializing structure...
time for choose_chunkdivision = 7.79629e-05 s
Working in 3D dimensions.
Computational cell is 21 x 21 x 2.4 with resolution 55
     block, center = (0,0,0.55)
          size (1e+20,1e+20,1.3)
          axes (1,0,0), (0,1,0), (0,0,1)
          dielectric constant epsilon diagonal = (2.25,2.25,2.25)
     block, center = (0,0,-0.3)
          size (1e+20,1e+20,0.4)
          axes (1,0,0), (0,1,0), (0,0,1)
          dielectric constant epsilon diagonal = (3.0625,3.0625,3.0625)
     block, center = (0,0,-0.6)
          size (1e+20,1e+20,0.2)
          axes (1,0,0), (0,1,0), (0,0,1)
          dielectric constant epsilon diagonal = (1,1,1)
subpixel-averaging is 32.1027% done, 8.50311 s remaining
subpixel-averaging is 64.1156% done, 2.23878 s remaining
subpixel-averaging is 32.1925% done, 8.43771 s remaining
subpixel-averaging is 64.5172% done, 2.2119 s remaining
subpixel-averaging is 12.86% done, 27.1452 s remaining
subpixel-averaging is 25.763% done, 11.571 s remaining
subpixel-averaging is 38.637% done, 6.36357 s remaining
subpixel-averaging is 51.5739% done, 3.77946 s remaining
subpixel-averaging is 64.4379% done, 2.20808 s remaining
subpixel-averaging is 77.3328% done, 1.17564 s remaining
subpixel-averaging is 34.0583% done, 7.74815 s remaining
subpixel-averaging is 68.1939% done, 1.86797 s remaining
subpixel-averaging is 32.175% done, 8.43499 s remaining
subpixel-averaging is 64.4124% done, 2.21459 s remaining
subpixel-averaging is 13.6732% done, 25.2848 s remaining
subpixel-averaging is 27.3843% done, 10.6324 s remaining
subpixel-averaging is 41.0745% done, 5.74503 s remaining
subpixel-averaging is 54.7707% done, 3.30929 s remaining
subpixel-averaging is 68.5317% done, 1.84913 s remaining
subpixel-averaging is 82.2438% done, 0.865925 s remaining
subpixel-averaging is 38.3711% done, 6.42542 s remaining
subpixel-averaging is 76.8045% done, 1.20849 s remaining
subpixel-averaging is 32.0778% done, 8.49854 s remaining
subpixel-averaging is 64.0957% done, 2.24074 s remaining
subpixel-averaging is 15.4592% done, 21.8868 s remaining
subpixel-averaging is 30.9044% done, 8.94385 s remaining
subpixel-averaging is 46.3796% done, 4.63196 s remaining
subpixel-averaging is 61.9375% done, 2.47486 s remaining
subpixel-averaging is 77.4326% done, 1.16937 s remaining
time for set_epsilon = 155.077 s
time for set_conductivity = 12.898 s
time for set_conductivity = 12.9068 s
time for set_conductivity = 12.8681 s
time for set_conductivity = 12.8757 s
time for set_conductivity = 12.8603 s
time for set_conductivity = 12.8715 s
lorentzian susceptibility: frequency=2.80116, gamma=2.72777
lorentzian susceptibility: frequency=1.45825, gamma=1.08966
lorentzian susceptibility: frequency=1.24532, gamma=0.251645
lorentzian susceptibility: frequency=0.130662, gamma=0.268583
drude susceptibility: frequency=1e-10, gamma=0.0379081
-----------
Memory usage:  67426959912
Number of pixels:  176091301
on time step 1 (time=0.00909091), 196.666 s/step
on time step 2 (time=0.0181818), 8.22847 s/step
on time step 3 (time=0.0272727), 8.17013 s/step
on time step 4 (time=0.0363636), 8.1695 s/step
on time step 5 (time=0.0454545), 8.16909 s/step
on time step 6 (time=0.0545455), 8.1692 s/step
on time step 7 (time=0.0636364), 8.16812 s/step
on time step 8 (time=0.0727273), 8.17019 s/step
on time step 9 (time=0.0818182), 8.1693 s/step
on time step 10 (time=0.0909091), 8.16996 s/step

Field time usage:
            time stepping: 61.9146 s
            communicating: 19.8394 s
     Fourier transforming: 6.91414e-06 s
          everything else: 0.000370026 s


Field time usage for all processes:
        connecting chunks: 0
            time stepping: 61.9146
          copying borders: 0
            communicating: 19.8394
        outputting fields: 0
     Fourier transforming: 6.91414e-06
                      MPB: 0
        getting farfields: 0
          everything else: 0.000370026

outputting timing statistics to file "oled_timing_statistics_1_36_20.csv"...

Elapsed run time = 875.8660 s
