-----------
Initializing structure...
time for choose_chunkdivision = 7.89165e-05 s
Working in 3D dimensions.
Computational cell is 11 x 11 x 2.4 with resolution 55
     block, center = (0,0,0.55)
          size (1e+20,1e+20,1.3)
          axes (1,0,0), (0,1,0), (0,0,1)
          dielectric constant epsilon diagonal = (2.25,2.25,2.25)
     block, center = (0,0,-0.3)
          size (1e+20,1e+20,0.4)
          axes (1,0,0), (0,1,0), (0,0,1)
          dielectric constant epsilon diagonal = (3.0625,3.0625,3.0625)
     block, center = (0,0,-0.6)
          size (1e+20,1e+20,0.2)
          axes (1,0,0), (0,1,0), (0,0,1)
          dielectric constant epsilon diagonal = (1,1,1)
subpixel-averaging is 48.2923% done, 4.2854 s remaining
subpixel-averaging is 51.3385% done, 3.79481 s remaining
subpixel-averaging is 55.1653% done, 3.25133 s remaining
time for set_epsilon = 40.3926 s
time for set_conductivity = 3.62401 s
time for set_conductivity = 3.62297 s
time for set_conductivity = 3.6181 s
time for set_conductivity = 3.62147 s
time for set_conductivity = 3.60944 s
time for set_conductivity = 3.61596 s
lorentzian susceptibility: frequency=2.80116, gamma=2.72777
lorentzian susceptibility: frequency=1.45825, gamma=1.08966
lorentzian susceptibility: frequency=1.24532, gamma=0.251645
lorentzian susceptibility: frequency=0.130662, gamma=0.268583
drude susceptibility: frequency=1e-10, gamma=0.0379081
-----------
Memory usage:  18500367912
Number of pixels:  48315301
on time step 1 (time=0.00909091), 55.2444 s/step
on time step 3 (time=0.0272727), 3.04078 s/step
on time step 5 (time=0.0454545), 3.03503 s/step
on time step 7 (time=0.0636364), 3.03469 s/step
on time step 9 (time=0.0818182), 3.0346 s/step

Field time usage:
            time stepping: 24.9676 s
            communicating: 5.39224 s
     Fourier transforming: 5.96046e-06 s
          everything else: 0.000352621 s


Field time usage for all processes:
        connecting chunks: 0
            time stepping: 24.9676
          copying borders: 0
            communicating: 5.39224
        outputting fields: 0
     Fourier transforming: 5.96046e-06
                      MPB: 0
        getting farfields: 0
          everything else: 0.000352621

outputting timing statistics to file "oled_timing_statistics_1_12_10.csv"...

Elapsed run time = 248.3055 s
