-----------
Initializing structure...
time for choose_chunkdivision = 8.10623e-05 s
Working in 3D dimensions.
Computational cell is 21 x 21 x 2.4 with resolution 55
     block, center = (0,0,0.55)
          size (1e+20,1e+20,1.3)
          axes (1,0,0), (0,1,0), (0,0,1)
          dielectric constant epsilon diagonal = (2.25,2.25,2.25)
     block, center = (0,0,-0.3)
          size (1e+20,1e+20,0.4)
          axes (1,0,0), (0,1,0), (0,0,1)
          dielectric constant epsilon diagonal = (3.0625,3.0625,3.0625)
     block, center = (0,0,-0.6)
          size (1e+20,1e+20,0.2)
          axes (1,0,0), (0,1,0), (0,0,1)
          dielectric constant epsilon diagonal = (1,1,1)
subpixel-averaging is 39.0321% done, 6.24978 s remaining
subpixel-averaging is 79.5109% done, 1.03078 s remaining
subpixel-averaging is 39.6557% done, 6.08748 s remaining
subpixel-averaging is 78.7227% done, 1.08115 s remaining
subpixel-averaging is 15.1609% done, 22.3855 s remaining
subpixel-averaging is 30.2539% done, 9.22497 s remaining
subpixel-averaging is 45.3479% done, 4.8223 s remaining
subpixel-averaging is 60.4698% done, 2.61491 s remaining
subpixel-averaging is 75.5978% done, 1.2912 s remaining
subpixel-averaging is 90.7137% done, 0.40949 s remaining
subpixel-averaging is 38.4434% done, 6.40716 s remaining
subpixel-averaging is 76.8045% done, 1.20807 s remaining
subpixel-averaging is 38.4808% done, 6.3961 s remaining
subpixel-averaging is 76.812% done, 1.2076 s remaining
subpixel-averaging is 15.7056% done, 21.472 s remaining
subpixel-averaging is 31.3574% done, 8.75875 s remaining
subpixel-averaging is 46.7946% done, 4.54839 s remaining
subpixel-averaging is 61.9854% done, 2.45354 s remaining
subpixel-averaging is 77.0784% done, 1.18967 s remaining
subpixel-averaging is 92.1056% done, 0.342856 s remaining
subpixel-averaging is 38.1092% done, 6.49845 s remaining
subpixel-averaging is 76.0462% done, 1.26 s remaining
subpixel-averaging is 38.4858% done, 6.39931 s remaining
subpixel-averaging is 76.9268% done, 1.20022 s remaining
subpixel-averaging is 15.2277% done, 22.2761 s remaining
subpixel-averaging is 30.3596% done, 9.17566 s remaining
subpixel-averaging is 45.4806% done, 4.79796 s remaining
subpixel-averaging is 60.5676% done, 2.60484 s remaining
subpixel-averaging is 75.6107% done, 1.291 s remaining
subpixel-averaging is 90.6389% done, 0.413205 s remaining
time for set_epsilon = 142.491 s
time for set_conductivity = 12.9328 s
time for set_conductivity = 12.9121 s
time for set_conductivity = 12.8898 s
time for set_conductivity = 12.8909 s
time for set_conductivity = 12.8992 s
time for set_conductivity = 12.922 s
lorentzian susceptibility: frequency=2.80116, gamma=2.72777
lorentzian susceptibility: frequency=1.45825, gamma=1.08966
lorentzian susceptibility: frequency=1.24532, gamma=0.251645
lorentzian susceptibility: frequency=0.130662, gamma=0.268583
drude susceptibility: frequency=1e-10, gamma=0.0379081
-----------
Memory usage:  67426959912
Number of pixels:  176091301
on time step 1 (time=0.00909091), 211.257 s/step
on time step 2 (time=0.0181818), 20.4761 s/step
on time step 3 (time=0.0272727), 20.4437 s/step
on time step 4 (time=0.0363636), 20.444 s/step
on time step 5 (time=0.0454545), 20.4426 s/step
on time step 6 (time=0.0545455), 20.4408 s/step
on time step 7 (time=0.0636364), 20.4433 s/step
on time step 8 (time=0.0727273), 20.4457 s/step
on time step 9 (time=0.0818182), 20.4426 s/step
on time step 10 (time=0.0909091), 20.4422 s/step

Field time usage:
            time stepping: 184.852 s
            communicating: 19.6136 s
     Fourier transforming: 8.10623e-06 s
          everything else: 0.000423908 s


Field time usage for all processes:
        connecting chunks: 0
            time stepping: 184.852
          copying borders: 0
            communicating: 19.6136
        outputting fields: 0
     Fourier transforming: 8.10623e-06
                      MPB: 0
        getting farfields: 0
          everything else: 0.000423908

outputting timing statistics to file "oled_timing_statistics_1_4_20.csv"...

Elapsed run time = 1007.3478 s
