-----------
Initializing structure...
time for choose_chunkdivision = 7.60555e-05 s
Working in 3D dimensions.
Computational cell is 11 x 11 x 2.4 with resolution 55
     block, center = (0,0,0.55)
          size (1e+20,1e+20,1.3)
          axes (1,0,0), (0,1,0), (0,0,1)
          dielectric constant epsilon diagonal = (2.25,2.25,2.25)
     block, center = (0,0,-0.3)
          size (1e+20,1e+20,0.4)
          axes (1,0,0), (0,1,0), (0,0,1)
          dielectric constant epsilon diagonal = (3.0625,3.0625,3.0625)
     block, center = (0,0,-0.6)
          size (1e+20,1e+20,0.2)
          axes (1,0,0), (0,1,0), (0,0,1)
          dielectric constant epsilon diagonal = (1,1,1)
subpixel-averaging is 45.6891% done, 4.75491 s remaining
subpixel-averaging is 97.6811% done, 0.0949606 s remaining
subpixel-averaging is 48.2415% done, 4.29219 s remaining
subpixel-averaging is 52.769% done, 3.5805 s remaining
time for set_epsilon = 42.7107 s
time for set_conductivity = 3.60772 s
time for set_conductivity = 3.58442 s
time for set_conductivity = 3.6024 s
time for set_conductivity = 3.58348 s
time for set_conductivity = 3.57313 s
time for set_conductivity = 3.59282 s
lorentzian susceptibility: frequency=2.80116, gamma=2.72777
lorentzian susceptibility: frequency=1.45825, gamma=1.08966
lorentzian susceptibility: frequency=1.24532, gamma=0.251645
lorentzian susceptibility: frequency=0.130662, gamma=0.268583
drude susceptibility: frequency=1e-10, gamma=0.0379081
-----------
Memory usage:  18500367912
Number of pixels:  48315301
on time step 1 (time=0.00909091), 65.0124 s/step
on time step 2 (time=0.0181818), 9.75757 s/step
on time step 3 (time=0.0272727), 9.90324 s/step
on time step 4 (time=0.0363636), 9.76087 s/step
on time step 5 (time=0.0454545), 9.94732 s/step
on time step 6 (time=0.0545455), 9.98054 s/step
on time step 7 (time=0.0636364), 9.92709 s/step
on time step 8 (time=0.0727273), 9.95373 s/step
on time step 9 (time=0.0818182), 9.96361 s/step
on time step 10 (time=0.0909091), 9.96269 s/step

Field time usage:
            time stepping: 92.6632 s
            communicating: 6.40117 s
     Fourier transforming: 7.15256e-06 s
          everything else: 0.000461102 s


Field time usage for all processes:
        connecting chunks: 0
            time stepping: 92.6632
          copying borders: 0
            communicating: 6.40117
        outputting fields: 0
     Fourier transforming: 7.15256e-06
                      MPB: 0
        getting farfields: 0
          everything else: 0.000461102

outputting timing statistics to file "oled_timing_statistics_1_2_10.csv"...

Elapsed run time = 331.3960 s
