-----------
Initializing structure...
time for choose_chunkdivision = 7.39098e-05 s
Working in 3D dimensions.
Computational cell is 11 x 11 x 2.4 with resolution 55
     block, center = (0,0,0.55)
          size (1e+20,1e+20,1.3)
          axes (1,0,0), (0,1,0), (0,0,1)
          dielectric constant epsilon diagonal = (2.25,2.25,2.25)
     block, center = (0,0,-0.3)
          size (1e+20,1e+20,0.4)
          axes (1,0,0), (0,1,0), (0,0,1)
          dielectric constant epsilon diagonal = (3.0625,3.0625,3.0625)
     block, center = (0,0,-0.6)
          size (1e+20,1e+20,0.2)
          axes (1,0,0), (0,1,0), (0,0,1)
          dielectric constant epsilon diagonal = (1,1,1)
subpixel-averaging is 70.6539% done, 1.66178 s remaining
subpixel-averaging is 71.351% done, 1.6072 s remaining
subpixel-averaging is 71.794% done, 1.57235 s remaining
time for set_epsilon = 29.4523 s
time for set_conductivity = 3.58994 s
time for set_conductivity = 3.59699 s
time for set_conductivity = 3.58289 s
time for set_conductivity = 3.58814 s
time for set_conductivity = 3.57781 s
time for set_conductivity = 3.58354 s
lorentzian susceptibility: frequency=2.80116, gamma=2.72777
lorentzian susceptibility: frequency=1.45825, gamma=1.08966
lorentzian susceptibility: frequency=1.24532, gamma=0.251645
lorentzian susceptibility: frequency=0.130662, gamma=0.268583
drude susceptibility: frequency=1e-10, gamma=0.0379081
-----------
Memory usage:  18500367912
Number of pixels:  48315301
on time step 1 (time=0.00909091), 56.2594 s/step
on time step 3 (time=0.0272727), 3.68587 s/step
on time step 5 (time=0.0454545), 3.6808 s/step
on time step 7 (time=0.0636364), 3.68124 s/step
on time step 9 (time=0.0818182), 3.68042 s/step

Field time usage:
            time stepping: 31.3896 s
            communicating: 5.42853 s
     Fourier transforming: 7.15256e-06 s
          everything else: 0.000402451 s


Field time usage for all processes:
        connecting chunks: 0
            time stepping: 31.3896
          copying borders: 0
            communicating: 5.42853
        outputting fields: 0
     Fourier transforming: 7.15256e-06
                      MPB: 0
        getting farfields: 0
          everything else: 0.000402451

outputting timing statistics to file "oled_timing_statistics_1_8_10.csv"...

Elapsed run time = 244.8378 s
