-----------
Initializing structure...
time for choose_chunkdivision = 8.10623e-05 s
Working in 3D dimensions.
Computational cell is 3 x 3 x 2.4 with resolution 55
     block, center = (0,0,0.55)
          size (1e+20,1e+20,1.3)
          axes (1,0,0), (0,1,0), (0,0,1)
          dielectric constant epsilon diagonal = (2.25,2.25,2.25)
     block, center = (0,0,-0.3)
          size (1e+20,1e+20,0.4)
          axes (1,0,0), (0,1,0), (0,0,1)
          dielectric constant epsilon diagonal = (3.0625,3.0625,3.0625)
     block, center = (0,0,-0.6)
          size (1e+20,1e+20,0.2)
          axes (1,0,0), (0,1,0), (0,0,1)
          dielectric constant epsilon diagonal = (1,1,1)
time for set_epsilon = 3.18322 s
time for set_conductivity = 0.277533 s
time for set_conductivity = 0.280221 s
time for set_conductivity = 0.283459 s
time for set_conductivity = 0.282499 s
time for set_conductivity = 0.282981 s
time for set_conductivity = 0.282955 s
lorentzian susceptibility: frequency=2.80116, gamma=2.72777
lorentzian susceptibility: frequency=1.45825, gamma=1.08966
lorentzian susceptibility: frequency=1.24532, gamma=0.251645
lorentzian susceptibility: frequency=0.130662, gamma=0.268583
drude susceptibility: frequency=1e-10, gamma=0.0379081
-----------
Memory usage:  1376060712
Number of pixels:  3593701
on time step 1 (time=0.00909091), 6.12916 s/step
on time step 5 (time=0.0454545), 1.25335 s/step
on time step 9 (time=0.0818182), 1.25335 s/step

Field time usage:
            time stepping: 12.1054 s
            communicating: 0.427819 s
     Fourier transforming: 5.96046e-06 s
          everything else: 0.000322104 s


Field time usage for all processes:
        connecting chunks: 0
            time stepping: 12.1054
          copying borders: 0
            communicating: 0.427819
        outputting fields: 0
     Fourier transforming: 5.96046e-06
                      MPB: 0
        getting farfields: 0
          everything else: 0.000322104

outputting timing statistics to file "oled_timing_statistics_1_1_2.csv"...

Elapsed run time = 31.1135 s
