-----------
Initializing structure...
time for choose_chunkdivision = 7.89165e-05 s
Working in 3D dimensions.
Computational cell is 3 x 3 x 2.4 with resolution 55
     block, center = (0,0,0.55)
          size (1e+20,1e+20,1.3)
          axes (1,0,0), (0,1,0), (0,0,1)
          dielectric constant epsilon diagonal = (2.25,2.25,2.25)
     block, center = (0,0,-0.3)
          size (1e+20,1e+20,0.4)
          axes (1,0,0), (0,1,0), (0,0,1)
          dielectric constant epsilon diagonal = (3.0625,3.0625,3.0625)
     block, center = (0,0,-0.6)
          size (1e+20,1e+20,0.2)
          axes (1,0,0), (0,1,0), (0,0,1)
          dielectric constant epsilon diagonal = (1,1,1)
time for set_epsilon = 3.07704 s
time for set_conductivity = 0.277281 s
time for set_conductivity = 0.27954 s
time for set_conductivity = 0.283215 s
time for set_conductivity = 0.282708 s
time for set_conductivity = 0.282634 s
time for set_conductivity = 0.283042 s
lorentzian susceptibility: frequency=2.80116, gamma=2.72777
lorentzian susceptibility: frequency=1.45825, gamma=1.08966
lorentzian susceptibility: frequency=1.24532, gamma=0.251645
lorentzian susceptibility: frequency=0.130662, gamma=0.268583
drude susceptibility: frequency=1e-10, gamma=0.0379081
-----------
Memory usage:  1376060712
Number of pixels:  3593701
on time step 1 (time=0.00909091), 4.53793 s/step

Field time usage:
            time stepping: 1.29277 s
            communicating: 0.488212 s
     Fourier transforming: 7.86781e-06 s
          everything else: 0.000302553 s


Field time usage for all processes:
        connecting chunks: 0
            time stepping: 1.29277
          copying borders: 0
            communicating: 0.488212
        outputting fields: 0
     Fourier transforming: 7.86781e-06
                      MPB: 0
        getting farfields: 0
          everything else: 0.000302553

outputting timing statistics to file "oled_timing_statistics_1_28_2.csv"...

Elapsed run time = 18.5857 s
