-----------
Initializing structure...
time for choose_chunkdivision = 7.51019e-05 s
Working in 3D dimensions.
Computational cell is 21 x 21 x 2.4 with resolution 55
     block, center = (0,0,0.55)
          size (1e+20,1e+20,1.3)
          axes (1,0,0), (0,1,0), (0,0,1)
          dielectric constant epsilon diagonal = (2.25,2.25,2.25)
     block, center = (0,0,-0.3)
          size (1e+20,1e+20,0.4)
          axes (1,0,0), (0,1,0), (0,0,1)
          dielectric constant epsilon diagonal = (3.0625,3.0625,3.0625)
     block, center = (0,0,-0.6)
          size (1e+20,1e+20,0.2)
          axes (1,0,0), (0,1,0), (0,0,1)
          dielectric constant epsilon diagonal = (1,1,1)
subpixel-averaging is 33.4172% done, 7.98118 s remaining
subpixel-averaging is 66.8594% done, 1.98431 s remaining
subpixel-averaging is 33.8712% done, 7.81718 s remaining
subpixel-averaging is 67.7449% done, 1.90599 s remaining
subpixel-averaging is 13.4018% done, 25.8816 s remaining
subpixel-averaging is 26.8256% done, 10.9313 s remaining
subpixel-averaging is 40.2474% done, 5.94363 s remaining
subpixel-averaging is 53.7081% done, 3.4603 s remaining
subpixel-averaging is 67.1408% done, 1.95822 s remaining
subpixel-averaging is 80.5785% done, 0.964424 s remaining
subpixel-averaging is 35.6996% done, 7.20816 s remaining
subpixel-averaging is 71.4915% done, 1.59749 s remaining
subpixel-averaging is 33.7989% done, 7.84202 s remaining
subpixel-averaging is 67.6028% done, 1.91783 s remaining
subpixel-averaging is 14.3557% done, 23.8985 s remaining
subpixel-averaging is 28.7093% done, 9.93819 s remaining
subpixel-averaging is 43.084% done, 5.29117 s remaining
subpixel-averaging is 57.4436% done, 2.96457 s remaining
subpixel-averaging is 71.8113% done, 1.57123 s remaining
subpixel-averaging is 86.163% done, 0.642699 s remaining
subpixel-averaging is 38.5981% done, 6.36388 s remaining
subpixel-averaging is 77.246% done, 1.17871 s remaining
subpixel-averaging is 33.6293% done, 7.89447 s remaining
subpixel-averaging is 67.3708% done, 1.94368 s remaining
subpixel-averaging is 15.55% done, 21.7324 s remaining
subpixel-averaging is 31.1339% done, 8.86508 s remaining
subpixel-averaging is 46.6709% done, 4.57097 s remaining
subpixel-averaging is 62.2239% done, 2.42975 s remaining
subpixel-averaging is 77.7699% done, 1.14356 s remaining
time for set_epsilon = 148.717 s
time for set_conductivity = 12.8953 s
time for set_conductivity = 12.8932 s
time for set_conductivity = 12.8677 s
time for set_conductivity = 12.8788 s
time for set_conductivity = 12.8452 s
time for set_conductivity = 12.8704 s
lorentzian susceptibility: frequency=2.80116, gamma=2.72777
lorentzian susceptibility: frequency=1.45825, gamma=1.08966
lorentzian susceptibility: frequency=1.24532, gamma=0.251645
lorentzian susceptibility: frequency=0.130662, gamma=0.268583
drude susceptibility: frequency=1e-10, gamma=0.0379081
-----------
Memory usage:  67426959912
Number of pixels:  176091301
on time step 1 (time=0.00909091), 195.76 s/step
on time step 2 (time=0.0181818), 10.5977 s/step
on time step 3 (time=0.0272727), 11.0733 s/step
on time step 4 (time=0.0363636), 11.0055 s/step
on time step 5 (time=0.0454545), 11.0018 s/step
on time step 6 (time=0.0545455), 11.005 s/step
on time step 7 (time=0.0636364), 11.0055 s/step
on time step 8 (time=0.0727273), 11.0064 s/step
on time step 9 (time=0.0818182), 11.007 s/step
on time step 10 (time=0.0909091), 11.005 s/step

Field time usage:
            time stepping: 86.5539 s
            communicating: 23.1589 s
     Fourier transforming: 9.05991e-06 s
          everything else: 0.000416279 s


Field time usage for all processes:
        connecting chunks: 0
            time stepping: 86.5539
          copying borders: 0
            communicating: 23.1589
        outputting fields: 0
     Fourier transforming: 9.05991e-06
                      MPB: 0
        getting farfields: 0
          everything else: 0.000416279

outputting timing statistics to file "oled_timing_statistics_1_16_20.csv"...

Elapsed run time = 903.3349 s
