-----------
Initializing structure...
time for choose_chunkdivision = 7.48634e-05 s
Working in 3D dimensions.
Computational cell is 11 x 11 x 2.4 with resolution 55
     block, center = (0,0,0.55)
          size (1e+20,1e+20,1.3)
          axes (1,0,0), (0,1,0), (0,0,1)
          dielectric constant epsilon diagonal = (2.25,2.25,2.25)
     block, center = (0,0,-0.3)
          size (1e+20,1e+20,0.4)
          axes (1,0,0), (0,1,0), (0,0,1)
          dielectric constant epsilon diagonal = (3.0625,3.0625,3.0625)
     block, center = (0,0,-0.6)
          size (1e+20,1e+20,0.2)
          axes (1,0,0), (0,1,0), (0,0,1)
          dielectric constant epsilon diagonal = (1,1,1)
subpixel-averaging is 48.2415% done, 4.29188 s remaining
subpixel-averaging is 96.4974% done, 0.145195 s remaining
subpixel-averaging is 47.9111% done, 4.3491 s remaining
subpixel-averaging is 95.8548% done, 0.172985 s remaining
subpixel-averaging is 47.9728% done, 4.33815 s remaining
subpixel-averaging is 95.971% done, 0.167938 s remaining
time for set_epsilon = 42.7743 s
time for set_conductivity = 3.6039 s
time for set_conductivity = 3.58849 s
time for set_conductivity = 3.59018 s
time for set_conductivity = 3.58686 s
time for set_conductivity = 3.59427 s
time for set_conductivity = 3.58593 s
lorentzian susceptibility: frequency=2.80116, gamma=2.72777
lorentzian susceptibility: frequency=1.45825, gamma=1.08966
lorentzian susceptibility: frequency=1.24532, gamma=0.251645
lorentzian susceptibility: frequency=0.130662, gamma=0.268583
drude susceptibility: frequency=1e-10, gamma=0.0379081
-----------
Memory usage:  18500367912
Number of pixels:  48315301
on time step 1 (time=0.00909091), 76.0325 s/step
on time step 2 (time=0.0181818), 16.9952 s/step
on time step 3 (time=0.0272727), 16.9829 s/step
on time step 4 (time=0.0363636), 16.9814 s/step
on time step 5 (time=0.0454545), 16.9811 s/step
on time step 6 (time=0.0545455), 16.9822 s/step
on time step 7 (time=0.0636364), 16.9822 s/step
on time step 8 (time=0.0727273), 16.9837 s/step
on time step 9 (time=0.0818182), 16.9819 s/step
on time step 10 (time=0.0909091), 16.9836 s/step

Field time usage:
            time stepping: 164.927 s
            communicating: 4.90621 s
     Fourier transforming: 4.05312e-06 s
          everything else: 0.000335693 s


Field time usage for all processes:
        connecting chunks: 0
            time stepping: 164.927
          copying borders: 0
            communicating: 4.90621
        outputting fields: 0
     Fourier transforming: 4.05312e-06
                      MPB: 0
        getting farfields: 0
          everything else: 0.000335693

outputting timing statistics to file "oled_timing_statistics_1_1_10.csv"...

Elapsed run time = 412.0539 s
