-----------
Initializing structure...
time for choose_chunkdivision = 7.41482e-05 s
Working in 3D dimensions.
Computational cell is 3 x 3 x 2.4 with resolution 55
     block, center = (0,0,0.55)
          size (1e+20,1e+20,1.3)
          axes (1,0,0), (0,1,0), (0,0,1)
          dielectric constant epsilon diagonal = (2.25,2.25,2.25)
     block, center = (0,0,-0.3)
          size (1e+20,1e+20,0.4)
          axes (1,0,0), (0,1,0), (0,0,1)
          dielectric constant epsilon diagonal = (3.0625,3.0625,3.0625)
     block, center = (0,0,-0.6)
          size (1e+20,1e+20,0.2)
          axes (1,0,0), (0,1,0), (0,0,1)
          dielectric constant epsilon diagonal = (1,1,1)
time for set_epsilon = 3.49794 s
time for set_conductivity = 0.277916 s
time for set_conductivity = 0.280224 s
time for set_conductivity = 0.284161 s
time for set_conductivity = 0.282437 s
time for set_conductivity = 0.282334 s
time for set_conductivity = 0.284661 s
lorentzian susceptibility: frequency=2.80116, gamma=2.72777
lorentzian susceptibility: frequency=1.45825, gamma=1.08966
lorentzian susceptibility: frequency=1.24532, gamma=0.251645
lorentzian susceptibility: frequency=0.130662, gamma=0.268583
drude susceptibility: frequency=1e-10, gamma=0.0379081
-----------
Memory usage:  1376060712
Number of pixels:  3593701
on time step 1 (time=0.00909091), 5.30722 s/step
on time step 7 (time=0.0636364), 0.704838 s/step

Field time usage:
            time stepping: 6.6561 s
            communicating: 0.499372 s
     Fourier transforming: 5.96046e-06 s
          everything else: 0.00036931 s


Field time usage for all processes:
        connecting chunks: 0
            time stepping: 6.6561
          copying borders: 0
            communicating: 0.499372
        outputting fields: 0
     Fourier transforming: 5.96046e-06
                      MPB: 0
        getting farfields: 0
          everything else: 0.00036931

outputting timing statistics to file "oled_timing_statistics_1_2_2.csv"...

Elapsed run time = 25.3993 s
