-----------
Initializing structure...
time for choose_chunkdivision = 7.41482e-05 s
Working in 3D dimensions.
Computational cell is 21 x 21 x 2.4 with resolution 55
     block, center = (0,0,0.55)
          size (1e+20,1e+20,1.3)
          axes (1,0,0), (0,1,0), (0,0,1)
          dielectric constant epsilon diagonal = (2.25,2.25,2.25)
     block, center = (0,0,-0.3)
          size (1e+20,1e+20,0.4)
          axes (1,0,0), (0,1,0), (0,0,1)
          dielectric constant epsilon diagonal = (3.0625,3.0625,3.0625)
     block, center = (0,0,-0.6)
          size (1e+20,1e+20,0.2)
          axes (1,0,0), (0,1,0), (0,0,1)
          dielectric constant epsilon diagonal = (1,1,1)
subpixel-averaging is 48.4584% done, 4.25676 s remaining
subpixel-averaging is 99.6705% done, 0.0132226 s remaining
subpixel-averaging is 49.1992% done, 4.13089 s remaining
subpixel-averaging is 19.527% done, 16.4923 s remaining
subpixel-averaging is 39.055% done, 6.24225 s remaining
subpixel-averaging is 58.6719% done, 2.81818 s remaining
subpixel-averaging is 78.2837% done, 1.11016 s remaining
subpixel-averaging is 98.575% done, 0.0578237 s remaining
subpixel-averaging is 50.1146% done, 3.98421 s remaining
subpixel-averaging is 50.2618% done, 3.95846 s remaining
subpixel-averaging is 19.7705% done, 16.2386 s remaining
subpixel-averaging is 39.5449% done, 6.12584 s remaining
subpixel-averaging is 59.3274% done, 2.74249 s remaining
subpixel-averaging is 79.0679% done, 1.05901 s remaining
subpixel-averaging is 99.1108% done, 0.0358877 s remaining
subpixel-averaging is 49.4761% done, 4.0869 s remaining
subpixel-averaging is 49.5609% done, 4.07415 s remaining
subpixel-averaging is 19.6448% done, 16.3649 s remaining
subpixel-averaging is 39.2945% done, 6.18444 s remaining
subpixel-averaging is 58.9333% done, 2.78788 s remaining
subpixel-averaging is 78.5172% done, 1.09468 s remaining
subpixel-averaging is 98.5331% done, 0.0595667 s remaining
time for set_epsilon = 108.165 s
time for set_conductivity = 12.9168 s
time for set_conductivity = 12.919 s
time for set_conductivity = 12.8994 s
time for set_conductivity = 12.9058 s
time for set_conductivity = 12.8965 s
time for set_conductivity = 12.8983 s
lorentzian susceptibility: frequency=2.80116, gamma=2.72777
lorentzian susceptibility: frequency=1.45825, gamma=1.08966
lorentzian susceptibility: frequency=1.24532, gamma=0.251645
lorentzian susceptibility: frequency=0.130662, gamma=0.268583
drude susceptibility: frequency=1e-10, gamma=0.0379081
-----------
Memory usage:  67426959912
Number of pixels:  176091301
on time step 1 (time=0.00909091), 200.567 s/step
on time step 2 (time=0.0181818), 13.3965 s/step
on time step 3 (time=0.0272727), 13.3679 s/step
on time step 4 (time=0.0363636), 13.3672 s/step
on time step 5 (time=0.0454545), 13.3682 s/step
on time step 6 (time=0.0545455), 13.3687 s/step
on time step 7 (time=0.0636364), 13.3678 s/step
on time step 8 (time=0.0727273), 13.3693 s/step
on time step 9 (time=0.0818182), 13.3683 s/step
on time step 10 (time=0.0909091), 13.4341 s/step

Field time usage:
            time stepping: 114.071 s
            communicating: 19.7763 s
     Fourier transforming: 6.91414e-06 s
          everything else: 0.000464201 s


Field time usage for all processes:
        connecting chunks: 0
            time stepping: 114.071
          copying borders: 0
            communicating: 19.7763
        outputting fields: 0
     Fourier transforming: 6.91414e-06
                      MPB: 0
        getting farfields: 0
          everything else: 0.000464201

outputting timing statistics to file "oled_timing_statistics_1_8_20.csv"...

Elapsed run time = 886.3133 s
