-----------
Initializing structure...
time for choose_chunkdivision = 7.70092e-05 s
Working in 3D dimensions.
Computational cell is 11 x 11 x 2.4 with resolution 55
     block, center = (0,0,0.55)
          size (1e+20,1e+20,1.3)
          axes (1,0,0), (0,1,0), (0,0,1)
          dielectric constant epsilon diagonal = (2.25,2.25,2.25)
     block, center = (0,0,-0.3)
          size (1e+20,1e+20,0.4)
          axes (1,0,0), (0,1,0), (0,0,1)
          dielectric constant epsilon diagonal = (3.0625,3.0625,3.0625)
     block, center = (0,0,-0.6)
          size (1e+20,1e+20,0.2)
          axes (1,0,0), (0,1,0), (0,0,1)
          dielectric constant epsilon diagonal = (1,1,1)
subpixel-averaging is 46.8836% done, 4.54397 s remaining
subpixel-averaging is 95.1359% done, 0.20483 s remaining
subpixel-averaging is 49.3162% done, 4.12695 s remaining
subpixel-averaging is 55.8369% done, 3.17282 s remaining
time for set_epsilon = 42.2331 s
time for set_conductivity = 3.58039 s
time for set_conductivity = 3.58088 s
time for set_conductivity = 3.5723 s
time for set_conductivity = 3.57249 s
time for set_conductivity = 3.56571 s
time for set_conductivity = 3.57133 s
lorentzian susceptibility: frequency=2.80116, gamma=2.72777
lorentzian susceptibility: frequency=1.45825, gamma=1.08966
lorentzian susceptibility: frequency=1.24532, gamma=0.251645
lorentzian susceptibility: frequency=0.130662, gamma=0.268583
drude susceptibility: frequency=1e-10, gamma=0.0379081
-----------
Memory usage:  18500367912
Number of pixels:  48315301
on time step 1 (time=0.00909091), 54.1495 s/step
on time step 3 (time=0.0272727), 2.19632 s/step
on time step 5 (time=0.0454545), 2.19074 s/step
on time step 7 (time=0.0636364), 2.19205 s/step
on time step 9 (time=0.0818182), 2.23377 s/step

Field time usage:
            time stepping: 16.6468 s
            communicating: 5.38112 s
     Fourier transforming: 5.96046e-06 s
          everything else: 0.000343084 s


Field time usage for all processes:
        connecting chunks: 0
            time stepping: 16.6468
          copying borders: 0
            communicating: 5.38112
        outputting fields: 0
     Fourier transforming: 5.96046e-06
                      MPB: 0
        getting farfields: 0
          everything else: 0.000343084

outputting timing statistics to file "oled_timing_statistics_1_40_10.csv"...

Elapsed run time = 241.1386 s
