-----------
Initializing structure...
time for choose_chunkdivision = 7.48634e-05 s
Working in 3D dimensions.
Computational cell is 21 x 21 x 2.4 with resolution 55
     block, center = (0,0,0.55)
          size (1e+20,1e+20,1.3)
          axes (1,0,0), (0,1,0), (0,0,1)
          dielectric constant epsilon diagonal = (2.25,2.25,2.25)
     block, center = (0,0,-0.3)
          size (1e+20,1e+20,0.4)
          axes (1,0,0), (0,1,0), (0,0,1)
          dielectric constant epsilon diagonal = (3.0625,3.0625,3.0625)
     block, center = (0,0,-0.6)
          size (1e+20,1e+20,0.2)
          axes (1,0,0), (0,1,0), (0,0,1)
          dielectric constant epsilon diagonal = (1,1,1)
subpixel-averaging is 33.0456% done, 8.15822 s remaining
subpixel-averaging is 66.1435% done, 2.05969 s remaining
subpixel-averaging is 32.8286% done, 8.18545 s remaining
subpixel-averaging is 65.702% done, 2.08993 s remaining
subpixel-averaging is 13.1454% done, 26.4447 s remaining
subpixel-averaging is 26.3197% done, 11.2208 s remaining
subpixel-averaging is 39.4661% done, 6.13883 s remaining
subpixel-averaging is 52.6594% done, 3.60927 s remaining
subpixel-averaging is 65.8657% done, 2.08267 s remaining
subpixel-averaging is 79.0181% done, 1.06268 s remaining
subpixel-averaging is 34.43% done, 7.63346 s remaining
subpixel-averaging is 68.8275% done, 1.81181 s remaining
subpixel-averaging is 32.8361% done, 8.19344 s remaining
subpixel-averaging is 65.7395% done, 2.08984 s remaining
subpixel-averaging is 13.9436% done, 24.851 s remaining
subpixel-averaging is 27.8553% done, 10.4068 s remaining
subpixel-averaging is 41.7769% done, 5.59975 s remaining
subpixel-averaging is 55.6447% done, 3.1891 s remaining
subpixel-averaging is 69.5544% done, 1.75638 s remaining
subpixel-averaging is 83.492% done, 0.793991 s remaining
subpixel-averaging is 39.072% done, 6.26222 s remaining
subpixel-averaging is 78.0467% done, 1.12635 s remaining
subpixel-averaging is 32.634% done, 8.27095 s remaining
subpixel-averaging is 65.4252% done, 2.12376 s remaining
subpixel-averaging is 15.6388% done, 21.5843 s remaining
subpixel-averaging is 31.3145% done, 8.79528 s remaining
subpixel-averaging is 46.9672% done, 4.52128 s remaining
subpixel-averaging is 62.6489% done, 2.3905 s remaining
subpixel-averaging is 78.3186% done, 1.10929 s remaining
time for set_epsilon = 152.099 s
time for set_conductivity = 12.8914 s
time for set_conductivity = 12.8919 s
time for set_conductivity = 12.8601 s
time for set_conductivity = 12.8697 s
time for set_conductivity = 12.8411 s
time for set_conductivity = 12.861 s
lorentzian susceptibility: frequency=2.80116, gamma=2.72777
lorentzian susceptibility: frequency=1.45825, gamma=1.08966
lorentzian susceptibility: frequency=1.24532, gamma=0.251645
lorentzian susceptibility: frequency=0.130662, gamma=0.268583
drude susceptibility: frequency=1e-10, gamma=0.0379081
-----------
Memory usage:  67426959912
Number of pixels:  176091301
on time step 1 (time=0.00909091), 195.588 s/step
on time step 2 (time=0.0181818), 8.09271 s/step
on time step 3 (time=0.0272727), 8.05813 s/step
on time step 4 (time=0.0363636), 8.04975 s/step
on time step 5 (time=0.0454545), 8.03351 s/step
on time step 6 (time=0.0545455), 8.04876 s/step
on time step 7 (time=0.0636364), 8.03076 s/step
on time step 8 (time=0.0727273), 8.03241 s/step
on time step 9 (time=0.0818182), 8.03555 s/step
on time step 10 (time=0.0909091), 8.03779 s/step

Field time usage:
            time stepping: 60.793 s
            communicating: 19.684 s
     Fourier transforming: 8.10623e-06 s
          everything else: 0.000349045 s


Field time usage for all processes:
        connecting chunks: 0
            time stepping: 60.793
          copying borders: 0
            communicating: 19.684
        outputting fields: 0
     Fourier transforming: 8.10623e-06
                      MPB: 0
        getting farfields: 0
          everything else: 0.000349045

outputting timing statistics to file "oled_timing_statistics_1_40_20.csv"...

Elapsed run time = 873.7869 s
