-----------
Initializing structure...
time for choose_chunkdivision = 7.48634e-05 s
Working in 3D dimensions.
Computational cell is 21 x 21 x 2.4 with resolution 55
     block, center = (0,0,0.55)
          size (1e+20,1e+20,1.3)
          axes (1,0,0), (0,1,0), (0,0,1)
          dielectric constant epsilon diagonal = (2.25,2.25,2.25)
     block, center = (0,0,-0.3)
          size (1e+20,1e+20,0.4)
          axes (1,0,0), (0,1,0), (0,0,1)
          dielectric constant epsilon diagonal = (3.0625,3.0625,3.0625)
     block, center = (0,0,-0.6)
          size (1e+20,1e+20,0.2)
          axes (1,0,0), (0,1,0), (0,0,1)
          dielectric constant epsilon diagonal = (1,1,1)
subpixel-averaging is 34.2279% done, 7.68712 s remaining
subpixel-averaging is 64.7567% done, 2.17708 s remaining
subpixel-averaging is 96.5526% done, 0.14283 s remaining
subpixel-averaging is 39.1493% done, 6.21942 s remaining
subpixel-averaging is 73.4022% done, 1.44975 s remaining
subpixel-averaging is 13.1314% done, 26.462 s remaining
subpixel-averaging is 26.6839% done, 10.9942 s remaining
subpixel-averaging is 40.0239% done, 5.9942 s remaining
subpixel-averaging is 51.6247% done, 3.74865 s remaining
subpixel-averaging is 63.7943% done, 2.27036 s remaining
subpixel-averaging is 75.93% done, 1.26824 s remaining
subpixel-averaging is 89.8806% done, 0.450378 s remaining
subpixel-averaging is 30.7907% done, 8.99202 s remaining
subpixel-averaging is 61.4217% done, 2.51243 s remaining
subpixel-averaging is 94.5745% done, 0.229525 s remaining
subpixel-averaging is 33.8637% done, 7.81253 s remaining
subpixel-averaging is 67.4755% done, 1.92835 s remaining
subpixel-averaging is 12.7633% done, 27.343 s remaining
subpixel-averaging is 23.6577% done, 12.9079 s remaining
subpixel-averaging is 38.6679% done, 6.34453 s remaining
subpixel-averaging is 50.7757% done, 3.8778 s remaining
subpixel-averaging is 63.9779% done, 2.25224 s remaining
subpixel-averaging is 77.1173% done, 1.18732 s remaining
subpixel-averaging is 88.8379% done, 0.502756 s remaining
subpixel-averaging is 33.8812% done, 7.8063 s remaining
subpixel-averaging is 64.9388% done, 2.15989 s remaining
subpixel-averaging is 91.3742% done, 0.377604 s remaining
subpixel-averaging is 30.8505% done, 8.96615 s remaining
subpixel-averaging is 64.617% done, 2.19033 s remaining
subpixel-averaging is 97.5304% done, 0.101292 s remaining
subpixel-averaging is 14.9174% done, 22.8144 s remaining
subpixel-averaging is 27.1159% done, 10.7515 s remaining
subpixel-averaging is 39.3863% done, 6.15628 s remaining
subpixel-averaging is 51.2506% done, 3.80512 s remaining
subpixel-averaging is 64.5776% done, 2.19414 s remaining
subpixel-averaging is 76.2313% done, 1.24752 s remaining
subpixel-averaging is 88.0796% done, 0.541435 s remaining
time for set_epsilon = 167.861 s
time for set_conductivity = 12.912 s
time for set_conductivity = 12.9207 s
time for set_conductivity = 12.9785 s
time for set_conductivity = 12.9999 s
time for set_conductivity = 12.8674 s
time for set_conductivity = 12.9265 s
lorentzian susceptibility: frequency=2.80116, gamma=2.72777
lorentzian susceptibility: frequency=1.45825, gamma=1.08966
lorentzian susceptibility: frequency=1.24532, gamma=0.251645
lorentzian susceptibility: frequency=0.130662, gamma=0.268583
drude susceptibility: frequency=1e-10, gamma=0.0379081
-----------
Memory usage:  67426959912
Number of pixels:  176091301
on time step 1 (time=0.00909091), 232.17 s/step
on time step 2 (time=0.0181818), 35.0715 s/step
on time step 3 (time=0.0272727), 35.5317 s/step
on time step 4 (time=0.0363636), 35.8829 s/step
on time step 5 (time=0.0454545), 36.5643 s/step
on time step 6 (time=0.0545455), 35.5773 s/step
on time step 7 (time=0.0636364), 36.2412 s/step
on time step 8 (time=0.0727273), 35.7699 s/step
on time step 9 (time=0.0818182), 35.1617 s/step
on time step 10 (time=0.0909091), 35.3462 s/step

Field time usage:
            time stepping: 334.332 s
            communicating: 22.5427 s
     Fourier transforming: 9.77516e-06 s
          everything else: 0.000544786 s


Field time usage for all processes:
        connecting chunks: 0
            time stepping: 334.332
          copying borders: 0
            communicating: 22.5427
        outputting fields: 0
     Fourier transforming: 9.77516e-06
                      MPB: 0
        getting farfields: 0
          everything else: 0.000544786

outputting timing statistics to file "oled_timing_statistics_1_2_20.csv"...

Elapsed run time = 1210.2570 s
