-----------
Initializing structure...
time for choose_chunkdivision = 7.70092e-05 s
Working in 3D dimensions.
Computational cell is 11 x 11 x 2.4 with resolution 55
     block, center = (0,0,0.55)
          size (1e+20,1e+20,1.3)
          axes (1,0,0), (0,1,0), (0,0,1)
          dielectric constant epsilon diagonal = (2.25,2.25,2.25)
     block, center = (0,0,-0.3)
          size (1e+20,1e+20,0.4)
          axes (1,0,0), (0,1,0), (0,0,1)
          dielectric constant epsilon diagonal = (3.0625,3.0625,3.0625)
     block, center = (0,0,-0.6)
          size (1e+20,1e+20,0.2)
          axes (1,0,0), (0,1,0), (0,0,1)
          dielectric constant epsilon diagonal = (1,1,1)
subpixel-averaging is 78.0788% done, 1.12312 s remaining
subpixel-averaging is 82.3539% done, 0.857266 s remaining
subpixel-averaging is 30.8285% done, 8.97685 s remaining
subpixel-averaging is 61.6751% done, 2.48588 s remaining
subpixel-averaging is 92.5763% done, 0.320797 s remaining
subpixel-averaging is 78.3601% done, 1.10475 s remaining
subpixel-averaging is 82.8259% done, 0.829434 s remaining
subpixel-averaging is 30.9302% done, 8.93382 s remaining
subpixel-averaging is 63.0004% done, 2.34923 s remaining
subpixel-averaging is 94.584% done, 0.229061 s remaining
subpixel-averaging is 79.5764% done, 1.02663 s remaining
subpixel-averaging is 82.8532% done, 0.827908 s remaining
subpixel-averaging is 30.8793% done, 8.95505 s remaining
subpixel-averaging is 61.7586% done, 2.47731 s remaining
subpixel-averaging is 94.6095% done, 0.227933 s remaining
time for set_epsilon = 66.7801 s
time for set_conductivity = 3.59456 s
time for set_conductivity = 3.59447 s
time for set_conductivity = 3.58643 s
time for set_conductivity = 3.59173 s
time for set_conductivity = 3.58312 s
time for set_conductivity = 3.59042 s
lorentzian susceptibility: frequency=2.80116, gamma=2.72777
lorentzian susceptibility: frequency=1.45825, gamma=1.08966
lorentzian susceptibility: frequency=1.24532, gamma=0.251645
lorentzian susceptibility: frequency=0.130662, gamma=0.268583
drude susceptibility: frequency=1e-10, gamma=0.0379081
-----------
Memory usage:  18500367912
Number of pixels:  48315301
on time step 1 (time=0.00909091), 64.8597 s/step
on time step 2 (time=0.0181818), 9.49528 s/step
on time step 3 (time=0.0272727), 9.48375 s/step
on time step 4 (time=0.0363636), 9.48465 s/step
on time step 5 (time=0.0454545), 9.48309 s/step
on time step 6 (time=0.0545455), 9.4837 s/step
on time step 7 (time=0.0636364), 9.48408 s/step
on time step 8 (time=0.0727273), 9.48259 s/step
on time step 9 (time=0.0818182), 9.48343 s/step
on time step 10 (time=0.0909091), 9.48463 s/step

Field time usage:
            time stepping: 89.518 s
            communicating: 5.33049 s
     Fourier transforming: 5.96046e-06 s
          everything else: 0.000333071 s


Field time usage for all processes:
        connecting chunks: 0
            time stepping: 89.518
          copying borders: 0
            communicating: 5.33049
        outputting fields: 0
     Fourier transforming: 5.96046e-06
                      MPB: 0
        getting farfields: 0
          everything else: 0.000333071

outputting timing statistics to file "oled_timing_statistics_1_2_10.csv"...

Elapsed run time = 356.5186 s
