-----------
Initializing structure...
time for choose_chunkdivision = 8.29697e-05 s
Working in 3D dimensions.
Computational cell is 11 x 11 x 2.4 with resolution 55
     block, center = (0,0,0.55)
          size (1e+20,1e+20,1.3)
          axes (1,0,0), (0,1,0), (0,0,1)
          dielectric constant epsilon diagonal = (2.25,2.25,2.25)
     block, center = (0,0,-0.3)
          size (1e+20,1e+20,0.4)
          axes (1,0,0), (0,1,0), (0,0,1)
          dielectric constant epsilon diagonal = (3.0625,3.0625,3.0625)
     block, center = (0,0,-0.6)
          size (1e+20,1e+20,0.2)
          axes (1,0,0), (0,1,0), (0,0,1)
          dielectric constant epsilon diagonal = (1,1,1)
subpixel-averaging is 46.368% done, 4.62678 s remaining
subpixel-averaging is 46.0884% done, 4.679 s remaining
subpixel-averaging is 92.1914% done, 0.338873 s remaining
subpixel-averaging is 46.6149% done, 4.58129 s remaining
time for set_epsilon = 45.6668 s
time for set_conductivity = 3.61769 s
time for set_conductivity = 3.6173 s
time for set_conductivity = 3.61085 s
time for set_conductivity = 3.61292 s
time for set_conductivity = 3.60754 s
time for set_conductivity = 3.61456 s
lorentzian susceptibility: frequency=2.80116, gamma=2.72777
lorentzian susceptibility: frequency=1.45825, gamma=1.08966
lorentzian susceptibility: frequency=1.24532, gamma=0.251645
lorentzian susceptibility: frequency=0.130662, gamma=0.268583
drude susceptibility: frequency=1e-10, gamma=0.0379081
-----------
Memory usage:  18500367912
Number of pixels:  48315301
on time step 1 (time=0.00909091), 59.1145 s/step
on time step 2 (time=0.0181818), 5.64426 s/step
on time step 3 (time=0.0272727), 5.63197 s/step
on time step 4 (time=0.0363636), 5.63207 s/step
on time step 5 (time=0.0454545), 5.63316 s/step
on time step 6 (time=0.0545455), 5.63306 s/step
on time step 7 (time=0.0636364), 5.63326 s/step
on time step 8 (time=0.0727273), 5.63258 s/step
on time step 9 (time=0.0818182), 5.63285 s/step
on time step 10 (time=0.0909091), 5.63277 s/step

Field time usage:
            time stepping: 51.0644 s
            communicating: 5.27415 s
     Fourier transforming: 3.8147e-06 s
          everything else: 0.000347137 s


Field time usage for all processes:
        connecting chunks: 0
            time stepping: 51.0644
          copying borders: 0
            communicating: 5.27415
        outputting fields: 0
     Fourier transforming: 3.8147e-06
                      MPB: 0
        getting farfields: 0
          everything else: 0.000347137

outputting timing statistics to file "oled_timing_statistics_1_4_10.csv"...

Elapsed run time = 283.6482 s
