-----------
Initializing structure...
time for choose_chunkdivision = 7.79629e-05 s
Working in 3D dimensions.
Computational cell is 11 x 11 x 2.4 with resolution 55
     block, center = (0,0,0.55)
          size (1e+20,1e+20,1.3)
          axes (1,0,0), (0,1,0), (0,0,1)
          dielectric constant epsilon diagonal = (2.25,2.25,2.25)
     block, center = (0,0,-0.3)
          size (1e+20,1e+20,0.4)
          axes (1,0,0), (0,1,0), (0,0,1)
          dielectric constant epsilon diagonal = (3.0625,3.0625,3.0625)
     block, center = (0,0,-0.6)
          size (1e+20,1e+20,0.2)
          axes (1,0,0), (0,1,0), (0,0,1)
          dielectric constant epsilon diagonal = (1,1,1)
subpixel-averaging is 45.9868% done, 4.70091 s remaining
subpixel-averaging is 49.033% done, 4.16431 s remaining
subpixel-averaging is 55.158% done, 3.25319 s remaining
time for set_epsilon = 42.9354 s
time for set_conductivity = 3.58245 s
time for set_conductivity = 3.58072 s
time for set_conductivity = 3.57401 s
time for set_conductivity = 3.57633 s
time for set_conductivity = 3.57361 s
time for set_conductivity = 3.58244 s
lorentzian susceptibility: frequency=2.80116, gamma=2.72777
lorentzian susceptibility: frequency=1.45825, gamma=1.08966
lorentzian susceptibility: frequency=1.24532, gamma=0.251645
lorentzian susceptibility: frequency=0.130662, gamma=0.268583
drude susceptibility: frequency=1e-10, gamma=0.0379081
-----------
Memory usage:  18500367912
Number of pixels:  48315301
on time step 1 (time=0.00909091), 54.2016 s/step
on time step 3 (time=0.0272727), 2.28419 s/step
on time step 5 (time=0.0454545), 2.27737 s/step
on time step 7 (time=0.0636364), 2.27752 s/step
on time step 9 (time=0.0818182), 2.27733 s/step

Field time usage:
            time stepping: 17.4366 s
            communicating: 5.35025 s
     Fourier transforming: 6.91414e-06 s
          everything else: 0.000328302 s


Field time usage for all processes:
        connecting chunks: 0
            time stepping: 17.4366
          copying borders: 0
            communicating: 5.35025
        outputting fields: 0
     Fourier transforming: 6.91414e-06
                      MPB: 0
        getting farfields: 0
          everything else: 0.000328302

outputting timing statistics to file "oled_timing_statistics_1_32_10.csv"...

Elapsed run time = 241.8054 s
