Using MPI version 3.1, 8 processes
-----------
Initializing structure...
Splitting into 8 chunks evenly
time for choose_chunkdivision = 0.00454673 s
Working in 3D dimensions.
Computational cell is 11 x 11 x 2.4 with resolution 55
     block, center = (0,0,0.55)
          size (1e+20,1e+20,1.3)
          axes (1,0,0), (0,1,0), (0,0,1)
          dielectric constant epsilon diagonal = (2.25,2.25,2.25)
     block, center = (0,0,-0.3)
          size (1e+20,1e+20,0.4)
          axes (1,0,0), (0,1,0), (0,0,1)
          dielectric constant epsilon diagonal = (3.0625,3.0625,3.0625)
     block, center = (0,0,-0.6)
          size (1e+20,1e+20,0.2)
          axes (1,0,0), (0,1,0), (0,0,1)
          dielectric constant epsilon diagonal = (1,1,1)
time for set_epsilon = 4.55925 s
time for set_conductivity = 0.42501 s
time for set_conductivity = 0.430641 s
time for set_conductivity = 0.434698 s
time for set_conductivity = 0.434245 s
time for set_conductivity = 0.434397 s
time for set_conductivity = 0.435049 s
lorentzian susceptibility: frequency=2.80116, gamma=2.72777
lorentzian susceptibility: frequency=1.45825, gamma=1.08966
lorentzian susceptibility: frequency=1.24532, gamma=0.251645
lorentzian susceptibility: frequency=0.130662, gamma=0.268583
drude susceptibility: frequency=1e-10, gamma=0.0379081
-----------
on time step 1 (time=0.00909091), 30.8789 s/step
on time step 8 (time=0.0727273), 0.640788 s/step
on time step 15 (time=0.136364), 0.639454 s/step
on time step 22 (time=0.2), 0.639334 s/step
on time step 29 (time=0.263636), 0.639429 s/step
on time step 36 (time=0.327273), 0.638908 s/step
on time step 43 (time=0.390909), 0.638804 s/step
on time step 50 (time=0.454545), 0.639021 s/step
on time step 57 (time=0.518182), 0.639045 s/step
on time step 64 (time=0.581818), 0.638552 s/step
on time step 71 (time=0.645455), 0.638974 s/step
on time step 78 (time=0.709091), 0.639116 s/step
on time step 85 (time=0.772727), 0.638899 s/step
on time step 92 (time=0.836364), 0.638695 s/step
on time step 99 (time=0.9), 0.638642 s/step

Field time usage:
            time stepping: 53.9749 s +/- 0.509614 s
            communicating: 9.9343 s +/- 0.509746 s
     Fourier transforming: 5.85541e-05 s +/- 1.24636e-05 s
          everything else: 0.00261395 s +/- 0.000372303 s


Field time usage for all processes:
        connecting chunks: 0, 0, 0, 0, 0, 0, 0, 0
            time stepping: 53.2372, 53.5771, 53.5218, 54.4264, 54.0249, 53.9034, 54.6719, 54.4363
          copying borders: 0, 0, 0, 0, 0, 0, 0, 0
            communicating: 10.6719, 10.3326, 10.3872, 9.4826, 9.88483, 10.0059, 9.23708, 9.47237
        outputting fields: 0, 0, 0, 0, 0, 0, 0, 0
     Fourier transforming: 4.7117e-05, 4.4375e-05, 5.09049e-05, 5.54048e-05, 5.44984e-05, 6.36941e-05, 7.30474e-05, 7.93911e-05
                      MPB: 0, 0, 0, 0, 0, 0, 0, 0
        getting farfields: 0, 0, 0, 0, 0, 0, 0, 0
          everything else: 0.00315007, 0.002192, 0.00282771, 0.0026934, 0.00219704, 0.00233275, 0.00247857, 0.00304008

outputting timing statistics to file "oled_timing_statistics_008.csv"...

Elapsed run time = 114.4532 s
