Using MPI version 3.1, 40 processes
-----------
Initializing structure...
Splitting into 40 chunks evenly
time for choose_chunkdivision = 0.0304845 s
Working in 3D dimensions.
Computational cell is 11 x 11 x 2.4 with resolution 55
     block, center = (0,0,0.55)
          size (1e+20,1e+20,1.3)
          axes (1,0,0), (0,1,0), (0,0,1)
          dielectric constant epsilon diagonal = (2.25,2.25,2.25)
     block, center = (0,0,-0.3)
          size (1e+20,1e+20,0.4)
          axes (1,0,0), (0,1,0), (0,0,1)
          dielectric constant epsilon diagonal = (3.0625,3.0625,3.0625)
     block, center = (0,0,-0.6)
          size (1e+20,1e+20,0.2)
          axes (1,0,0), (0,1,0), (0,0,1)
          dielectric constant epsilon diagonal = (1,1,1)
time for set_epsilon = 0.986803 s
time for set_conductivity = 0.0984119 s
time for set_conductivity = 0.0919555 s
time for set_conductivity = 0.0934179 s
time for set_conductivity = 0.0934148 s
time for set_conductivity = 0.0933837 s
time for set_conductivity = 0.0936728 s
lorentzian susceptibility: frequency=2.80116, gamma=2.72777
lorentzian susceptibility: frequency=1.45825, gamma=1.08966
lorentzian susceptibility: frequency=1.24532, gamma=0.251645
lorentzian susceptibility: frequency=0.130662, gamma=0.268583
drude susceptibility: frequency=1e-10, gamma=0.0379081
-----------
on time step 1 (time=0.00909091), 93.251 s/step
on time step 12 (time=0.109091), 0.367022 s/step
on time step 23 (time=0.209091), 0.366477 s/step
on time step 34 (time=0.309091), 0.365377 s/step
on time step 45 (time=0.409091), 0.366533 s/step
on time step 56 (time=0.509091), 0.366271 s/step
on time step 67 (time=0.609091), 0.365376 s/step
on time step 78 (time=0.709091), 0.366226 s/step
on time step 89 (time=0.809091), 0.365287 s/step
on time step 100 (time=0.909091), 0.366603 s/step

Field time usage:
            time stepping: 31.0907 s +/- 0.816965 s
            communicating: 5.51741 s +/- 0.816185 s
     Fourier transforming: 0.000498421 s +/- 0.000221074 s
          everything else: 0.00669986 s +/- 0.0008092 s


Field time usage for all processes:
        connecting chunks: 0, 0, 0, 0, 0, 0, 0, 0, 0, 0, 0, 0, 0, 0, 0, 0, 0, 0, 0, 0, 0, 0, 0, 0, 0, 0, 0, 0, 0, 0, 0, 0, 0, 0, 0, 0, 0, 0, 0, 0
            time stepping: 31.411, 31.7046, 31.6757, 31.7996, 30.2535, 31.3625, 31.6627, 29.9303, 30.0871, 30.2243, 31.4319, 31.67, 29.8602, 30.0898, 30.2216, 31.7607, 32.008, 31.6998, 30.2545, 31.9847, 31.5317, 31.6999, 29.971, 30.1392, 30.2726, 31.7365, 31.7348, 31.7623, 30.2247, 31.9927, 29.9643, 30.2227, 30.044, 31.6948, 31.893, 30.1876, 31.8271, 31.74, 31.9328, 31.963
          copying borders: 0, 0, 0, 0, 0, 0, 0, 0, 0, 0, 0, 0, 0, 0, 0, 0, 0, 0, 0, 0, 0, 0, 0, 0, 0, 0, 0, 0, 0, 0, 0, 0, 0, 0, 0, 0, 0, 0, 0, 0
            communicating: 5.19764, 4.90407, 4.93217, 4.80932, 6.35477, 5.24738, 4.94541, 6.67655, 6.52008, 6.38365, 5.17716, 4.93938, 6.74675, 6.51772, 6.38602, 4.84805, 4.60081, 4.90882, 6.35205, 4.62459, 5.07744, 4.90847, 6.63515, 6.46784, 6.33541, 4.87259, 4.87481, 4.84534, 6.38276, 4.61669, 6.64187, 6.38464, 6.5623, 4.91353, 4.71449, 6.41936, 4.78193, 4.86749, 4.6748, 4.6471
        outputting fields: 0, 0, 0, 0, 0, 0, 0, 0, 0, 0, 0, 0, 0, 0, 0, 0, 0, 0, 0, 0, 0, 0, 0, 0, 0, 0, 0, 0, 0, 0, 0, 0, 0, 0, 0, 0, 0, 0, 0, 0
     Fourier transforming: 0.00010885, 0.000160592, 0.000202909, 0.000161858, 0.00023381, 0.000189645, 0.000262653, 0.000316029, 0.000352261, 0.000357176, 0.000294077, 0.000308436, 0.000437632, 0.000465448, 0.000472096, 0.000391034, 0.000386206, 0.000386569, 0.00056231, 0.00039774, 0.000422261, 0.000531753, 0.000710864, 0.000709345, 0.000658672, 0.000521832, 0.000517848, 0.000545479, 0.000749736, 0.000539843, 0.000783063, 0.000800103, 0.000951915, 0.000667411, 0.000679841, 0.000914217, 0.000554309, 0.000816545, 0.000796881, 0.000617577
                      MPB: 0, 0, 0, 0, 0, 0, 0, 0, 0, 0, 0, 0, 0, 0, 0, 0, 0, 0, 0, 0, 0, 0, 0, 0, 0, 0, 0, 0, 0, 0, 0, 0, 0, 0, 0, 0, 0, 0, 0, 0
        getting farfields: 0, 0, 0, 0, 0, 0, 0, 0, 0, 0, 0, 0, 0, 0, 0, 0, 0, 0, 0, 0, 0, 0, 0, 0, 0, 0, 0, 0, 0, 0, 0, 0, 0, 0, 0, 0, 0, 0, 0, 0
          everything else: 0.00658541, 0.00611319, 0.00679212, 0.00596804, 0.00666396, 0.00505491, 0.00675115, 0.00774829, 0.00772516, 0.00702152, 0.0059018, 0.00521102, 0.0077132, 0.00713781, 0.00680333, 0.00564488, 0.00668152, 0.00651922, 0.00789127, 0.0066292, 0.0056784, 0.00611676, 0.00811102, 0.00690861, 0.00687204, 0.00561482, 0.00576395, 0.00729966, 0.00683181, 0.00617934, 0.00802856, 0.00661395, 0.00821712, 0.00646884, 0.00683223, 0.00727943, 0.00549309, 0.00761653, 0.00696201, 0.00654914

outputting timing statistics to file "oled_timing_statistics_040.csv"...

Elapsed run time = 134.1731 s
