Using MPI version 3.1, 24 processes
-----------
Initializing structure...
Splitting into 24 chunks evenly
time for choose_chunkdivision = 0.0174002 s
Working in 3D dimensions.
Computational cell is 11 x 11 x 2.4 with resolution 55
     block, center = (0,0,0.55)
          size (1e+20,1e+20,1.3)
          axes (1,0,0), (0,1,0), (0,0,1)
          dielectric constant epsilon diagonal = (2.25,2.25,2.25)
     block, center = (0,0,-0.3)
          size (1e+20,1e+20,0.4)
          axes (1,0,0), (0,1,0), (0,0,1)
          dielectric constant epsilon diagonal = (3.0625,3.0625,3.0625)
     block, center = (0,0,-0.6)
          size (1e+20,1e+20,0.2)
          axes (1,0,0), (0,1,0), (0,0,1)
          dielectric constant epsilon diagonal = (1,1,1)
time for set_epsilon = 1.57442 s
time for set_conductivity = 0.14784 s
time for set_conductivity = 0.150118 s
time for set_conductivity = 0.151773 s
time for set_conductivity = 0.151676 s
time for set_conductivity = 0.151594 s
time for set_conductivity = 0.151578 s
lorentzian susceptibility: frequency=2.80116, gamma=2.72777
lorentzian susceptibility: frequency=1.45825, gamma=1.08966
lorentzian susceptibility: frequency=1.24532, gamma=0.251645
lorentzian susceptibility: frequency=0.130662, gamma=0.268583
drude susceptibility: frequency=1e-10, gamma=0.0379081
-----------
on time step 1 (time=0.00909091), 58.6081 s/step
on time step 12 (time=0.109091), 0.376408 s/step
on time step 23 (time=0.209091), 0.375243 s/step
on time step 34 (time=0.309091), 0.375212 s/step
on time step 45 (time=0.409091), 0.375192 s/step
on time step 56 (time=0.509091), 0.375125 s/step
on time step 67 (time=0.609091), 0.375224 s/step
on time step 78 (time=0.709091), 0.375093 s/step
on time step 89 (time=0.809091), 0.3752 s/step
on time step 100 (time=0.909091), 0.375023 s/step

Field time usage:
            time stepping: 31.7161 s +/- 0.989245 s
            communicating: 5.80978 s +/- 0.988915 s
     Fourier transforming: 0.000198481 s +/- 9.52979e-05 s
          everything else: 0.00410376 s +/- 0.000453198 s


Field time usage for all processes:
        connecting chunks: 0, 0, 0, 0, 0, 0, 0, 0, 0, 0, 0, 0, 0, 0, 0, 0, 0, 0, 0, 0, 0, 0, 0, 0
            time stepping: 31.9554, 32.2189, 32.1714, 32.6442, 30.5016, 30.4678, 32.3501, 30.4167, 30.4359, 32.0792, 32.3804, 32.4996, 31.9513, 30.5183, 30.5284, 32.2947, 32.5482, 32.3815, 29.9491, 30.2909, 32.6532, 32.9475, 32.3784, 32.6229
          copying borders: 0, 0, 0, 0, 0, 0, 0, 0, 0, 0, 0, 0, 0, 0, 0, 0, 0, 0, 0, 0, 0, 0, 0, 0
            communicating: 5.57076, 5.30783, 5.35441, 4.8817, 7.02422, 7.05761, 5.17606, 7.10851, 7.09035, 5.44746, 5.14566, 5.02674, 5.57525, 7.00661, 6.99654, 5.23094, 4.97729, 5.14373, 7.57569, 7.23459, 4.8737, 4.57774, 5.1472, 4.90403
        outputting fields: 0, 0, 0, 0, 0, 0, 0, 0, 0, 0, 0, 0, 0, 0, 0, 0, 0, 0, 0, 0, 0, 0, 0, 0
     Fourier transforming: 5.67883e-05, 7.97526e-05, 8.09284e-05, 9.44126e-05, 0.00011323, 0.000117813, 0.00012543, 0.000169009, 0.000179558, 0.000126472, 0.000164734, 0.000179799, 0.000147362, 0.000249084, 0.000247119, 0.000206404, 0.000254882, 0.000259669, 0.000340766, 0.000372075, 0.000220234, 0.000401782, 0.000299571, 0.000276678
                      MPB: 0, 0, 0, 0, 0, 0, 0, 0, 0, 0, 0, 0, 0, 0, 0, 0, 0, 0, 0, 0, 0, 0, 0, 0
        getting farfields: 0, 0, 0, 0, 0, 0, 0, 0, 0, 0, 0, 0, 0, 0, 0, 0, 0, 0, 0, 0, 0, 0, 0, 0
          everything else: 0.00431792, 0.00358419, 0.00403372, 0.00433321, 0.00383688, 0.00401566, 0.00414274, 0.00454188, 0.00372354, 0.0035127, 0.003783, 0.00397563, 0.00340237, 0.00461287, 0.00464604, 0.00427118, 0.00392872, 0.00461899, 0.00506647, 0.00407232, 0.00359008, 0.00486272, 0.00408593, 0.00353146

outputting timing statistics to file "oled_timing_statistics_024.csv"...

Elapsed run time = 103.0519 s
