Using MPI version 3.1, 32 processes
-----------
Initializing structure...
Splitting into 32 chunks evenly
time for choose_chunkdivision = 0.0234034 s
Working in 3D dimensions.
Computational cell is 11 x 11 x 2.4 with resolution 55
     block, center = (0,0,0.55)
          size (1e+20,1e+20,1.3)
          axes (1,0,0), (0,1,0), (0,0,1)
          dielectric constant epsilon diagonal = (2.25,2.25,2.25)
     block, center = (0,0,-0.3)
          size (1e+20,1e+20,0.4)
          axes (1,0,0), (0,1,0), (0,0,1)
          dielectric constant epsilon diagonal = (3.0625,3.0625,3.0625)
     block, center = (0,0,-0.6)
          size (1e+20,1e+20,0.2)
          axes (1,0,0), (0,1,0), (0,0,1)
          dielectric constant epsilon diagonal = (1,1,1)
time for set_epsilon = 1.18477 s
time for set_conductivity = 0.112629 s
time for set_conductivity = 0.114174 s
time for set_conductivity = 0.115682 s
time for set_conductivity = 0.11593 s
time for set_conductivity = 0.115865 s
time for set_conductivity = 0.11608 s
lorentzian susceptibility: frequency=2.80116, gamma=2.72777
lorentzian susceptibility: frequency=1.45825, gamma=1.08966
lorentzian susceptibility: frequency=1.24532, gamma=0.251645
lorentzian susceptibility: frequency=0.130662, gamma=0.268583
drude susceptibility: frequency=1e-10, gamma=0.0379081
-----------
on time step 1 (time=0.00909091), 75.8339 s/step
on time step 13 (time=0.118182), 0.362086 s/step
on time step 24 (time=0.218182), 0.373251 s/step
on time step 35 (time=0.318182), 0.393705 s/step
on time step 46 (time=0.418182), 0.393718 s/step
on time step 57 (time=0.518182), 0.393637 s/step
on time step 68 (time=0.618182), 0.393579 s/step
on time step 79 (time=0.718182), 0.393694 s/step
on time step 90 (time=0.818182), 0.393596 s/step

Field time usage:
            time stepping: 31.1046 s +/- 1.06086 s
            communicating: 7.65064 s +/- 1.06051 s
     Fourier transforming: 0.000331491 s +/- 0.000160156 s
          everything else: 0.00527453 s +/- 0.000543243 s


Field time usage for all processes:
        connecting chunks: 0, 0, 0, 0, 0, 0, 0, 0, 0, 0, 0, 0, 0, 0, 0, 0, 0, 0, 0, 0, 0, 0, 0, 0, 0, 0, 0, 0, 0, 0, 0, 0
            time stepping: 31.5715, 31.6168, 33.4451, 30.313, 31.3508, 31.6188, 29.8, 30.1653, 31.4474, 30.2648, 29.8368, 30.1789, 31.9607, 31.7808, 30.1136, 31.9156, 31.2845, 33.663, 29.6274, 30.2841, 31.8447, 31.9008, 29.9965, 31.7267, 29.8528, 30.1908, 30.1072, 31.9351, 29.9983, 31.6471, 31.9343, 31.9732
          copying borders: 0, 0, 0, 0, 0, 0, 0, 0, 0, 0, 0, 0, 0, 0, 0, 0, 0, 0, 0, 0, 0, 0, 0, 0, 0, 0, 0, 0, 0, 0, 0, 0
            communicating: 7.18474, 7.13911, 5.30997, 8.44165, 7.40547, 7.13705, 8.95492, 8.5903, 7.30731, 8.48955, 8.9183, 8.57526, 6.79546, 6.97559, 8.64111, 6.83965, 7.47105, 5.09232, 9.12732, 8.47047, 6.91122, 6.85493, 8.75772, 7.02921, 8.90218, 8.56408, 8.64753, 6.82095, 8.75582, 7.10797, 6.81971, 6.7824
        outputting fields: 0, 0, 0, 0, 0, 0, 0, 0, 0, 0, 0, 0, 0, 0, 0, 0, 0, 0, 0, 0, 0, 0, 0, 0, 0, 0, 0, 0, 0, 0, 0, 0
     Fourier transforming: 8.83476e-05, 9.84024e-05, 0.000126137, 0.000170938, 0.000125173, 0.000127601, 0.000162562, 0.000190318, 0.000198247, 0.000227924, 0.000261014, 0.000288294, 0.00023214, 0.000263058, 0.000384185, 0.00030022, 0.000324469, 0.000455485, 0.000344175, 0.000426966, 0.000409297, 0.00031953, 0.000531661, 0.000332203, 0.000454568, 0.000547439, 0.000632934, 0.00040259, 0.000565443, 0.000465577, 0.000635189, 0.000515629
                      MPB: 0, 0, 0, 0, 0, 0, 0, 0, 0, 0, 0, 0, 0, 0, 0, 0, 0, 0, 0, 0, 0, 0, 0, 0, 0, 0, 0, 0, 0, 0, 0, 0
        getting farfields: 0, 0, 0, 0, 0, 0, 0, 0, 0, 0, 0, 0, 0, 0, 0, 0, 0, 0, 0, 0, 0, 0, 0, 0, 0, 0, 0, 0, 0, 0, 0, 0
          everything else: 0.00553238, 0.0052369, 0.00628005, 0.00558828, 0.00425881, 0.00477389, 0.00516706, 0.00504105, 0.00610756, 0.00602223, 0.00516917, 0.00603319, 0.00437195, 0.00454085, 0.00553123, 0.0054126, 0.00551959, 0.0061021, 0.00535495, 0.00535791, 0.00488772, 0.00471622, 0.00556535, 0.00464089, 0.00534308, 0.0051428, 0.00551778, 0.00439703, 0.00566505, 0.00492435, 0.00579773, 0.00478535

outputting timing statistics to file "oled_timing_statistics_032.csv"...

Elapsed run time = 119.8109 s
