Using MPI version 3.1, 36 processes
-----------
Initializing structure...
Splitting into 36 chunks evenly
time for choose_chunkdivision = 0.027216 s
Working in 3D dimensions.
Computational cell is 11 x 11 x 2.4 with resolution 55
     block, center = (0,0,0.55)
          size (1e+20,1e+20,1.3)
          axes (1,0,0), (0,1,0), (0,0,1)
          dielectric constant epsilon diagonal = (2.25,2.25,2.25)
     block, center = (0,0,-0.3)
          size (1e+20,1e+20,0.4)
          axes (1,0,0), (0,1,0), (0,0,1)
          dielectric constant epsilon diagonal = (3.0625,3.0625,3.0625)
     block, center = (0,0,-0.6)
          size (1e+20,1e+20,0.2)
          axes (1,0,0), (0,1,0), (0,0,1)
          dielectric constant epsilon diagonal = (1,1,1)
time for set_epsilon = 1.07903 s
time for set_conductivity = 0.10106 s
time for set_conductivity = 0.102613 s
time for set_conductivity = 0.103806 s
time for set_conductivity = 0.104158 s
time for set_conductivity = 0.103854 s
time for set_conductivity = 0.104298 s
lorentzian susceptibility: frequency=2.80116, gamma=2.72777
lorentzian susceptibility: frequency=1.45825, gamma=1.08966
lorentzian susceptibility: frequency=1.24532, gamma=0.251645
lorentzian susceptibility: frequency=0.130662, gamma=0.268583
drude susceptibility: frequency=1e-10, gamma=0.0379081
-----------
on time step 1 (time=0.00909091), 84.7293 s/step
on time step 12 (time=0.109091), 0.367715 s/step
on time step 23 (time=0.209091), 0.366682 s/step
on time step 34 (time=0.309091), 0.366643 s/step
on time step 45 (time=0.409091), 0.366643 s/step
on time step 56 (time=0.509091), 0.366656 s/step
on time step 67 (time=0.609091), 0.366706 s/step
on time step 78 (time=0.709091), 0.366691 s/step
on time step 89 (time=0.809091), 0.366608 s/step
on time step 100 (time=0.909091), 0.366742 s/step

Field time usage:
            time stepping: 30.9498 s +/- 0.833837 s
            communicating: 5.72187 s +/- 0.833132 s
     Fourier transforming: 0.000434717 s +/- 0.000193685 s
          everything else: 0.00592214 s +/- 0.000623164 s


Field time usage for all processes:
        connecting chunks: 0, 0, 0, 0, 0, 0, 0, 0, 0, 0, 0, 0, 0, 0, 0, 0, 0, 0, 0, 0, 0, 0, 0, 0, 0, 0, 0, 0, 0, 0, 0, 0, 0, 0, 0, 0
            time stepping: 31.7086, 31.8117, 31.2194, 31.7572, 31.4872, 31.564, 29.6482, 30.2175, 30.1436, 31.158, 30.1074, 29.6743, 29.8869, 31.1751, 31.5982, 31.6183, 30.1737, 31.7433, 31.6747, 30.2096, 29.686, 30.1692, 31.6404, 31.702, 31.4723, 30.2379, 31.9671, 29.5985, 30.1643, 30.1781, 31.5265, 30.1138, 31.6434, 31.7287, 31.8446, 31.9444
          copying borders: 0, 0, 0, 0, 0, 0, 0, 0, 0, 0, 0, 0, 0, 0, 0, 0, 0, 0, 0, 0, 0, 0, 0, 0, 0, 0, 0, 0, 0, 0, 0, 0, 0, 0, 0, 0
            communicating: 4.96417, 4.86063, 5.45258, 4.91509, 5.18578, 5.10881, 7.02313, 6.45378, 6.52765, 5.51463, 6.56367, 6.99571, 6.78461, 5.49826, 5.07393, 5.05334, 6.4965, 4.92784, 4.99762, 6.46102, 6.98475, 6.5009, 5.03224, 4.97087, 5.19938, 6.43329, 4.70379, 7.07198, 6.50722, 6.49272, 5.14693, 6.55653, 5.02974, 4.94211, 4.82772, 4.72855
        outputting fields: 0, 0, 0, 0, 0, 0, 0, 0, 0, 0, 0, 0, 0, 0, 0, 0, 0, 0, 0, 0, 0, 0, 0, 0, 0, 0, 0, 0, 0, 0, 0, 0, 0, 0, 0, 0
     Fourier transforming: 9.69588e-05, 0.00016551, 0.000149982, 0.000182461, 0.000168808, 0.000158248, 0.000252902, 0.000283069, 0.000301705, 0.000266244, 0.000368859, 0.000431159, 0.000372979, 0.000287203, 0.000276316, 0.000415195, 0.000490151, 0.000444085, 0.000369272, 0.000513716, 0.000537479, 0.000568221, 0.000417278, 0.000376552, 0.000553975, 0.00061944, 0.000664168, 0.000632211, 0.00064574, 0.000727746, 0.000528696, 0.000708408, 0.0005192, 0.00085174, 0.000680766, 0.00062337
                      MPB: 0, 0, 0, 0, 0, 0, 0, 0, 0, 0, 0, 0, 0, 0, 0, 0, 0, 0, 0, 0, 0, 0, 0, 0, 0, 0, 0, 0, 0, 0, 0, 0, 0, 0, 0, 0
        getting farfields: 0, 0, 0, 0, 0, 0, 0, 0, 0, 0, 0, 0, 0, 0, 0, 0, 0, 0, 0, 0, 0, 0, 0, 0, 0, 0, 0, 0, 0, 0, 0, 0, 0, 0, 0, 0
          everything else: 0.00620997, 0.00562012, 0.00578582, 0.00558283, 0.00515437, 0.00520532, 0.00634859, 0.0060666, 0.00646662, 0.00554064, 0.00674584, 0.00699935, 0.00592316, 0.00455633, 0.00586641, 0.00567005, 0.00688302, 0.00629488, 0.00543994, 0.00669647, 0.00652474, 0.00674899, 0.00516318, 0.00510341, 0.00572072, 0.00579106, 0.00651151, 0.0064276, 0.00585942, 0.00641927, 0.00527949, 0.0064589, 0.00484729, 0.0064332, 0.00559273, 0.00525908

outputting timing statistics to file "oled_timing_statistics_036.csv"...

Elapsed run time = 126.1314 s
