Using MPI version 3.1, 40 processes
-----------
Initializing structure...
Padding y to even number of grid points.
Halving computational cell along direction y
Splitting into 40 chunks by cost
time for choose_chunkdivision = 0.142315 s
Working in 3D dimensions.
Computational cell is 15.1 x 15.1 x 4.32 with resolution 50
     cylinder, center = (0,0,0)
          radius 6, height 0.22, axis (0, 0, 1)
          dielectric constant epsilon diagonal = (9,9,9)
     cylinder, center = (0,0,0)
          radius 5.5, height 0.22, axis (0, 0, 1)
          dielectric constant epsilon diagonal = (1,1,1)
     cylinder, center = (0,0,0)
          radius 5, height 0.22, axis (0, 0, 1)
          dielectric constant epsilon diagonal = (9,9,9)
     cylinder, center = (0,0,0)
          radius 4.5, height 0.22, axis (0, 0, 1)
          dielectric constant epsilon diagonal = (1,1,1)
     cylinder, center = (0,0,0)
          radius 4, height 0.22, axis (0, 0, 1)
          dielectric constant epsilon diagonal = (9,9,9)
     cylinder, center = (0,0,0)
          radius 3.5, height 0.22, axis (0, 0, 1)
          dielectric constant epsilon diagonal = (1,1,1)
     cylinder, center = (0,0,0)
          radius 3, height 0.22, axis (0, 0, 1)
          dielectric constant epsilon diagonal = (9,9,9)
     cylinder, center = (0,0,0)
          radius 2.5, height 0.22, axis (0, 0, 1)
          dielectric constant epsilon diagonal = (1,1,1)
     cylinder, center = (0,0,0)
          radius 2, height 0.22, axis (0, 0, 1)
          dielectric constant epsilon diagonal = (9,9,9)
     cylinder, center = (0,0,0)
          radius 1.5, height 0.22, axis (0, 0, 1)
          dielectric constant epsilon diagonal = (1,1,1)
     ...(+ 10 objects not shown)...
time for set_epsilon = 1.48173 s
-----------
estimated costs per process: 1429.65, 1433.71, 1427.8, 1440.29, 1427.36, 1442.07, 1437.06, 1439.13, 1387.56, 1444.6, 1416.06, 1449.81, 1428.31, 1445.29, 1428.31, 1445.32, 1416.09, 1416.09, 1416.09, 1449.81, 1428.28, 1445.29, 1428.31, 1445.32, 1419.65, 1456.06, 1419.65, 1456.05, 1427.61, 1454.81, 1438.09, 1448.71, 1440.81, 1440.81, 1440.81, 1440.81, 1442.11, 1442.11, 1444.49, 1444.49
estimated cost mean = 1435.62, stddev = 13.8295
KPOINT: 1.5, 0, 0
    near maximum in trace
    iteration    1: trace = 4.335486378484784 (187.875% change)
    iteration    2: trace = 0.7669565228191598 (139.875% change)
    iteration    3: trace = 0.5651867614992182 (30.2925% change)
    iteration    4: trace = 0.5507721470928725 (2.58336% change)
    iteration    5: trace = 0.5471679101346607 (0.656545% change)
    iteration    6: trace = 0.5466700597752132 (0.0910282% change)
    iteration    7: trace = 0.5465823110426006 (0.0160528% change)
    iteration    8: trace = 0.5465638647564826 (0.0033749% change)
    iteration    9: trace = 0.5465618563258465 (0.000367466% change)
    iteration   10: trace = 0.5465614586955849 (7.27512e-05% change)
    iteration   11: trace = 0.5465614305353659 (5.15225e-06% change)
    iteration   12: trace = 0.5465614263513991 (7.65507e-07% change)
    iteration   13: trace = 0.546561425614442 (1.34835e-07% change)
    iteration   14: trace = 0.5465614255737505 (7.44499e-09% change)
    iteration   15: trace = 0.5465614255733756 (6.85966e-11% change)
MPB solved for frequency_1(1.5,0,0) = 0.739298 after 15 iters
Newton step: group velocity v=0.278892, kmatch=1.16246
    iteration    1: trace = 0.4180305243671231 (3.6785% change)
    iteration    2: trace = 0.4172342811287106 (0.190656% change)
    iteration    3: trace = 0.4170709437522854 (0.0391553% change)
    iteration    4: trace = 0.4170440943880817 (0.00643781% change)
    iteration    5: trace = 0.4170414080062847 (0.00064415% change)
    iteration    6: trace = 0.4170410963669344 (7.47263e-05% change)
    iteration    7: trace = 0.4170410401353271 (1.34835e-05% change)
    iteration    8: trace = 0.4170410374843266 (6.35669e-07% change)
    iteration    9: trace = 0.4170410371208898 (8.71465e-08% change)
    iteration   10: trace = 0.41704103692441 (4.71128e-08% change)
    iteration   11: trace = 0.4170410367656616 (3.80654e-08% change)
    iteration   12: trace = 0.417041036614842 (3.61642e-08% change)
    iteration   13: trace = 0.4170410364556135 (3.81805e-08% change)
    iteration   14: trace = 0.4170410362621628 (4.63865e-08% change)
    iteration   15: trace = 0.4170410361319089 (3.12329e-08% change)
    iteration   16: trace = 0.4170410361132725 (4.46873e-09% change)
    iteration   17: trace = 0.4170410361045531 (2.09077e-09% change)
    iteration   18: trace = 0.4170410360986059 (1.42606e-09% change)
    iteration   19: trace = 0.4170410360938828 (1.13253e-09% change)
    iteration   20: trace = 0.4170410360898175 (9.74797e-10% change)
    iteration   21: trace = 0.4170410360861445 (8.80717e-10% change)
    iteration   22: trace = 0.4170410360827131 (8.22789e-10% change)
    iteration   23: trace = 0.4170410360794308 (7.87063e-10% change)
    switching to approximate line minimization (decrease time by 100%)
    iteration   24: trace = 0.417041036076228 (7.67975e-10% change)
    switching back to exact line minimization
    iteration   25: trace = 0.4170410360730553 (7.60774e-10% change)
    iteration   26: trace = 0.4170410360698643 (7.6514e-10% change)
    iteration   27: trace = 0.4170410360666138 (7.79422e-10% change)
    iteration   28: trace = 0.4170410360632533 (8.05804e-10% change)
    iteration   29: trace = 0.4170410360597253 (8.45949e-10% change)
    iteration   30: trace = 0.4170410360559536 (9.0441e-10% change)
    iteration   31: trace = 0.4170410360518239 (9.90237e-10% change)
    iteration   32: trace = 0.4170410360471529 (1.12002e-09% change)
    iteration   33: trace = 0.4170410360416081 (1.32957e-09% change)
    iteration   34: trace = 0.4170410360344836 (1.70834e-09% change)
    iteration   35: trace = 0.4170410360241638 (2.47454e-09% change)
    iteration   36: trace = 0.4170410360136309 (2.52563e-09% change)
    iteration   37: trace = 0.4170410360095624 (9.75542e-10% change)
    iteration   38: trace = 0.4170410360073328 (5.34638e-10% change)
    iteration   39: trace = 0.4170410360057805 (3.72208e-10% change)
    iteration   40: trace = 0.4170410360045652 (2.91412e-10% change)
    iteration   41: trace = 0.4170410360035474 (2.44052e-10% change)
    iteration   42: trace = 0.4170410360026581 (2.13238e-10% change)
    iteration   43: trace = 0.4170410360018583 (1.91781e-10% change)
    iteration   44: trace = 0.4170410360011226 (1.76407e-10% change)
    iteration   45: trace = 0.4170410360004356 (1.64733e-10% change)
    iteration   46: trace = 0.4170410359997868 (1.55576e-10% change)
    iteration   47: trace = 0.4170410359991667 (1.48694e-10% change)
    iteration   48: trace = 0.4170410359985693 (1.43237e-10% change)
    iteration   49: trace = 0.4170410359979906 (1.38778e-10% change)
    iteration   50: trace = 0.4170410359974256 (1.35476e-10% change)
    iteration   51: trace = 0.4170410359968721 (1.32708e-10% change)
    iteration   52: trace = 0.4170410359963261 (1.30924e-10% change)
    iteration   53: trace = 0.4170410359957861 (1.29487e-10% change)
    iteration   54: trace = 0.4170410359952502 (1.28515e-10% change)
    iteration   55: trace = 0.4170410359947165 (1.27969e-10% change)
    iteration   56: trace = 0.4170410359941811 (1.28382e-10% change)
    iteration   57: trace = 0.4170410359936443 (1.28715e-10% change)
    iteration   58: trace = 0.4170410359931038 (1.29606e-10% change)
    iteration   59: trace = 0.4170410359925575 (1.30991e-10% change)
    iteration   60: trace = 0.4170410359920036 (1.32814e-10% change)
    iteration   61: trace = 0.417041035991439 (1.3537e-10% change)
    iteration   62: trace = 0.4170410359908629 (1.38152e-10% change)
    iteration   63: trace = 0.4170410359902707 (1.41999e-10% change)
    iteration   64: trace = 0.4170410359896594 (1.46578e-10% change)
    iteration   65: trace = 0.4170410359890258 (1.51929e-10% change)
    iteration   66: trace = 0.4170410359883629 (1.58957e-10% change)
    iteration   67: trace = 0.4170410359876662 (1.67063e-10% change)
    iteration   68: trace = 0.4170410359869239 (1.77978e-10% change)
    iteration   69: trace = 0.4170410359861255 (1.91461e-10% change)
    resetting CG direction...
    large trace change predicted (2.58351e-08%)
    iteration   70: trace = 0.4170410358783829 (2.5835e-08% change)
    iteration   71: trace = 0.4170410358547514 (5.66648e-09% change)
    iteration   72: trace = 0.4170410358483656 (1.53121e-09% change)
    iteration   73: trace = 0.4170410358466524 (4.10795e-10% change)
    iteration   74: trace = 0.4170410358461079 (1.30578e-10% change)
    iteration   75: trace = 0.4170410358459071 (4.81316e-11% change)
MPB solved for frequency_1(1.16246,0,0) = 0.645787 after 75 iters
Newton step: group velocity v=0.277641, kmatch=1.16021
    iteration    1: trace = 0.4162330821424861 (0.000240566% change)
    iteration    2: trace = 0.4162330096372657 (1.74194e-05% change)
    iteration    3: trace = 0.4162329979753471 (2.80178e-06% change)
    iteration    4: trace = 0.4162329959934709 (4.76146e-07% change)
    iteration    5: trace = 0.4162329957378429 (6.14146e-08% change)
    iteration    6: trace = 0.4162329957302988 (1.81249e-09% change)
    iteration    7: trace = 0.4162329957272428 (7.34191e-10% change)
    iteration    8: trace = 0.4162329957245826 (6.39114e-10% change)
    iteration    9: trace = 0.4162329957214789 (7.45674e-10% change)
    iteration   10: trace = 0.416232995717203 (1.02727e-09% change)
    iteration   11: trace = 0.4162329957105887 (1.58909e-09% change)
    iteration   12: trace = 0.4162329956995749 (2.64605e-09% change)
    iteration   13: trace = 0.4162329956828961 (4.0071e-09% change)
    iteration   14: trace = 0.416232995680146 (6.60693e-10% change)
    iteration   15: trace = 0.4162329956799332 (5.11324e-11% change)
MPB solved for frequency_1(1.16021,0,0) = 0.645161 after 15 iters
Newton step: group velocity v=0.277707, kmatch=1.16021
    iteration    1: trace = 0.4162330905309554 (5.66804e-12% change)
MPB solved for frequency_1(1.16021,0,0) = 0.645161 after 1 iters
Newton step: group velocity v=0.277707, kmatch=1.16021
Memory usage:  6736514400
Number of pixels:  61562700
on time step 1 (time=0.01), 142.16 s/step

Field time usage:
            time stepping: 0.984332 s +/- 0.124552 s
            communicating: 0.45177 s +/- 0.1249 s
     Fourier transforming: 6.71685e-05 s +/- 3.00693e-05 s
          everything else: 0.00061335 s +/- 7.66569e-05 s


Field time usage for all processes:
        connecting chunks: 0, 0, 0, 0, 0, 0, 0, 0, 0, 0, 0, 0, 0, 0, 0, 0, 0, 0, 0, 0, 0, 0, 0, 0, 0, 0, 0, 0, 0, 0, 0, 0, 0, 0, 0, 0, 0, 0, 0, 0
            time stepping: 0.912963, 1.00385, 0.895764, 0.80934, 1.03032, 1.03844, 0.67874, 0.760478, 1.05167, 0.73107, 0.955053, 0.960955, 1.07354, 1.06122, 1.07677, 1.07, 0.958596, 0.94741, 0.969884, 0.965633, 1.1459, 1.12689, 1.12865, 1.1364, 0.996769, 1.01329, 0.992055, 1.00897, 1.05122, 0.94364, 0.863129, 0.892617, 1.13124, 1.1303, 1.13445, 1.13127, 1.03145, 1.0352, 0.76445, 0.763703
          copying borders: 0, 0, 0, 0, 0, 0, 0, 0, 0, 0, 0, 0, 0, 0, 0, 0, 0, 0, 0, 0, 0, 0, 0, 0, 0, 0, 0, 0, 0, 0, 0, 0, 0, 0, 0, 0, 0, 0, 0, 0
            communicating: 0.52337, 0.431858, 0.540399, 0.627126, 0.406223, 0.39841, 0.758175, 0.676236, 0.384006, 0.70569, 0.481021, 0.47526, 0.362142, 0.374112, 0.359272, 0.365754, 0.477224, 0.488429, 0.466065, 0.470495, 0.288645, 0.308645, 0.307522, 0.299335, 0.43945, 0.422734, 0.443744, 0.427145, 0.384899, 0.493025, 0.573111, 0.544362, 0.304334, 0.305334, 0.301118, 0.304366, 0.405211, 0.401501, 0.672316, 0.672747
        outputting fields: 0, 0, 0, 0, 0, 0, 0, 0, 0, 0, 0, 0, 0, 0, 0, 0, 0, 0, 0, 0, 0, 0, 0, 0, 0, 0, 0, 0, 0, 0, 0, 0, 0, 0, 0, 0, 0, 0, 0, 0
     Fourier transforming: 1.23978e-05, 2.52724e-05, 2.3365e-05, 2.24113e-05, 2.64645e-05, 3.24249e-05, 2.5034e-05, 3.09944e-05, 4.57764e-05, 3.52859e-05, 3.57628e-05, 4.41074e-05, 5.50747e-05, 5.91278e-05, 5.62668e-05, 7.05719e-05, 6.07967e-05, 6.67572e-05, 6.81877e-05, 6.12736e-05, 7.72476e-05, 8.41618e-05, 6.93798e-05, 7.79629e-05, 5.93662e-05, 7.96318e-05, 7.03335e-05, 7.43866e-05, 0.000111341, 9.32217e-05, 0.000115156, 9.01222e-05, 0.000106096, 0.000104427, 0.000109911, 0.000105381, 8.34465e-05, 0.000108242, 0.000103235, 0.000106335
                      MPB: 0, 0, 0, 0, 0, 0, 0, 0, 0, 0, 0, 0, 0, 0, 0, 0, 0, 0, 0, 0, 0, 0, 0, 0, 0, 0, 0, 0, 0, 0, 0, 0, 0, 0, 0, 0, 0, 0, 0, 0
        getting farfields: 0, 0, 0, 0, 0, 0, 0, 0, 0, 0, 0, 0, 0, 0, 0, 0, 0, 0, 0, 0, 0, 0, 0, 0, 0, 0, 0, 0, 0, 0, 0, 0, 0, 0, 0, 0, 0, 0, 0, 0
          everything else: 0.000560284, 0.00069499, 0.000539303, 0.000549793, 0.00055027, 0.000530481, 0.000617504, 0.000536203, 0.000658512, 0.000560522, 0.000595808, 0.000585556, 0.000652313, 0.000779152, 0.000616074, 0.000720978, 0.00062418, 0.000627518, 0.000746727, 0.000564098, 0.000778437, 0.000725985, 0.000576973, 0.00062561, 0.000507832, 0.000576735, 0.000541687, 0.000526428, 0.000721931, 0.000576735, 0.000633717, 0.000461102, 0.000701666, 0.000662088, 0.000643253, 0.000674963, 0.000546455, 0.000584364, 0.000593901, 0.00056386

outputting timing statistics to file "ex_grating_grating_timing_statistics_40_None.csv"...

Elapsed run time = 184.2070 s
