Using MPI version 3.1, 36 processes
-----------
Initializing structure...
Splitting into 36 chunks by cost
time for choose_chunkdivision = 0.00706911 s
Working in 3D dimensions.
Computational cell is 14 x 6.5 x 7 with resolution 50
     block, center = (-6,0,0)
          size (2,1e+20,1e+20)
          axes (1,0,0), (0,1,0), (0,0,1)
          dielectric constant epsilon diagonal = (1.96,1.96,1.96)
     block, center = (0,0,0)
          size (10,1e+20,1e+20)
          axes (1,0,0), (0,1,0), (0,0,1)
          dielectric constant epsilon diagonal = (2.4025,2.71284,2.61034)
time for set_epsilon = 2.39064 s
-----------
estimated costs per process: 1478.55, 1530.2, 1490.9, 1541.29, 1283.34, 1296.79, 1487.55, 1543.75, 1293.34, 1304.8, 1499.98, 1554.94, 1295.21, 1304.46, 1303.55, 1312.87, 1296.66, 1296.66, 1296.84, 1315, 1304.84, 1304.84, 1304.84, 1323.47, 1112.57, 1485.24, 1119.77, 1497.64, 1291.58, 1298.95, 1122.14, 1494.31, 1299.55, 1309.04, 1129.4, 1506.78
estimated cost mean = 1350.88, stddev = 127.589
Memory usage:  6344520000
Number of pixels:  79625000
on time step 1 (time=0.01), 81.612 s/step

Field time usage:
            time stepping: 1.13704 s +/- 0.259769 s
            communicating: 0.644698 s +/- 0.260029 s
     Fourier transforming: 3.72595e-05 s +/- 1.20906e-05 s
          everything else: 0.000513494 s +/- 6.5683e-05 s


Field time usage for all processes:
        connecting chunks: 0, 0, 0, 0, 0, 0, 0, 0, 0, 0, 0, 0, 0, 0, 0, 0, 0, 0, 0, 0, 0, 0, 0, 0, 0, 0, 0, 0, 0, 0, 0, 0, 0, 0, 0, 0
            time stepping: 0.877441, 1.33501, 0.87427, 1.34563, 1.07326, 1.48491, 0.877706, 1.33939, 1.07763, 1.4894, 0.885339, 1.35051, 1.42254, 1.42301, 1.42539, 1.42454, 1.4613, 1.44622, 1.45787, 1.41858, 1.13589, 1.12975, 1.12202, 1.08987, 1.03004, 0.69578, 1.0281, 0.69827, 1.15207, 0.861469, 1.03226, 0.705997, 1.15329, 0.853981, 1.04976, 0.704916
          copying borders: 0, 0, 0, 0, 0, 0, 0, 0, 0, 0, 0, 0, 0, 0, 0, 0, 0, 0, 0, 0, 0, 0, 0, 0, 0, 0, 0, 0, 0, 0, 0, 0, 0, 0, 0, 0
            communicating: 0.904356, 0.445832, 0.907863, 0.435737, 0.709733, 0.298086, 0.904628, 0.441356, 0.70546, 0.293621, 0.896699, 0.430339, 0.358291, 0.357937, 0.355478, 0.356059, 0.321528, 0.335479, 0.324248, 0.36105, 0.64626, 0.65269, 0.660618, 0.689537, 0.751257, 1.08679, 0.753195, 1.08412, 0.630249, 0.921076, 0.747445, 1.07625, 0.629307, 0.928616, 0.730936, 1.07698
        outputting fields: 0, 0, 0, 0, 0, 0, 0, 0, 0, 0, 0, 0, 0, 0, 0, 0, 0, 0, 0, 0, 0, 0, 0, 0, 0, 0, 0, 0, 0, 0, 0, 0, 0, 0, 0, 0
     Fourier transforming: 9.77516e-06, 1.81198e-05, 1.85966e-05, 2.69413e-05, 1.90735e-05, 2.16961e-05, 2.7895e-05, 2.76566e-05, 1.93119e-05, 2.69413e-05, 2.81334e-05, 3.40939e-05, 3.8147e-05, 3.38554e-05, 3.74317e-05, 4.19617e-05, 3.55244e-05, 3.55244e-05, 3.93391e-05, 4.52995e-05, 4.12464e-05, 4.17233e-05, 3.93391e-05, 4.33922e-05, 3.95775e-05, 4.07696e-05, 4.74453e-05, 4.79221e-05, 4.62532e-05, 5.36442e-05, 5.03063e-05, 4.8399e-05, 5.36442e-05, 4.98295e-05, 5.126e-05, 6.12736e-05
                      MPB: 0, 0, 0, 0, 0, 0, 0, 0, 0, 0, 0, 0, 0, 0, 0, 0, 0, 0, 0, 0, 0, 0, 0, 0, 0, 0, 0, 0, 0, 0, 0, 0, 0, 0, 0, 0
        getting farfields: 0, 0, 0, 0, 0, 0, 0, 0, 0, 0, 0, 0, 0, 0, 0, 0, 0, 0, 0, 0, 0, 0, 0, 0, 0, 0, 0, 0, 0, 0, 0, 0, 0, 0, 0, 0
          everything else: 0.000479221, 0.000538588, 0.000515699, 0.000592232, 0.000589609, 0.000442266, 0.000520706, 0.000549793, 0.000458479, 0.000449181, 0.000504255, 0.000528097, 0.000618458, 0.000503302, 0.000623226, 0.000641823, 0.000547886, 0.00048399, 0.00056076, 0.000579357, 0.000600576, 0.00048399, 0.000520706, 0.000498533, 0.000457764, 0.000375986, 0.000435829, 0.000360727, 0.000453949, 0.000556469, 0.000562429, 0.00048399, 0.000462294, 0.000540733, 0.000504494, 0.000460386

outputting timing statistics to file "ex_liq_liq_timing_statistics_36_None.csv"...

Elapsed run time = 85.9115 s
