Using MPI version 3.1, 28 processes
-----------
Initializing structure...
Splitting into 27 chunks by cost
time for choose_chunkdivision = 0.00564504 s
Working in 3D dimensions.
Computational cell is 14 x 6.5 x 7 with resolution 50
     block, center = (-6,0,0)
          size (2,1e+20,1e+20)
          axes (1,0,0), (0,1,0), (0,0,1)
          dielectric constant epsilon diagonal = (1.96,1.96,1.96)
     block, center = (0,0,0)
          size (10,1e+20,1e+20)
          axes (1,0,0), (0,1,0), (0,0,1)
          dielectric constant epsilon diagonal = (2.4025,2.71284,2.61034)
time for set_epsilon = 3.01244 s
-----------
estimated costs per process: 1724.92, 1728.47, 1744.48, 1726.28, 1901.93, 2167.06, 1738.32, 1917.6, 2182.66, 1732.88, 1735.41, 1747.8, 1722.71, 1741.23, 1741.23, 1733.57, 1752.21, 1752.21, 1736.25, 1732.48, 1746.49, 1733.23, 1562.48, 1911.26, 1745.32, 1572.46, 1926.99, 0
estimated cost mean = 1719.93, stddev = 364.022
Memory usage:  6344520000
Number of pixels:  79625000
on time step 1 (time=0.01), 71.9834 s/step

Field time usage:
            time stepping: 1.45487 s +/- 0.604073 s
            communicating: 0.937741 s +/- 0.604646 s
     Fourier transforming: 2.7597e-05 s +/- 1.26534e-05 s
          everything else: 0.000449019 s +/- 0.000100315 s


Field time usage for all processes:
        connecting chunks: 0, 0, 0, 0, 0, 0, 0, 0, 0, 0, 0, 0, 0, 0, 0, 0, 0, 0, 0, 0, 0, 0, 0, 0, 0, 0, 0, 0
            time stepping: 1.56699, 1.57131, 1.57329, 1.82243, 1.23043, 1.92942, 1.81631, 1.23465, 1.93691, 1.93228, 1.93681, 1.94028, 2.00272, 2.01079, 2.00842, 2.01155, 2.02268, 2.01331, 1.94061, 1.30056, 0.581467, 0.779165, 0.837751, 0.540339, 0.793115, 0.856473, 0.546077, 0.000132561
          copying borders: 0, 0, 0, 0, 0, 0, 0, 0, 0, 0, 0, 0, 0, 0, 0, 0, 0, 0, 0, 0, 0, 0, 0, 0, 0, 0, 0, 0
            communicating: 0.824418, 0.820326, 0.818331, 0.570581, 1.16322, 0.463909, 0.577212, 1.15906, 0.456196, 0.457508, 0.452724, 0.449366, 0.39044, 0.382487, 0.384724, 0.381885, 0.37047, 0.379715, 0.449133, 1.09194, 1.81167, 1.61422, 1.55549, 1.85333, 1.60032, 1.53692, 1.84766, 2.39349
        outputting fields: 0, 0, 0, 0, 0, 0, 0, 0, 0, 0, 0, 0, 0, 0, 0, 0, 0, 0, 0, 0, 0, 0, 0, 0, 0, 0, 0, 0
     Fourier transforming: 1.45435e-05, 2.12193e-05, 2.07424e-05, 2.76566e-05, 2.19345e-05, 2.31266e-05, 2.83718e-05, 3.12328e-05, 2.76566e-05, 3.50475e-05, 3.31402e-05, 3.52859e-05, 3.40939e-05, 3.86238e-05, 3.60012e-05, 4.29153e-05, 4.1008e-05, 4.19617e-05, 5.84126e-05, 4.673e-05, 1.4782e-05, 2.00272e-05, 1.0252e-05, 1.83582e-05, 1.69277e-05, 1.23978e-05, 1.78814e-05, 2.38419e-06
                      MPB: 0, 0, 0, 0, 0, 0, 0, 0, 0, 0, 0, 0, 0, 0, 0, 0, 0, 0, 0, 0, 0, 0, 0, 0, 0, 0, 0, 0
        getting farfields: 0, 0, 0, 0, 0, 0, 0, 0, 0, 0, 0, 0, 0, 0, 0, 0, 0, 0, 0, 0, 0, 0, 0, 0, 0, 0, 0, 0
          everything else: 0.000545025, 0.000552177, 0.000499964, 0.000495672, 0.000497341, 0.000473738, 0.000453234, 0.000447512, 0.000504494, 0.000562668, 0.000565767, 0.000511169, 0.000444412, 0.000448704, 0.000415087, 0.000468016, 0.000508547, 0.00041008, 0.000651598, 0.000446796, 0.000479937, 0.000251055, 0.000411749, 0.000254393, 0.000264645, 0.000260592, 0.000411749, 0.000336409

outputting timing statistics to file "ex_liq_liq_timing_statistics_28_None.csv"...

Elapsed run time = 77.5395 s
