Using MPI version 3.1, 32 processes
-----------
Initializing structure...
Splitting into 32 chunks by cost
time for choose_chunkdivision = 0.00577712 s
Working in 3D dimensions.
Computational cell is 14 x 6.5 x 7 with resolution 50
     block, center = (-6,0,0)
          size (2,1e+20,1e+20)
          axes (1,0,0), (0,1,0), (0,0,1)
          dielectric constant epsilon diagonal = (1.96,1.96,1.96)
     block, center = (0,0,0)
          size (10,1e+20,1e+20)
          axes (1,0,0), (0,1,0), (0,0,1)
          dielectric constant epsilon diagonal = (2.4025,2.71284,2.61034)
time for set_epsilon = 2.5371 s
-----------
estimated costs per process: 1450.32, 1466.07, 1462.06, 1476.76, 1452.74, 1463.64, 1463.34, 1475.48, 1458.2, 1472.09, 1467.46, 1481.44, 1458.2, 1472.09, 1467.46, 1481.44, 1458.2, 1467.46, 1458.2, 1467.46, 1458.2, 1467.46, 1458.2, 1467.46, 1462.92, 1467.33, 1467.76, 1485.04, 1462.92, 1467.33, 1471.54, 1481.26
estimated cost mean = 1466.8, stddev = 8.45417
Memory usage:  6344520000
Number of pixels:  79625000
on time step 1 (time=0.01), 81.0977 s/step

Field time usage:
            time stepping: 1.29962 s +/- 0.388468 s
            communicating: 0.81711 s +/- 0.388599 s
     Fourier transforming: 2.92212e-05 s +/- 8.01019e-06 s
          everything else: 0.0004647 s +/- 7.62795e-05 s


Field time usage for all processes:
        connecting chunks: 0, 0, 0, 0, 0, 0, 0, 0, 0, 0, 0, 0, 0, 0, 0, 0, 0, 0, 0, 0, 0, 0, 0, 0, 0, 0, 0, 0, 0, 0, 0, 0
            time stepping: 1.08504, 1.49232, 1.09176, 1.49878, 1.49436, 1.09961, 1.49685, 1.10244, 1.70458, 1.71172, 1.71176, 1.71886, 1.70146, 1.70932, 1.70511, 1.7163, 1.80383, 1.71002, 1.71289, 1.71007, 1.0324, 1.02977, 1.0225, 1.03006, 0.819612, 0.81661, 0.680196, 0.907161, 0.826095, 0.82585, 0.921611, 0.698806
          copying borders: 0, 0, 0, 0, 0, 0, 0, 0, 0, 0, 0, 0, 0, 0, 0, 0, 0, 0, 0, 0, 0, 0, 0, 0, 0, 0, 0, 0, 0, 0, 0, 0
            communicating: 1.0312, 0.625066, 1.02472, 0.618485, 0.622893, 1.01643, 0.620623, 1.01359, 0.411837, 0.404554, 0.404658, 0.397739, 0.415492, 0.407328, 0.411271, 0.399961, 0.312496, 0.406521, 0.403726, 0.406389, 1.08416, 1.08712, 1.0937, 1.08634, 1.29764, 1.30059, 1.43695, 1.21022, 1.29128, 1.2914, 1.1956, 1.41755
        outputting fields: 0, 0, 0, 0, 0, 0, 0, 0, 0, 0, 0, 0, 0, 0, 0, 0, 0, 0, 0, 0, 0, 0, 0, 0, 0, 0, 0, 0, 0, 0, 0, 0
     Fourier transforming: 1.64509e-05, 1.16825e-05, 2.24113e-05, 1.78814e-05, 2.00272e-05, 2.43187e-05, 2.64645e-05, 2.93255e-05, 2.86102e-05, 2.7895e-05, 2.93255e-05, 3.19481e-05, 3.26633e-05, 3.91006e-05, 3.60012e-05, 3.52859e-05, 3.48091e-05, 3.91006e-05, 3.91006e-05, 3.98159e-05, 1.83582e-05, 2.19345e-05, 2.31266e-05, 2.40803e-05, 2.52724e-05, 2.67029e-05, 3.26633e-05, 3.88622e-05, 3.3617e-05, 3.19481e-05, 4.64916e-05, 2.98023e-05
                      MPB: 0, 0, 0, 0, 0, 0, 0, 0, 0, 0, 0, 0, 0, 0, 0, 0, 0, 0, 0, 0, 0, 0, 0, 0, 0, 0, 0, 0, 0, 0, 0, 0
        getting farfields: 0, 0, 0, 0, 0, 0, 0, 0, 0, 0, 0, 0, 0, 0, 0, 0, 0, 0, 0, 0, 0, 0, 0, 0, 0, 0, 0, 0, 0, 0, 0, 0
          everything else: 0.000579357, 0.000407934, 0.000553846, 0.000541449, 0.000450373, 0.000577927, 0.000416756, 0.0005548, 0.00049758, 0.00047946, 0.000452518, 0.000531435, 0.000541925, 0.00048089, 0.000506401, 0.000513315, 0.000521421, 0.000497341, 0.000527143, 0.000496626, 0.000351191, 0.000393629, 0.000347376, 0.000409365, 0.000401974, 0.000421047, 0.000441551, 0.000288725, 0.000319004, 0.00039196, 0.000516176, 0.000459909

outputting timing statistics to file "ex_liq_liq_timing_statistics_32_None.csv"...

Elapsed run time = 85.8852 s
