Using MPI version 3.1, 1 processes
-----------
Initializing structure...
time for choose_chunkdivision = 0.000375509 s
Working in 3D dimensions.
Computational cell is 14 x 6.5 x 7 with resolution 50
     block, center = (-6,0,0)
          size (2,1e+20,1e+20)
          axes (1,0,0), (0,1,0), (0,0,1)
          dielectric constant epsilon diagonal = (1.96,1.96,1.96)
     block, center = (0,0,0)
          size (10,1e+20,1e+20)
          axes (1,0,0), (0,1,0), (0,0,1)
          dielectric constant epsilon diagonal = (2.4025,2.71284,2.61034)
subpixel-averaging is 31.5014% done, 8.69821 s remaining
subpixel-averaging is 62.6984% done, 2.3798 s remaining
subpixel-averaging is 94.1752% done, 0.247413 s remaining
subpixel-averaging is 31.2711% done, 8.79167 s remaining
subpixel-averaging is 62.2398% done, 2.42686 s remaining
subpixel-averaging is 93.3916% done, 0.283051 s remaining
subpixel-averaging is 31.3019% done, 8.77905 s remaining
subpixel-averaging is 62.4743% done, 2.40275 s remaining
subpixel-averaging is 93.8605% done, 0.261659 s remaining
time for set_epsilon = 61.9325 s
-----------
estimated costs per process: 46937.4
estimated cost mean = 46937.4, stddev = 0
Memory usage:  6344520000
Number of pixels:  79625000
on time step 1 (time=0.01), 40.9583 s/step
on time step 3 (time=0.03), 2.09233 s/step
on time step 5 (time=0.05), 2.09091 s/step
on time step 7 (time=0.07), 2.09083 s/step
on time step 9 (time=0.09), 2.0911 s/step

Field time usage:
            time stepping: 19.0595 s
            communicating: 1.85147 s
     Fourier transforming: 8.34465e-06 s
          everything else: 0.000295162 s


Field time usage for all processes:
        connecting chunks: 0
            time stepping: 19.0595
          copying borders: 0
            communicating: 1.85147
        outputting fields: 0
     Fourier transforming: 8.34465e-06
                      MPB: 0
        getting farfields: 0
          everything else: 0.000295162

outputting timing statistics to file "ex_liq_liq_timing_statistics_1_None.csv"...

Elapsed run time = 125.3427 s
