Using MPI version 3.1, 40 processes
-----------
Initializing structure...
Splitting into 40 chunks by cost
time for choose_chunkdivision = 0.00677609 s
Working in 3D dimensions.
Computational cell is 14 x 6.5 x 7 with resolution 50
     block, center = (-6,0,0)
          size (2,1e+20,1e+20)
          axes (1,0,0), (0,1,0), (0,0,1)
          dielectric constant epsilon diagonal = (1.96,1.96,1.96)
     block, center = (0,0,0)
          size (10,1e+20,1e+20)
          axes (1,0,0), (0,1,0), (0,0,1)
          dielectric constant epsilon diagonal = (2.4025,2.71284,2.61034)
time for set_epsilon = 2.10716 s
-----------
estimated costs per process: 1165.41, 1174.64, 1166.85, 1176.34, 1165.41, 1174.64, 1166.85, 1176.34, 1165.64, 1168.32, 1173.25, 1175.53, 1155.76, 1178.2, 1162.89, 1185.89, 1170.26, 1170.26, 1170.27, 1170.27, 1170.26, 1170.26, 1170.27, 1170.27, 1170.26, 1170.26, 1173.92, 1181.38, 1169.09, 1184.43, 1178.92, 1193.46, 1170.26, 1170.26, 1173.92, 1181.38, 1174.13, 1179.39, 1183.08, 1189.3
estimated cost mean = 1173.44, stddev = 7.38517
Memory usage:  6344520000
Number of pixels:  79625000
on time step 1 (time=0.01), 101.29 s/step

Field time usage:
            time stepping: 1.0915 s +/- 0.225308 s
            communicating: 0.510975 s +/- 0.22574 s
     Fourier transforming: 4.00364e-05 s +/- 1.47947e-05 s
          everything else: 0.000519782 s +/- 7.39498e-05 s


Field time usage for all processes:
        connecting chunks: 0, 0, 0, 0, 0, 0, 0, 0, 0, 0, 0, 0, 0, 0, 0, 0, 0, 0, 0, 0, 0, 0, 0, 0, 0, 0, 0, 0, 0, 0, 0, 0, 0, 0, 0, 0, 0, 0, 0, 0
            time stepping: 0.960601, 0.964721, 0.735781, 0.740712, 0.960179, 0.965591, 0.734129, 0.737944, 1.17492, 1.27384, 1.17679, 1.25571, 1.22644, 1.19115, 1.23285, 1.19627, 1.25363, 1.27266, 1.28287, 1.27804, 1.26598, 1.28961, 1.27245, 1.27341, 1.27442, 1.27767, 1.27261, 1.2824, 0.665513, 1.01489, 0.667253, 1.02151, 1.27431, 1.27661, 1.27834, 1.28329, 0.99455, 0.672114, 1.00969, 0.678402
          copying borders: 0, 0, 0, 0, 0, 0, 0, 0, 0, 0, 0, 0, 0, 0, 0, 0, 0, 0, 0, 0, 0, 0, 0, 0, 0, 0, 0, 0, 0, 0, 0, 0, 0, 0, 0, 0, 0, 0, 0, 0
            communicating: 0.6429, 0.638927, 0.867223, 0.862292, 0.643327, 0.638255, 0.868893, 0.864641, 0.423747, 0.328201, 0.422042, 0.347356, 0.375972, 0.407576, 0.369272, 0.402479, 0.348177, 0.330616, 0.320372, 0.324166, 0.335211, 0.312399, 0.330336, 0.329503, 0.327747, 0.325147, 0.330656, 0.320626, 0.937598, 0.588751, 0.935905, 0.582136, 0.328182, 0.326176, 0.324344, 0.319287, 0.60901, 0.930973, 0.593826, 0.924747
        outputting fields: 0, 0, 0, 0, 0, 0, 0, 0, 0, 0, 0, 0, 0, 0, 0, 0, 0, 0, 0, 0, 0, 0, 0, 0, 0, 0, 0, 0, 0, 0, 0, 0, 0, 0, 0, 0, 0, 0, 0, 0
     Fourier transforming: 1.04904e-05, 1.35899e-05, 1.64509e-05, 1.74046e-05, 2.28882e-05, 2.47955e-05, 2.00272e-05, 2.57492e-05, 3.17097e-05, 3.09944e-05, 3.33786e-05, 2.93255e-05, 3.40939e-05, 3.29018e-05, 3.38554e-05, 3.86238e-05, 3.57628e-05, 3.19481e-05, 3.62396e-05, 3.69549e-05, 4.52995e-05, 4.07696e-05, 4.00543e-05, 5.67436e-05, 4.64916e-05, 4.17233e-05, 5.17368e-05, 4.36306e-05, 6.74725e-05, 5.53131e-05, 4.98295e-05, 5.4121e-05, 5.34058e-05, 5.6982e-05, 5.31673e-05, 4.91142e-05, 4.79221e-05, 6.19888e-05, 6.36578e-05, 6.48499e-05
                      MPB: 0, 0, 0, 0, 0, 0, 0, 0, 0, 0, 0, 0, 0, 0, 0, 0, 0, 0, 0, 0, 0, 0, 0, 0, 0, 0, 0, 0, 0, 0, 0, 0, 0, 0, 0, 0, 0, 0, 0, 0
        getting farfields: 0, 0, 0, 0, 0, 0, 0, 0, 0, 0, 0, 0, 0, 0, 0, 0, 0, 0, 0, 0, 0, 0, 0, 0, 0, 0, 0, 0, 0, 0, 0, 0, 0, 0, 0, 0, 0, 0, 0, 0
          everything else: 0.000516653, 0.000446796, 0.000434399, 0.000431538, 0.0005126, 0.000406981, 0.00050807, 0.000435114, 0.000602007, 0.000615835, 0.000581741, 0.000505924, 0.000535011, 0.000621557, 0.000588417, 0.000602961, 0.000611782, 0.000455618, 0.000585318, 0.00055027, 0.000773907, 0.000600338, 0.000533104, 0.000505447, 0.000524282, 0.000530005, 0.000535727, 0.000472546, 0.000478983, 0.000506401, 0.000448704, 0.000391006, 0.000497818, 0.000488997, 0.000567675, 0.000492811, 0.000466585, 0.000503778, 0.000485182, 0.000439405

outputting timing statistics to file "ex_liq_liq_timing_statistics_40_None.csv"...

Elapsed run time = 105.1201 s
