Using MPI version 3.1, 4 processes
-----------
Initializing structure...
Splitting into 4 chunks by cost
time for choose_chunkdivision = 0.000828028 s
Working in 3D dimensions.
Computational cell is 14 x 6.5 x 7 with resolution 50
     block, center = (-6,0,0)
          size (2,1e+20,1e+20)
          axes (1,0,0), (0,1,0), (0,0,1)
          dielectric constant epsilon diagonal = (1.96,1.96,1.96)
     block, center = (0,0,0)
          size (10,1e+20,1e+20)
          axes (1,0,0), (0,1,0), (0,0,1)
          dielectric constant epsilon diagonal = (2.4025,2.71284,2.61034)
time for set_epsilon = 19.6039 s
-----------
estimated costs per process: 11710.4, 11758.4, 11702.6, 11766.1
estimated cost mean = 11734.4, stddev = 32.4808
Memory usage:  6344520000
Number of pixels:  79625000
on time step 1 (time=0.01), 34.11 s/step
on time step 8 (time=0.08), 0.64022 s/step

Field time usage:
            time stepping: 4.89733 s +/- 0.8974 s
            communicating: 1.50517 s +/- 0.8979 s
     Fourier transforming: 8.34465e-06 s +/- 1.36268e-06 s
          everything else: 0.000240207 s +/- 3.91692e-05 s


Field time usage for all processes:
        connecting chunks: 0, 0, 0, 0
            time stepping: 4.13829, 5.69776, 5.65067, 4.10258
          copying borders: 0, 0, 0, 0
            communicating: 2.2638, 0.704416, 0.751298, 2.30118
        outputting fields: 0, 0, 0, 0
     Fourier transforming: 6.91414e-06, 7.62939e-06, 8.82149e-06, 1.00136e-05
                      MPB: 0, 0, 0, 0
        getting farfields: 0, 0, 0, 0
          everything else: 0.000243664, 0.000218868, 0.000204563, 0.000293732

outputting timing statistics to file "ex_liq_liq_timing_statistics_4_None.csv"...

Elapsed run time = 60.6144 s
