Using MPI version 3.1, 24 processes
-----------
Initializing structure...
Splitting into 24 chunks by cost
time for choose_chunkdivision = 0.0047965 s
Working in 3D dimensions.
Computational cell is 14 x 6.5 x 7 with resolution 50
     block, center = (-6,0,0)
          size (2,1e+20,1e+20)
          axes (1,0,0), (0,1,0), (0,0,1)
          dielectric constant epsilon diagonal = (1.96,1.96,1.96)
     block, center = (0,0,0)
          size (10,1e+20,1e+20)
          axes (1,0,0), (0,1,0), (0,0,1)
          dielectric constant epsilon diagonal = (2.4025,2.71284,2.61034)
time for set_epsilon = 3.28907 s
-----------
estimated costs per process: 2109.11, 2478.71, 2126.41, 2496.52, 2109.11, 2478.71, 2126.41, 2496.52, 1944.26, 1958.15, 1956.62, 1970.59, 1944.26, 1958.15, 1956.62, 1970.59, 1782.65, 2119.74, 1793.99, 2137.1, 1782.65, 2119.74, 1793.99, 2137.1
estimated cost mean = 2072.82, stddev = 222.704
Memory usage:  6344520000
Number of pixels:  79625000
on time step 1 (time=0.01), 64.5148 s/step

Field time usage:
            time stepping: 1.742 s +/- 0.579027 s
            communicating: 0.82922 s +/- 0.579602 s
     Fourier transforming: 2.58783e-05 s +/- 1.04399e-05 s
          everything else: 0.000445326 s +/- 6.52687e-05 s


Field time usage for all processes:
        connecting chunks: 0, 0, 0, 0, 0, 0, 0, 0, 0, 0, 0, 0, 0, 0, 0, 0, 0, 0, 0, 0, 0, 0, 0, 0
            time stepping: 1.42376, 2.14823, 1.42772, 2.14617, 1.42415, 2.14769, 1.42617, 2.14766, 2.1882, 2.19911, 2.20108, 2.19893, 2.19062, 2.19004, 2.19797, 2.20042, 2.14668, 1.39675, 2.17929, 1.41197, 0.87793, 0.535277, 0.863071, 0.539146
          copying borders: 0, 0, 0, 0, 0, 0, 0, 0, 0, 0, 0, 0, 0, 0, 0, 0, 0, 0, 0, 0, 0, 0, 0, 0
            communicating: 1.14772, 0.422669, 1.14384, 0.425109, 1.14746, 0.423268, 1.14526, 0.423187, 0.38256, 0.371271, 0.369822, 0.371468, 0.380146, 0.380767, 0.372955, 0.370356, 0.424061, 1.17574, 0.390483, 1.16031, 1.69414, 2.03667, 1.70911, 2.03291
        outputting fields: 0, 0, 0, 0, 0, 0, 0, 0, 0, 0, 0, 0, 0, 0, 0, 0, 0, 0, 0, 0, 0, 0, 0, 0
     Fourier transforming: 9.53674e-06, 1.54972e-05, 1.45435e-05, 2.12193e-05, 1.7643e-05, 2.24113e-05, 1.81198e-05, 2.59876e-05, 3.02792e-05, 3.09944e-05, 3.50475e-05, 3.29018e-05, 3.17097e-05, 4.02927e-05, 4.07696e-05, 3.8147e-05, 3.55244e-05, 3.21865e-05, 3.86238e-05, 3.6478e-05, 1.26362e-05, 1.40667e-05, 1.14441e-05, 1.50204e-05
                      MPB: 0, 0, 0, 0, 0, 0, 0, 0, 0, 0, 0, 0, 0, 0, 0, 0, 0, 0, 0, 0, 0, 0, 0, 0
        getting farfields: 0, 0, 0, 0, 0, 0, 0, 0, 0, 0, 0, 0, 0, 0, 0, 0, 0, 0, 0, 0, 0, 0, 0, 0
          everything else: 0.00033927, 0.000450134, 0.000338078, 0.00047636, 0.000404358, 0.000486851, 0.000339985, 0.000477552, 0.000454903, 0.000533581, 0.000477314, 0.00057888, 0.000531673, 0.000458479, 0.000457764, 0.000516891, 0.000433922, 0.00043726, 0.000457525, 0.000360489, 0.000490904, 0.000400782, 0.000422955, 0.000361919

outputting timing statistics to file "ex_liq_liq_timing_statistics_24_None.csv"...

Elapsed run time = 70.5412 s
