Using MPI version 3.1, 36 processes
-----------
Initializing structure...
Halving computational cell along direction x
Halving computational cell along direction y
Halving computational cell along direction z
Splitting into 36 chunks by cost
time for choose_chunkdivision = 0.125678 s
Working in 3D dimensions.
Computational cell is 21 x 4.5 x 4.21667 with resolution 120
     block, center = (0,0,0)
          size (1e+20,0.5,0.22)
          axes (1,0,0), (0,1,0), (0,0,1)
          dielectric constant epsilon diagonal = (16,16,16)
     cylinder, center = (-10.2854,0,0)
          radius 0.1204, height 1e+20, axis (0, 0, 1)
          dielectric constant epsilon diagonal = (1,1,1)
     cylinder, center = (10.2854,0,0)
          radius 0.1204, height 1e+20, axis (0, 0, 1)
          dielectric constant epsilon diagonal = (1,1,1)
     cylinder, center = (-9.8554,0,0)
          radius 0.1204, height 1e+20, axis (0, 0, 1)
          dielectric constant epsilon diagonal = (1,1,1)
     cylinder, center = (9.8554,0,0)
          radius 0.1204, height 1e+20, axis (0, 0, 1)
          dielectric constant epsilon diagonal = (1,1,1)
     cylinder, center = (-9.4254,0,0)
          radius 0.1204, height 1e+20, axis (0, 0, 1)
          dielectric constant epsilon diagonal = (1,1,1)
     cylinder, center = (9.4254,0,0)
          radius 0.1204, height 1e+20, axis (0, 0, 1)
          dielectric constant epsilon diagonal = (1,1,1)
     cylinder, center = (-8.9954,0,0)
          radius 0.1204, height 1e+20, axis (0, 0, 1)
          dielectric constant epsilon diagonal = (1,1,1)
     cylinder, center = (8.9954,0,0)
          radius 0.1204, height 1e+20, axis (0, 0, 1)
          dielectric constant epsilon diagonal = (1,1,1)
     cylinder, center = (-8.5654,0,0)
          radius 0.1204, height 1e+20, axis (0, 0, 1)
          dielectric constant epsilon diagonal = (1,1,1)
     ...(+ 41 objects not shown)...
time for set_epsilon = 2.65968 s
time for set_conductivity = 0.21381 s
time for set_conductivity = 0.213634 s
time for set_conductivity = 0.212929 s
time for set_conductivity = 0.213525 s
time for set_conductivity = 0.213566 s
time for set_conductivity = 0.213637 s
-----------
estimated costs per process: 1642.57, 1664.25, 1657.25, 1665.73, 1644.56, 1655.71, 1650.13, 1650.13, 1668.05, 1679.36, 1668.05, 1679.36, 1644.55, 1655.71, 1650.13, 1650.13, 1650.55, 1662.05, 1664.9, 1670.16, 1662.26, 1673.84, 1676.71, 1682.01, 1650.55, 1662.05, 1664.9, 1670.16, 1650.55, 1662.05, 1664.9, 1670.16, 1668.05, 1679.36, 1668.05, 1679.36
estimated cost mean = 1662.73, stddev = 11.184
Memory usage:  6202218312
Number of pixels:  86141921
on time step 1 (time=0.00416667), 107.257 s/step

Field time usage:
            time stepping: 1.25096 s +/- 0.326281 s
            communicating: 0.954501 s +/- 0.327 s
     Fourier transforming: 4.05841e-05 s +/- 1.74307e-05 s
          everything else: 0.000525501 s +/- 9.24406e-05 s


Field time usage for all processes:
        connecting chunks: 0, 0, 0, 0, 0, 0, 0, 0, 0, 0, 0, 0, 0, 0, 0, 0, 0, 0, 0, 0, 0, 0, 0, 0, 0, 0, 0, 0, 0, 0, 0, 0, 0, 0, 0, 0
            time stepping: 1.03311, 1.61036, 1.84238, 1.85137, 1.13949, 1.62366, 1.44425, 1.44643, 1.13883, 1.63643, 1.1469, 1.63423, 1.13326, 1.6208, 1.44968, 1.42583, 0.789399, 1.35882, 1.48552, 1.5904, 0.612497, 1.05035, 1.15071, 1.28352, 0.598186, 1.06, 1.16102, 1.29013, 0.612127, 1.06454, 1.16573, 1.2947, 0.868087, 1.26815, 0.868254, 1.28551
          copying borders: 0, 0, 0, 0, 0, 0, 0, 0, 0, 0, 0, 0, 0, 0, 0, 0, 0, 0, 0, 0, 0, 0, 0, 0, 0, 0, 0, 0, 0, 0, 0, 0, 0, 0, 0, 0
            communicating: 1.17402, 0.595762, 0.363023, 0.353508, 1.06741, 0.581313, 0.761478, 0.759047, 1.06794, 0.568362, 1.05931, 0.570614, 1.07379, 0.584218, 0.75605, 0.779157, 1.41775, 0.8466, 0.720812, 0.610325, 1.5946, 1.15518, 1.05539, 0.918872, 1.60864, 1.14549, 1.045, 0.91196, 1.5947, 1.141, 1.04051, 0.90755, 1.33794, 0.936706, 1.3384, 0.919611
        outputting fields: 0, 0, 0, 0, 0, 0, 0, 0, 0, 0, 0, 0, 0, 0, 0, 0, 0, 0, 0, 0, 0, 0, 0, 0, 0, 0, 0, 0, 0, 0, 0, 0, 0, 0, 0, 0
     Fourier transforming: 8.10623e-06, 1.52588e-05, 1.38283e-05, 2.19345e-05, 2.19345e-05, 2.7895e-05, 2.40803e-05, 2.6226e-05, 2.47955e-05, 3.95775e-05, 3.00407e-05, 4.1008e-05, 2.88486e-05, 4.48227e-05, 3.79086e-05, 4.79221e-05, 2.7895e-05, 5.60284e-05, 4.1008e-05, 5.6982e-05, 2.55108e-05, 5.55515e-05, 4.93526e-05, 6.05583e-05, 2.09808e-05, 5.65052e-05, 5.03063e-05, 6.46114e-05, 2.21729e-05, 6.53267e-05, 5.36442e-05, 7.1764e-05, 5.22137e-05, 6.7234e-05, 4.86374e-05, 6.05583e-05
                      MPB: 0, 0, 0, 0, 0, 0, 0, 0, 0, 0, 0, 0, 0, 0, 0, 0, 0, 0, 0, 0, 0, 0, 0, 0, 0, 0, 0, 0, 0, 0, 0, 0, 0, 0, 0, 0
        getting farfields: 0, 0, 0, 0, 0, 0, 0, 0, 0, 0, 0, 0, 0, 0, 0, 0, 0, 0, 0, 0, 0, 0, 0, 0, 0, 0, 0, 0, 0, 0, 0, 0, 0, 0, 0, 0
          everything else: 0.00049758, 0.000617504, 0.000539541, 0.000660419, 0.000509739, 0.000623941, 0.000486135, 0.000491858, 0.000507832, 0.0006423, 0.000507355, 0.00062561, 0.000478268, 0.000631332, 0.00049305, 0.000595808, 0.000516891, 0.000606298, 0.000536442, 0.000837088, 0.00042963, 0.000490427, 0.000485897, 0.000560284, 0.000445127, 0.00047636, 0.000503302, 0.00050211, 0.000334263, 0.000548124, 0.000409126, 0.00047493, 0.000451803, 0.000552893, 0.000359774, 0.000488997

outputting timing statistics to file "ex_nanobeam_nanobeam_timing_statistics_36_None.csv"...

Elapsed run time = 113.6845 s
