Using MPI version 3.1, 2 processes
-----------
Initializing structure...
Halving computational cell along direction x
Halving computational cell along direction y
Halving computational cell along direction z
Splitting into 2 chunks by cost
time for choose_chunkdivision = 0.0174239 s
Working in 3D dimensions.
Computational cell is 21 x 4.5 x 4.21667 with resolution 120
     block, center = (0,0,0)
          size (1e+20,0.5,0.22)
          axes (1,0,0), (0,1,0), (0,0,1)
          dielectric constant epsilon diagonal = (16,16,16)
     cylinder, center = (-10.2854,0,0)
          radius 0.1204, height 1e+20, axis (0, 0, 1)
          dielectric constant epsilon diagonal = (1,1,1)
     cylinder, center = (10.2854,0,0)
          radius 0.1204, height 1e+20, axis (0, 0, 1)
          dielectric constant epsilon diagonal = (1,1,1)
     cylinder, center = (-9.8554,0,0)
          radius 0.1204, height 1e+20, axis (0, 0, 1)
          dielectric constant epsilon diagonal = (1,1,1)
     cylinder, center = (9.8554,0,0)
          radius 0.1204, height 1e+20, axis (0, 0, 1)
          dielectric constant epsilon diagonal = (1,1,1)
     cylinder, center = (-9.4254,0,0)
          radius 0.1204, height 1e+20, axis (0, 0, 1)
          dielectric constant epsilon diagonal = (1,1,1)
     cylinder, center = (9.4254,0,0)
          radius 0.1204, height 1e+20, axis (0, 0, 1)
          dielectric constant epsilon diagonal = (1,1,1)
     cylinder, center = (-8.9954,0,0)
          radius 0.1204, height 1e+20, axis (0, 0, 1)
          dielectric constant epsilon diagonal = (1,1,1)
     cylinder, center = (8.9954,0,0)
          radius 0.1204, height 1e+20, axis (0, 0, 1)
          dielectric constant epsilon diagonal = (1,1,1)
     cylinder, center = (-8.5654,0,0)
          radius 0.1204, height 1e+20, axis (0, 0, 1)
          dielectric constant epsilon diagonal = (1,1,1)
     ...(+ 41 objects not shown)...
time for set_epsilon = 29.26 s
time for set_conductivity = 2.52556 s
time for set_conductivity = 2.52253 s
time for set_conductivity = 2.52342 s
time for set_conductivity = 2.52292 s
time for set_conductivity = 2.52484 s
time for set_conductivity = 2.52438 s
-----------
estimated costs per process: 29920.2, 29938.1
estimated cost mean = 29929.1, stddev = 12.635
Memory usage:  6202218312
Number of pixels:  86141921
on time step 1 (time=0.00416667), 43.9844 s/step
on time step 4 (time=0.0166667), 1.60556 s/step
on time step 7 (time=0.0291667), 1.60502 s/step
on time step 10 (time=0.0416667), 1.60456 s/step

Field time usage:
            time stepping: 12.8991 s +/- 3.11861 s
            communicating: 3.15104 s +/- 3.11867 s
     Fourier transforming: 5.72205e-06 s +/- 3.37175e-07 s
          everything else: 0.000267982 s +/- 2.09048e-05 s


Field time usage for all processes:
        connecting chunks: 0, 0
            time stepping: 15.1043, 10.6939
          copying borders: 0, 0
            communicating: 0.945801, 5.35627
        outputting fields: 0, 0
     Fourier transforming: 5.48363e-06, 5.96046e-06
                      MPB: 0, 0
        getting farfields: 0, 0
          everything else: 0.000282764, 0.000253201

outputting timing statistics to file "ex_nanobeam_nanobeam_timing_statistics_2_None.csv"...

Elapsed run time = 105.3545 s
