Using MPI version 3.1, 12 processes
-----------
Initializing structure...
Splitting into 12 chunks evenly
time for choose_chunkdivision = 0.00770855 s
Working in 3D dimensions.
Computational cell is 11 x 11 x 2.4 with resolution 55
     block, center = (0,0,0.55)
          size (1e+20,1e+20,1.3)
          axes (1,0,0), (0,1,0), (0,0,1)
          dielectric constant epsilon diagonal = (2.25,2.25,2.25)
     block, center = (0,0,-0.3)
          size (1e+20,1e+20,0.4)
          axes (1,0,0), (0,1,0), (0,0,1)
          dielectric constant epsilon diagonal = (3.0625,3.0625,3.0625)
     block, center = (0,0,-0.6)
          size (1e+20,1e+20,0.2)
          axes (1,0,0), (0,1,0), (0,0,1)
          dielectric constant epsilon diagonal = (9,9,9)
time for set_epsilon = 3.00148 s
time for set_conductivity = 0.285634 s
time for set_conductivity = 0.289347 s
time for set_conductivity = 0.2923 s
time for set_conductivity = 0.292099 s
time for set_conductivity = 0.291919 s
time for set_conductivity = 0.292483 s
-----------
Memory usage:  17534061672
Number of pixels:  48315301
on time step 1 (time=0.00909091), 23.8077 s/step

Field time usage:
            time stepping: 1.97134 s +/- 0.141868 s
            communicating: 0.40468 s +/- 0.141829 s
     Fourier transforming: 1.37687e-05 s +/- 3.57285e-06 s
          everything else: 0.000301917 s +/- 2.67238e-05 s


Field time usage for all processes:
        connecting chunks: 0, 0, 0, 0, 0, 0, 0, 0, 0, 0, 0, 0
            time stepping: 2.03186, 2.00039, 1.52232, 1.9897, 2.02154, 2.01955, 1.99969, 2.01156, 2.01079, 2.01521, 2.0223, 2.01116
          copying borders: 0, 0, 0, 0, 0, 0, 0, 0, 0, 0, 0, 0
            communicating: 0.344295, 0.375825, 0.853576, 0.386163, 0.354414, 0.356368, 0.376401, 0.364649, 0.365077, 0.360794, 0.353636, 0.364966
        outputting fields: 0, 0, 0, 0, 0, 0, 0, 0, 0, 0, 0, 0
     Fourier transforming: 7.62939e-06, 8.34465e-06, 1.0252e-05, 1.40667e-05, 1.52588e-05, 1.35899e-05, 1.26362e-05, 1.33514e-05, 1.74046e-05, 1.7643e-05, 1.81198e-05, 1.69277e-05
                      MPB: 0, 0, 0, 0, 0, 0, 0, 0, 0, 0, 0, 0
        getting farfields: 0, 0, 0, 0, 0, 0, 0, 0, 0, 0, 0, 0
          everything else: 0.000331402, 0.000284195, 0.00033927, 0.000287533, 0.000293255, 0.000271797, 0.000287533, 0.00029397, 0.000281811, 0.000346184, 0.000329971, 0.000276089

outputting timing statistics to file "ex_oled_oled_timing_statistics_12_None.csv"...

Elapsed run time = 31.0599 s
