Using MPI version 3.1, 36 processes
-----------
Initializing structure...
Splitting into 36 chunks evenly
time for choose_chunkdivision = 0.0272875 s
Working in 3D dimensions.
Computational cell is 11 x 11 x 2.4 with resolution 55
     block, center = (0,0,0.55)
          size (1e+20,1e+20,1.3)
          axes (1,0,0), (0,1,0), (0,0,1)
          dielectric constant epsilon diagonal = (2.25,2.25,2.25)
     block, center = (0,0,-0.3)
          size (1e+20,1e+20,0.4)
          axes (1,0,0), (0,1,0), (0,0,1)
          dielectric constant epsilon diagonal = (3.0625,3.0625,3.0625)
     block, center = (0,0,-0.6)
          size (1e+20,1e+20,0.2)
          axes (1,0,0), (0,1,0), (0,0,1)
          dielectric constant epsilon diagonal = (9,9,9)
time for set_epsilon = 1.0284 s
time for set_conductivity = 0.10856 s
time for set_conductivity = 0.101638 s
time for set_conductivity = 0.102763 s
time for set_conductivity = 0.102967 s
time for set_conductivity = 0.102523 s
time for set_conductivity = 0.10309 s
-----------
Memory usage:  17534061672
Number of pixels:  48315301
on time step 1 (time=0.00909091), 59.2291 s/step

Field time usage:
            time stepping: 0.857012 s +/- 0.129485 s
            communicating: 0.396129 s +/- 0.129437 s
     Fourier transforming: 3.44051e-05 s +/- 1.10094e-05 s
          everything else: 0.000546594 s +/- 6.90912e-05 s


Field time usage for all processes:
        connecting chunks: 0, 0, 0, 0, 0, 0, 0, 0, 0, 0, 0, 0, 0, 0, 0, 0, 0, 0, 0, 0, 0, 0, 0, 0, 0, 0, 0, 0, 0, 0, 0, 0, 0, 0, 0, 0
            time stepping: 1.01779, 1.0169, 1.01572, 1.02084, 1.01474, 1.01258, 0.830446, 0.832394, 0.834769, 1.01325, 0.834028, 0.822069, 0.83207, 1.01611, 1.02216, 1.01321, 0.852544, 1.02428, 1.01341, 0.833275, 0.663478, 0.662094, 0.799399, 0.809983, 0.806167, 0.669948, 0.822335, 0.655205, 0.664868, 0.666762, 0.813264, 0.671918, 0.816092, 0.816249, 0.819045, 0.823042
          copying borders: 0, 0, 0, 0, 0, 0, 0, 0, 0, 0, 0, 0, 0, 0, 0, 0, 0, 0, 0, 0, 0, 0, 0, 0, 0, 0, 0, 0, 0, 0, 0, 0, 0, 0, 0, 0
            communicating: 0.235416, 0.236223, 0.237376, 0.232371, 0.23838, 0.240461, 0.422303, 0.420727, 0.4182, 0.240023, 0.418904, 0.430896, 0.420727, 0.237161, 0.231287, 0.240044, 0.400554, 0.229161, 0.239788, 0.419583, 0.589466, 0.59097, 0.453784, 0.44336, 0.446777, 0.583467, 0.43107, 0.597857, 0.588145, 0.586376, 0.440035, 0.581187, 0.437094, 0.436817, 0.434361, 0.430277
        outputting fields: 0, 0, 0, 0, 0, 0, 0, 0, 0, 0, 0, 0, 0, 0, 0, 0, 0, 0, 0, 0, 0, 0, 0, 0, 0, 0, 0, 0, 0, 0, 0, 0, 0, 0, 0, 0
     Fourier transforming: 1.33514e-05, 1.62125e-05, 1.54972e-05, 1.5974e-05, 2.00272e-05, 2.26498e-05, 2.71797e-05, 2.3365e-05, 3.05176e-05, 2.16961e-05, 3.24249e-05, 3.31402e-05, 3.45707e-05, 2.76566e-05, 2.83718e-05, 3.67165e-05, 4.31538e-05, 4.07696e-05, 3.48091e-05, 4.93526e-05, 3.79086e-05, 3.95775e-05, 3.83854e-05, 3.00407e-05, 4.31538e-05, 2.95639e-05, 4.14848e-05, 4.26769e-05, 4.64916e-05, 5.126e-05, 4.26769e-05, 4.02927e-05, 4.64916e-05, 4.41074e-05, 3.91006e-05, 5.79357e-05
                      MPB: 0, 0, 0, 0, 0, 0, 0, 0, 0, 0, 0, 0, 0, 0, 0, 0, 0, 0, 0, 0, 0, 0, 0, 0, 0, 0, 0, 0, 0, 0, 0, 0, 0, 0, 0, 0
        getting farfields: 0, 0, 0, 0, 0, 0, 0, 0, 0, 0, 0, 0, 0, 0, 0, 0, 0, 0, 0, 0, 0, 0, 0, 0, 0, 0, 0, 0, 0, 0, 0, 0, 0, 0, 0, 0
          everything else: 0.000624895, 0.000555038, 0.000627995, 0.000526428, 0.000600338, 0.000573874, 0.000668049, 0.000564337, 0.000656128, 0.000457287, 0.000637054, 0.00056982, 0.00065279, 0.000547409, 0.000524282, 0.000557184, 0.000643253, 0.000562906, 0.000557184, 0.000622988, 0.000610352, 0.000529766, 0.000498772, 0.000478268, 0.000545263, 0.000400305, 0.000508308, 0.000529528, 0.000523567, 0.000528812, 0.000457048, 0.000439882, 0.000474691, 0.000466585, 0.000437021, 0.000519991

outputting timing statistics to file "ex_oled_oled_timing_statistics_36_None.csv"...

Elapsed run time = 62.2933 s
