Using MPI version 3.1, 2 processes
-----------
Initializing structure...
Splitting into 2 chunks evenly
time for choose_chunkdivision = 0.00054574 s
Working in 3D dimensions.
Computational cell is 11 x 11 x 2.4 with resolution 55
     block, center = (0,0,0.55)
          size (1e+20,1e+20,1.3)
          axes (1,0,0), (0,1,0), (0,0,1)
          dielectric constant epsilon diagonal = (2.25,2.25,2.25)
     block, center = (0,0,-0.3)
          size (1e+20,1e+20,0.4)
          axes (1,0,0), (0,1,0), (0,0,1)
          dielectric constant epsilon diagonal = (3.0625,3.0625,3.0625)
     block, center = (0,0,-0.6)
          size (1e+20,1e+20,0.2)
          axes (1,0,0), (0,1,0), (0,0,1)
          dielectric constant epsilon diagonal = (9,9,9)
time for set_epsilon = 17.877 s
time for set_conductivity = 1.68511 s
time for set_conductivity = 1.68864 s
time for set_conductivity = 1.68175 s
time for set_conductivity = 1.68961 s
time for set_conductivity = 1.68165 s
time for set_conductivity = 1.68556 s
-----------
Memory usage:  17534061672
Number of pixels:  48315301
on time step 1 (time=0.00909091), 19.9223 s/step
on time step 5 (time=0.0454545), 1.08229 s/step
on time step 9 (time=0.0818182), 1.08263 s/step

Field time usage:
            time stepping: 8.78004 s +/- 1.35883 s
            communicating: 2.04476 s +/- 1.3587 s
     Fourier transforming: 5.36442e-06 s +/- 1.68587e-07 s
          everything else: 0.000258207 s +/- 4.65301e-05 s


Field time usage for all processes:
        connecting chunks: 0, 0
            time stepping: 7.81921, 9.74088
          copying borders: 0, 0
            communicating: 3.00551, 1.08402
        outputting fields: 0, 0
     Fourier transforming: 5.24521e-06, 5.48363e-06
                      MPB: 0, 0
        getting farfields: 0, 0
          everything else: 0.000225306, 0.000291109

outputting timing statistics to file "ex_oled_oled_timing_statistics_2_None.csv"...

Elapsed run time = 59.2226 s
