Using MPI version 3.1, 16 processes
-----------
Initializing structure...
Splitting into 16 chunks evenly
time for choose_chunkdivision = 0.0108416 s
Working in 3D dimensions.
Computational cell is 11 x 11 x 2.4 with resolution 55
     block, center = (0,0,0.55)
          size (1e+20,1e+20,1.3)
          axes (1,0,0), (0,1,0), (0,0,1)
          dielectric constant epsilon diagonal = (2.25,2.25,2.25)
     block, center = (0,0,-0.3)
          size (1e+20,1e+20,0.4)
          axes (1,0,0), (0,1,0), (0,0,1)
          dielectric constant epsilon diagonal = (3.0625,3.0625,3.0625)
     block, center = (0,0,-0.6)
          size (1e+20,1e+20,0.2)
          axes (1,0,0), (0,1,0), (0,0,1)
          dielectric constant epsilon diagonal = (9,9,9)
time for set_epsilon = 2.26627 s
time for set_conductivity = 0.21498 s
time for set_conductivity = 0.218328 s
time for set_conductivity = 0.220653 s
time for set_conductivity = 0.219995 s
time for set_conductivity = 0.219988 s
time for set_conductivity = 0.220338 s
-----------
Memory usage:  17534061672
Number of pixels:  48315301
on time step 1 (time=0.00909091), 26.9715 s/step

Field time usage:
            time stepping: 1.79079 s +/- 0.178223 s
            communicating: 0.438239 s +/- 0.178198 s
     Fourier transforming: 2.0951e-05 s +/- 7.44277e-06 s
          everything else: 0.000356495 s +/- 5.4158e-05 s


Field time usage for all processes:
        connecting chunks: 0, 0, 0, 0, 0, 0, 0, 0, 0, 0, 0, 0, 0, 0, 0, 0
            time stepping: 1.89362, 1.88771, 1.87739, 1.49307, 1.8853, 1.49468, 1.88876, 1.89249, 1.88132, 1.49539, 1.9007, 1.89225, 1.48524, 1.88784, 1.89699, 1.8999
          copying borders: 0, 0, 0, 0, 0, 0, 0, 0, 0, 0, 0, 0, 0, 0, 0, 0
            communicating: 0.335683, 0.34143, 0.351793, 0.735962, 0.34405, 0.734534, 0.340153, 0.33655, 0.34761, 0.73354, 0.32829, 0.336691, 0.743532, 0.340929, 0.331945, 0.329129
        outputting fields: 0, 0, 0, 0, 0, 0, 0, 0, 0, 0, 0, 0, 0, 0, 0, 0
     Fourier transforming: 1.07288e-05, 1.07288e-05, 1.38283e-05, 1.5974e-05, 1.66893e-05, 1.5974e-05, 1.71661e-05, 1.81198e-05, 2.07424e-05, 2.55108e-05, 1.90735e-05, 3.05176e-05, 2.64645e-05, 3.3617e-05, 3.21865e-05, 2.7895e-05
                      MPB: 0, 0, 0, 0, 0, 0, 0, 0, 0, 0, 0, 0, 0, 0, 0, 0
        getting farfields: 0, 0, 0, 0, 0, 0, 0, 0, 0, 0, 0, 0, 0, 0, 0, 0
          everything else: 0.00041008, 0.000343561, 0.000281572, 0.000429392, 0.000380278, 0.00029707, 0.000286341, 0.000358343, 0.000398874, 0.000359297, 0.000290394, 0.00041914, 0.000397444, 0.0004282, 0.000319958, 0.000303984

outputting timing statistics to file "ex_oled_oled_timing_statistics_16_None.csv"...

Elapsed run time = 32.9031 s
