Using MPI version 3.1, 1 processes
-----------
Initializing structure...
time for choose_chunkdivision = 6.17504e-05 s
Working in 3D dimensions.
Computational cell is 11 x 11 x 2.4 with resolution 55
     block, center = (0,0,0.55)
          size (1e+20,1e+20,1.3)
          axes (1,0,0), (0,1,0), (0,0,1)
          dielectric constant epsilon diagonal = (2.25,2.25,2.25)
     block, center = (0,0,-0.3)
          size (1e+20,1e+20,0.4)
          axes (1,0,0), (0,1,0), (0,0,1)
          dielectric constant epsilon diagonal = (3.0625,3.0625,3.0625)
     block, center = (0,0,-0.6)
          size (1e+20,1e+20,0.2)
          axes (1,0,0), (0,1,0), (0,0,1)
          dielectric constant epsilon diagonal = (9,9,9)
subpixel-averaging is 57.1658% done, 2.99735 s remaining
subpixel-averaging is 56.8935% done, 3.03083 s remaining
subpixel-averaging is 55.8732% done, 3.15922 s remaining
time for set_epsilon = 35.6848 s
time for set_conductivity = 3.37255 s
time for set_conductivity = 3.38783 s
time for set_conductivity = 3.36814 s
time for set_conductivity = 3.36767 s
time for set_conductivity = 3.37085 s
time for set_conductivity = 3.37103 s
-----------
Memory usage:  17534061672
Number of pixels:  48315301
on time step 1 (time=0.00909091), 26.4327 s/step
on time step 4 (time=0.0363636), 1.70997 s/step
on time step 7 (time=0.0636364), 1.70855 s/step
on time step 10 (time=0.0909091), 1.70927 s/step

Field time usage:
            time stepping: 15.0678 s
            communicating: 2.02357 s
     Fourier transforming: 7.15256e-06 s
          everything else: 0.000260115 s


Field time usage for all processes:
        connecting chunks: 0
            time stepping: 15.0678
          copying borders: 0
            communicating: 2.02357
        outputting fields: 0
     Fourier transforming: 7.15256e-06
                      MPB: 0
        getting farfields: 0
          everything else: 0.000260115

outputting timing statistics to file "ex_oled_oled_timing_statistics_1_None.csv"...

Elapsed run time = 100.5292 s
