Using MPI version 3.1, 40 processes
-----------
Initializing structure...
Splitting into 40 chunks evenly
time for choose_chunkdivision = 0.0306494 s
Working in 3D dimensions.
Computational cell is 11 x 11 x 2.4 with resolution 55
     block, center = (0,0,0.55)
          size (1e+20,1e+20,1.3)
          axes (1,0,0), (0,1,0), (0,0,1)
          dielectric constant epsilon diagonal = (2.25,2.25,2.25)
     block, center = (0,0,-0.3)
          size (1e+20,1e+20,0.4)
          axes (1,0,0), (0,1,0), (0,0,1)
          dielectric constant epsilon diagonal = (3.0625,3.0625,3.0625)
     block, center = (0,0,-0.6)
          size (1e+20,1e+20,0.2)
          axes (1,0,0), (0,1,0), (0,0,1)
          dielectric constant epsilon diagonal = (9,9,9)
time for set_epsilon = 1.00566 s
time for set_conductivity = 0.0907793 s
time for set_conductivity = 0.0922492 s
time for set_conductivity = 0.0928767 s
time for set_conductivity = 0.0931077 s
time for set_conductivity = 0.0931506 s
time for set_conductivity = 0.09411 s
-----------
Memory usage:  17534061672
Number of pixels:  48315301
on time step 1 (time=0.00909091), 66.2487 s/step

Field time usage:
            time stepping: 0.85128 s +/- 0.0819021 s
            communicating: 0.280405 s +/- 0.0818207 s
     Fourier transforming: 4.88043e-05 s +/- 2.27361e-05 s
          everything else: 0.000600696 s +/- 6.5503e-05 s


Field time usage for all processes:
        connecting chunks: 0, 0, 0, 0, 0, 0, 0, 0, 0, 0, 0, 0, 0, 0, 0, 0, 0, 0, 0, 0, 0, 0, 0, 0, 0, 0, 0, 0, 0, 0, 0, 0, 0, 0, 0, 0, 0, 0, 0, 0
            time stepping: 0.906127, 0.914673, 0.91001, 0.913365, 0.762783, 0.907222, 0.911296, 0.745739, 0.748948, 0.753818, 0.906093, 0.914439, 0.740185, 0.748192, 0.754832, 0.915691, 0.921366, 0.911627, 0.754218, 0.921892, 0.915709, 0.918263, 0.751164, 0.750602, 0.75962, 0.917084, 0.924783, 0.916937, 0.759156, 0.925977, 0.747076, 0.757665, 0.74996, 0.920182, 0.925458, 0.756201, 0.921174, 0.918653, 0.925614, 0.927408
          copying borders: 0, 0, 0, 0, 0, 0, 0, 0, 0, 0, 0, 0, 0, 0, 0, 0, 0, 0, 0, 0, 0, 0, 0, 0, 0, 0, 0, 0, 0, 0, 0, 0, 0, 0, 0, 0, 0, 0, 0, 0
            communicating: 0.225541, 0.217053, 0.221613, 0.218512, 0.368698, 0.224543, 0.22035, 0.385861, 0.382735, 0.377913, 0.225599, 0.217278, 0.391374, 0.383429, 0.376763, 0.216208, 0.210547, 0.220148, 0.377349, 0.210069, 0.215902, 0.213238, 0.380266, 0.380955, 0.371949, 0.214741, 0.206844, 0.214588, 0.372649, 0.205885, 0.384601, 0.373793, 0.381419, 0.211748, 0.206314, 0.375516, 0.210663, 0.212827, 0.206232, 0.204499
        outputting fields: 0, 0, 0, 0, 0, 0, 0, 0, 0, 0, 0, 0, 0, 0, 0, 0, 0, 0, 0, 0, 0, 0, 0, 0, 0, 0, 0, 0, 0, 0, 0, 0, 0, 0, 0, 0, 0, 0, 0, 0
     Fourier transforming: 1.12057e-05, 1.09673e-05, 1.54972e-05, 1.85966e-05, 2.95639e-05, 2.07424e-05, 2.5034e-05, 2.47955e-05, 3.05176e-05, 3.33786e-05, 2.98023e-05, 3.74317e-05, 3.38554e-05, 3.6478e-05, 4.88758e-05, 3.40939e-05, 3.33786e-05, 4.33922e-05, 5.03063e-05, 4.41074e-05, 4.02927e-05, 4.91142e-05, 5.43594e-05, 4.81606e-05, 6.74725e-05, 5.14984e-05, 5.14984e-05, 6.96182e-05, 6.29425e-05, 5.91278e-05, 6.22272e-05, 7.79629e-05, 7.65324e-05, 7.53403e-05, 7.03335e-05, 7.79629e-05, 7.96318e-05, 9.89437e-05, 9.20296e-05, 7.51019e-05
                      MPB: 0, 0, 0, 0, 0, 0, 0, 0, 0, 0, 0, 0, 0, 0, 0, 0, 0, 0, 0, 0, 0, 0, 0, 0, 0, 0, 0, 0, 0, 0, 0, 0, 0, 0, 0, 0, 0, 0, 0, 0
        getting farfields: 0, 0, 0, 0, 0, 0, 0, 0, 0, 0, 0, 0, 0, 0, 0, 0, 0, 0, 0, 0, 0, 0, 0, 0, 0, 0, 0, 0, 0, 0, 0, 0, 0, 0, 0, 0, 0, 0, 0, 0
          everything else: 0.000550508, 0.000519753, 0.000590086, 0.000515699, 0.000754356, 0.000582695, 0.000573635, 0.00060606, 0.000680208, 0.000657082, 0.00059557, 0.00059557, 0.000695229, 0.000588417, 0.000673294, 0.000522852, 0.000481606, 0.000597954, 0.000669956, 0.000555038, 0.000606775, 0.000611782, 0.00063324, 0.000665903, 0.000676394, 0.000484467, 0.000558615, 0.000633955, 0.00051856, 0.000499964, 0.00061059, 0.000669718, 0.000693083, 0.000578403, 0.00060463, 0.000604153, 0.000550032, 0.00067997, 0.000626564, 0.000515461

outputting timing statistics to file "ex_oled_oled_timing_statistics_40_None.csv"...

Elapsed run time = 69.0546 s
