Using MPI version 3.1, 32 processes
-----------
Initializing structure...
Splitting into 32 chunks evenly
time for choose_chunkdivision = 0.0234623 s
Working in 3D dimensions.
Computational cell is 11 x 11 x 2.4 with resolution 55
     block, center = (0,0,0.55)
          size (1e+20,1e+20,1.3)
          axes (1,0,0), (0,1,0), (0,0,1)
          dielectric constant epsilon diagonal = (2.25,2.25,2.25)
     block, center = (0,0,-0.3)
          size (1e+20,1e+20,0.4)
          axes (1,0,0), (0,1,0), (0,0,1)
          dielectric constant epsilon diagonal = (3.0625,3.0625,3.0625)
     block, center = (0,0,-0.6)
          size (1e+20,1e+20,0.2)
          axes (1,0,0), (0,1,0), (0,0,1)
          dielectric constant epsilon diagonal = (9,9,9)
time for set_epsilon = 1.14933 s
time for set_conductivity = 0.111122 s
time for set_conductivity = 0.113024 s
time for set_conductivity = 0.114334 s
time for set_conductivity = 0.114345 s
time for set_conductivity = 0.1143 s
time for set_conductivity = 0.114103 s
-----------
Memory usage:  17534061672
Number of pixels:  48315301
on time step 1 (time=0.00909091), 52.5974 s/step

Field time usage:
            time stepping: 0.901695 s +/- 0.209996 s
            communicating: 0.467202 s +/- 0.209916 s
     Fourier transforming: 2.82228e-05 s +/- 9.98162e-06 s
          everything else: 0.000515968 s +/- 8.14467e-05 s


Field time usage for all processes:
        connecting chunks: 0, 0, 0, 0, 0, 0, 0, 0, 0, 0, 0, 0, 0, 0, 0, 0, 0, 0, 0, 0, 0, 0, 0, 0, 0, 0, 0, 0, 0, 0, 0, 0
            time stepping: 1.13286, 1.14073, 1.12551, 0.941726, 1.12909, 1.13391, 0.928352, 0.936431, 1.13513, 0.944576, 0.93297, 0.940476, 1.13316, 1.13976, 0.940709, 1.13788, 1.13554, 1.13606, 0.941594, 0.94068, 0.714515, 0.721265, 0.575535, 0.724571, 0.569708, 0.576986, 0.574234, 0.707998, 0.587715, 0.724372, 0.726022, 0.724174
          copying borders: 0, 0, 0, 0, 0, 0, 0, 0, 0, 0, 0, 0, 0, 0, 0, 0, 0, 0, 0, 0, 0, 0, 0, 0, 0, 0, 0, 0, 0, 0, 0, 0
            communicating: 0.236371, 0.228256, 0.243436, 0.427133, 0.239793, 0.235121, 0.440526, 0.432478, 0.233952, 0.424346, 0.435915, 0.428335, 0.235545, 0.229534, 0.42775, 0.231209, 0.2334, 0.233037, 0.427188, 0.42812, 0.654061, 0.647563, 0.793306, 0.644275, 0.798944, 0.791624, 0.794411, 0.660913, 0.781363, 0.644696, 0.642833, 0.64502
        outputting fields: 0, 0, 0, 0, 0, 0, 0, 0, 0, 0, 0, 0, 0, 0, 0, 0, 0, 0, 0, 0, 0, 0, 0, 0, 0, 0, 0, 0, 0, 0, 0, 0
     Fourier transforming: 1.12057e-05, 1.23978e-05, 1.33514e-05, 1.88351e-05, 1.64509e-05, 2.02656e-05, 2.38419e-05, 2.45571e-05, 2.00272e-05, 2.64645e-05, 3.17097e-05, 3.40939e-05, 3.60012e-05, 3.02792e-05, 4.05312e-05, 3.74317e-05, 3.02792e-05, 3.88622e-05, 4.43459e-05, 5.62668e-05, 2.26498e-05, 2.57492e-05, 2.00272e-05, 2.74181e-05, 2.09808e-05, 2.76566e-05, 2.67029e-05, 2.45571e-05, 2.93255e-05, 3.3617e-05, 3.74317e-05, 3.98159e-05
                      MPB: 0, 0, 0, 0, 0, 0, 0, 0, 0, 0, 0, 0, 0, 0, 0, 0, 0, 0, 0, 0, 0, 0, 0, 0, 0, 0, 0, 0, 0, 0, 0, 0
        getting farfields: 0, 0, 0, 0, 0, 0, 0, 0, 0, 0, 0, 0, 0, 0, 0, 0, 0, 0, 0, 0, 0, 0, 0, 0, 0, 0, 0, 0, 0, 0, 0, 0
          everything else: 0.000603199, 0.00053215, 0.000429869, 0.000566244, 0.000432014, 0.000516891, 0.000510216, 0.000561953, 0.000507593, 0.000566721, 0.000564575, 0.000586033, 0.000589848, 0.000513792, 0.00065136, 0.000555038, 0.000524044, 0.000534534, 0.000660896, 0.000606298, 0.000522375, 0.000680685, 0.000408411, 0.000418186, 0.000427723, 0.000435591, 0.000417233, 0.000423431, 0.000440598, 0.000400066, 0.000524759, 0.000398636

outputting timing statistics to file "ex_oled_oled_timing_statistics_32_None.csv"...

Elapsed run time = 55.9053 s
