Using MPI version 3.1, 20 processes
-----------
Initializing structure...
Splitting into 20 chunks evenly
time for choose_chunkdivision = 0.01424 s
Working in 3D dimensions.
Computational cell is 11 x 11 x 2.4 with resolution 55
     block, center = (0,0,0.55)
          size (1e+20,1e+20,1.3)
          axes (1,0,0), (0,1,0), (0,0,1)
          dielectric constant epsilon diagonal = (2.25,2.25,2.25)
     block, center = (0,0,-0.3)
          size (1e+20,1e+20,0.4)
          axes (1,0,0), (0,1,0), (0,0,1)
          dielectric constant epsilon diagonal = (3.0625,3.0625,3.0625)
     block, center = (0,0,-0.6)
          size (1e+20,1e+20,0.2)
          axes (1,0,0), (0,1,0), (0,0,1)
          dielectric constant epsilon diagonal = (9,9,9)
time for set_epsilon = 1.83191 s
time for set_conductivity = 0.174994 s
time for set_conductivity = 0.177022 s
time for set_conductivity = 0.179396 s
time for set_conductivity = 0.178948 s
time for set_conductivity = 0.179388 s
time for set_conductivity = 0.178922 s
-----------
Memory usage:  17534061672
Number of pixels:  48315301
on time step 1 (time=0.00909091), 32.2651 s/step

Field time usage:
            time stepping: 1.7949 s +/- 0.176511 s
            communicating: 0.446983 s +/- 0.176435 s
     Fourier transforming: 2.89559e-05 s +/- 1.09903e-05 s
          everything else: 0.000462282 s +/- 6.73101e-05 s


Field time usage for all processes:
        connecting chunks: 0, 0, 0, 0, 0, 0, 0, 0, 0, 0, 0, 0, 0, 0, 0, 0, 0, 0, 0, 0
            time stepping: 1.88535, 1.87559, 1.88863, 1.50074, 1.5051, 1.88844, 1.49332, 1.88464, 1.90087, 1.9, 1.89404, 1.4954, 1.89374, 1.89263, 1.89344, 1.4916, 1.90247, 1.9042, 1.89611, 1.91168
          copying borders: 0, 0, 0, 0, 0, 0, 0, 0, 0, 0, 0, 0, 0, 0, 0, 0, 0, 0, 0, 0
            communicating: 0.356733, 0.366562, 0.353477, 0.740867, 0.736494, 0.353382, 0.748643, 0.35748, 0.340872, 0.341821, 0.348163, 0.746336, 0.348282, 0.34901, 0.348155, 0.75024, 0.339384, 0.337527, 0.345828, 0.330409
        outputting fields: 0, 0, 0, 0, 0, 0, 0, 0, 0, 0, 0, 0, 0, 0, 0, 0, 0, 0, 0, 0
     Fourier transforming: 1.16825e-05, 1.26362e-05, 1.4782e-05, 1.88351e-05, 2.0504e-05, 2.36034e-05, 2.38419e-05, 1.97887e-05, 2.76566e-05, 3.02792e-05, 2.36034e-05, 3.45707e-05, 2.69413e-05, 3.88622e-05, 3.91006e-05, 4.19617e-05, 4.33922e-05, 4.60148e-05, 4.29153e-05, 3.8147e-05
                      MPB: 0, 0, 0, 0, 0, 0, 0, 0, 0, 0, 0, 0, 0, 0, 0, 0, 0, 0, 0, 0
        getting farfields: 0, 0, 0, 0, 0, 0, 0, 0, 0, 0, 0, 0, 0, 0, 0, 0, 0, 0, 0, 0
          everything else: 0.000452518, 0.00039053, 0.000447035, 0.000543833, 0.000486135, 0.000443459, 0.000399351, 0.000430584, 0.000422955, 0.00050807, 0.000386238, 0.000545979, 0.000391245, 0.000536442, 0.000449181, 0.000602722, 0.000411987, 0.00054574, 0.00049305, 0.000358582

outputting timing statistics to file "ex_oled_oled_timing_statistics_20_None.csv"...

Elapsed run time = 37.5336 s
