Using MPI version 3.1, 12 processes
-----------
Initializing structure...
Splitting into 12 chunks by cost
time for choose_chunkdivision = 1.06862 s
Working in 3D dimensions.
Computational cell is 15 x 15 x 6 with resolution 50
     block, center = (0,0,0.4)
          size (1e+20,1e+20,0.6)
          axes (1,0,0), (0,1,0), (0,0,1)
          dielectric constant epsilon diagonal = (9,9,9)
     block, center = (0,0,-0.4)
          size (1e+20,1e+20,0.6)
          axes (1,0,0), (0,1,0), (0,0,1)
          dielectric constant epsilon diagonal = (9,9,9)
     cylinder, center = (-7.23,-7.23,0.45)
          radius 0.1, height 0.5, axis (0, 0, 1)
          dielectric constant epsilon diagonal = (1,1,1)
     cylinder, center = (-7.23,-7.23,-0.35)
          radius 0.25, height 0.5, axis (0, 0, 1)
          dielectric constant epsilon diagonal = (1,1,1)
     cylinder, center = (-7.23,-6.73,0.45)
          radius 0.1, height 0.5, axis (0, 0, 1)
          dielectric constant epsilon diagonal = (1,1,1)
     cylinder, center = (-7.23,-6.73,-0.35)
          radius 0.25, height 0.5, axis (0, 0, 1)
          dielectric constant epsilon diagonal = (1,1,1)
     cylinder, center = (-7.23,-6.23,0.45)
          radius 0.1, height 0.5, axis (0, 0, 1)
          dielectric constant epsilon diagonal = (1,1,1)
     cylinder, center = (-7.23,-6.23,-0.35)
          radius 0.25, height 0.5, axis (0, 0, 1)
          dielectric constant epsilon diagonal = (1,1,1)
     cylinder, center = (-7.23,-5.73,0.45)
          radius 0.1, height 0.5, axis (0, 0, 1)
          dielectric constant epsilon diagonal = (1,1,1)
     cylinder, center = (-7.23,-5.73,-0.35)
          radius 0.25, height 0.5, axis (0, 0, 1)
          dielectric constant epsilon diagonal = (1,1,1)
     ...(+ 1792 objects not shown)...
time for set_epsilon = 12.5987 s
time for set_conductivity = 1.40295 s
time for set_conductivity = 1.40487 s
time for set_conductivity = 1.40759 s
time for set_conductivity = 1.40591 s
time for set_conductivity = 1.40349 s
time for set_conductivity = 1.40158 s
-----------
estimated costs per process: 5554.58, 5554.58, 5554.58, 5554.58, 5554.58, 5554.58, 5554.58, 5554.58, 5554.58, 5554.58, 5554.58, 5554.58
estimated cost mean = 5554.58, stddev = 0
Memory usage:  12150000000
Number of pixels:  168750000
on time step 1 (time=0.01), 34.3244 s/step
on time step 7 (time=0.07), 0.681661 s/step

Field time usage:
            time stepping: 6.44116 s +/- 0.0201114 s
            communicating: 0.372844 s +/- 0.0200418 s
     Fourier transforming: 1.32124e-05 s +/- 4.11129e-06 s
          everything else: 0.000271916 s +/- 3.31109e-05 s


Field time usage for all processes:
        connecting chunks: 0, 0, 0, 0, 0, 0, 0, 0, 0, 0, 0, 0
            time stepping: 6.47473, 6.44298, 6.41803, 6.44164, 6.44387, 6.45984, 6.41132, 6.42157, 6.43133, 6.43995, 6.47315, 6.43549
          copying borders: 0, 0, 0, 0, 0, 0, 0, 0, 0, 0, 0, 0
            communicating: 0.339643, 0.371571, 0.396214, 0.372335, 0.370129, 0.354119, 0.402783, 0.39221, 0.382296, 0.373701, 0.34091, 0.378219
        outputting fields: 0, 0, 0, 0, 0, 0, 0, 0, 0, 0, 0, 0
     Fourier transforming: 7.62939e-06, 6.4373e-06, 7.62939e-06, 1.16825e-05, 1.3113e-05, 1.3113e-05, 1.54972e-05, 1.85966e-05, 1.54972e-05, 1.52588e-05, 1.5974e-05, 1.81198e-05
                      MPB: 0, 0, 0, 0, 0, 0, 0, 0, 0, 0, 0, 0
        getting farfields: 0, 0, 0, 0, 0, 0, 0, 0, 0, 0, 0, 0
          everything else: 0.00033164, 0.000246763, 0.00026989, 0.000267267, 0.000329018, 0.000267267, 0.000296593, 0.000285149, 0.000245094, 0.000254393, 0.000237226, 0.000232697

outputting timing statistics to file "ex_tandem_tandem_timing_statistics_12_None.csv"...

Elapsed run time = 63.8070 s
