Using MPI version 3.1, 40 processes
-----------
Initializing structure...
Splitting into 40 chunks by cost
time for choose_chunkdivision = 3.28835 s
Working in 3D dimensions.
Computational cell is 15 x 15 x 6 with resolution 50
     block, center = (0,0,0.4)
          size (1e+20,1e+20,0.6)
          axes (1,0,0), (0,1,0), (0,0,1)
          dielectric constant epsilon diagonal = (9,9,9)
     block, center = (0,0,-0.4)
          size (1e+20,1e+20,0.6)
          axes (1,0,0), (0,1,0), (0,0,1)
          dielectric constant epsilon diagonal = (9,9,9)
     cylinder, center = (-7.23,-7.23,0.45)
          radius 0.1, height 0.5, axis (0, 0, 1)
          dielectric constant epsilon diagonal = (1,1,1)
     cylinder, center = (-7.23,-7.23,-0.35)
          radius 0.25, height 0.5, axis (0, 0, 1)
          dielectric constant epsilon diagonal = (1,1,1)
     cylinder, center = (-7.23,-6.73,0.45)
          radius 0.1, height 0.5, axis (0, 0, 1)
          dielectric constant epsilon diagonal = (1,1,1)
     cylinder, center = (-7.23,-6.73,-0.35)
          radius 0.25, height 0.5, axis (0, 0, 1)
          dielectric constant epsilon diagonal = (1,1,1)
     cylinder, center = (-7.23,-6.23,0.45)
          radius 0.1, height 0.5, axis (0, 0, 1)
          dielectric constant epsilon diagonal = (1,1,1)
     cylinder, center = (-7.23,-6.23,-0.35)
          radius 0.25, height 0.5, axis (0, 0, 1)
          dielectric constant epsilon diagonal = (1,1,1)
     cylinder, center = (-7.23,-5.73,0.45)
          radius 0.1, height 0.5, axis (0, 0, 1)
          dielectric constant epsilon diagonal = (1,1,1)
     cylinder, center = (-7.23,-5.73,-0.35)
          radius 0.25, height 0.5, axis (0, 0, 1)
          dielectric constant epsilon diagonal = (1,1,1)
     ...(+ 1792 objects not shown)...
time for set_epsilon = 3.73743 s
time for set_conductivity = 0.393114 s
time for set_conductivity = 0.38755 s
time for set_conductivity = 0.400363 s
time for set_conductivity = 0.399813 s
time for set_conductivity = 0.399454 s
time for set_conductivity = 0.397335 s
-----------
estimated costs per process: 1661.93, 1670.82, 1661.93, 1670.82, 1661.93, 1670.82, 1661.93, 1670.82, 1661.93, 1670.82, 1661.93, 1670.82, 1661.93, 1670.82, 1661.93, 1670.82, 1661.93, 1670.82, 1661.93, 1670.82, 1661.93, 1670.82, 1661.93, 1670.82, 1661.93, 1670.82, 1661.93, 1670.82, 1661.93, 1670.82, 1661.93, 1670.82, 1661.93, 1670.82, 1661.93, 1670.82, 1661.93, 1670.82, 1661.93, 1670.82
estimated cost mean = 1666.37, stddev = 4.50027
Memory usage:  12150000000
Number of pixels:  168750000
on time step 1 (time=0.01), 98.9546 s/step

Field time usage:
            time stepping: 3.07117 s +/- 0.0197618 s
            communicating: 0.345183 s +/- 0.0196617 s
     Fourier transforming: 3.77953e-05 s +/- 1.37033e-05 s
          everything else: 0.000542599 s +/- 6.64594e-05 s


Field time usage for all processes:
        connecting chunks: 0, 0, 0, 0, 0, 0, 0, 0, 0, 0, 0, 0, 0, 0, 0, 0, 0, 0, 0, 0, 0, 0, 0, 0, 0, 0, 0, 0, 0, 0, 0, 0, 0, 0, 0, 0, 0, 0, 0, 0
            time stepping: 3.06373, 3.07861, 3.06659, 3.11033, 3.07495, 3.06584, 3.05479, 3.06921, 3.07582, 3.0637, 3.05899, 3.07286, 3.07398, 3.06188, 3.05948, 3.0713, 3.17596, 3.0608, 3.05849, 3.07617, 3.07856, 3.06158, 3.05292, 3.06877, 3.07517, 3.06065, 3.05386, 3.06659, 3.07437, 3.06396, 3.08494, 3.06995, 3.06381, 3.0632, 3.05805, 3.069, 3.07163, 3.06779, 3.07594, 3.07263
          copying borders: 0, 0, 0, 0, 0, 0, 0, 0, 0, 0, 0, 0, 0, 0, 0, 0, 0, 0, 0, 0, 0, 0, 0, 0, 0, 0, 0, 0, 0, 0, 0, 0, 0, 0, 0, 0, 0, 0, 0, 0
            communicating: 0.352543, 0.337725, 0.350587, 0.306508, 0.341053, 0.35016, 0.361734, 0.347363, 0.340079, 0.352426, 0.357533, 0.343832, 0.342219, 0.354244, 0.35698, 0.345267, 0.240788, 0.355262, 0.357568, 0.34022, 0.337738, 0.354321, 0.363613, 0.347588, 0.34092, 0.355289, 0.362463, 0.349758, 0.341753, 0.351964, 0.331736, 0.346341, 0.352195, 0.352656, 0.358361, 0.347283, 0.345174, 0.348934, 0.340883, 0.344251
        outputting fields: 0, 0, 0, 0, 0, 0, 0, 0, 0, 0, 0, 0, 0, 0, 0, 0, 0, 0, 0, 0, 0, 0, 0, 0, 0, 0, 0, 0, 0, 0, 0, 0, 0, 0, 0, 0, 0, 0, 0, 0
     Fourier transforming: 2.6226e-05, 1.23978e-05, 1.5974e-05, 1.40667e-05, 1.95503e-05, 2.16961e-05, 2.31266e-05, 2.45571e-05, 1.97887e-05, 2.43187e-05, 2.67029e-05, 2.76566e-05, 2.59876e-05, 2.59876e-05, 3.17097e-05, 3.43323e-05, 3.52859e-05, 4.12464e-05, 3.57628e-05, 4.1008e-05, 4.17233e-05, 4.36306e-05, 4.00543e-05, 3.8147e-05, 4.36306e-05, 4.52995e-05, 5.45979e-05, 4.50611e-05, 4.45843e-05, 5.03063e-05, 5.48363e-05, 5.14984e-05, 4.86374e-05, 6.10352e-05, 5.8651e-05, 5.38826e-05, 5.57899e-05, 4.64916e-05, 4.88758e-05, 5.76973e-05
                      MPB: 0, 0, 0, 0, 0, 0, 0, 0, 0, 0, 0, 0, 0, 0, 0, 0, 0, 0, 0, 0, 0, 0, 0, 0, 0, 0, 0, 0, 0, 0, 0, 0, 0, 0, 0, 0, 0, 0, 0, 0
        getting farfields: 0, 0, 0, 0, 0, 0, 0, 0, 0, 0, 0, 0, 0, 0, 0, 0, 0, 0, 0, 0, 0, 0, 0, 0, 0, 0, 0, 0, 0, 0, 0, 0, 0, 0, 0, 0, 0, 0, 0, 0
          everything else: 0.000757933, 0.000431061, 0.000507832, 0.000576258, 0.000549078, 0.000587702, 0.000558615, 0.000519991, 0.000542641, 0.000523567, 0.000576973, 0.00050354, 0.000509501, 0.000530005, 0.000533819, 0.000559092, 0.000571251, 0.0006423, 0.00059557, 0.000609636, 0.00061965, 0.00055027, 0.000516176, 0.000501871, 0.000469685, 0.000524044, 0.000604391, 0.000525475, 0.000486135, 0.000585318, 0.000652075, 0.000542879, 0.000461817, 0.000561476, 0.000579596, 0.000536203, 0.000482798, 0.00040102, 0.000411987, 0.000504732

outputting timing statistics to file "ex_tandem_tandem_timing_statistics_40_None.csv"...

Elapsed run time = 112.2199 s
